[2025-04-24T00:26:01.561+0000] {processor.py:161} INFO - Started process (PID=54) to work on /opt/airflow/dags/projeto2_dag.py
[2025-04-24T00:26:01.561+0000] {processor.py:830} INFO - Processing file /opt/airflow/dags/projeto2_dag.py for tasks to queue
[2025-04-24T00:26:01.564+0000] {logging_mixin.py:188} INFO - [2025-04-24T00:26:01.564+0000] {dagbag.py:538} INFO - Filling up the DagBag from /opt/airflow/dags/projeto2_dag.py
[2025-04-24T00:26:03.189+0000] {processor.py:840} INFO - DAG(s) 'projeto2_dag' retrieved from /opt/airflow/dags/projeto2_dag.py
[2025-04-24T00:26:03.877+0000] {logging_mixin.py:188} INFO - [2025-04-24T00:26:03.876+0000] {dag.py:3033} INFO - Sync 1 DAGs
[2025-04-24T00:26:03.919+0000] {logging_mixin.py:188} INFO - [2025-04-24T00:26:03.919+0000] {dag.py:3820} INFO - Setting next_dagrun for projeto2_dag to 2025-04-24T00:26:03.166151+00:00, run_after=2025-04-24T01:26:03.166151+00:00
[2025-04-24T00:26:03.943+0000] {processor.py:183} INFO - Processing /opt/airflow/dags/projeto2_dag.py took 2.403 seconds
[2025-04-24T00:27:45.304+0000] {processor.py:161} INFO - Started process (PID=58) to work on /opt/airflow/dags/projeto2_dag.py
[2025-04-24T00:27:45.311+0000] {processor.py:830} INFO - Processing file /opt/airflow/dags/projeto2_dag.py for tasks to queue
[2025-04-24T00:27:45.316+0000] {logging_mixin.py:188} INFO - [2025-04-24T00:27:45.316+0000] {dagbag.py:538} INFO - Filling up the DagBag from /opt/airflow/dags/projeto2_dag.py
[2025-04-24T00:27:47.071+0000] {processor.py:840} INFO - DAG(s) 'projeto2_dag' retrieved from /opt/airflow/dags/projeto2_dag.py
[2025-04-24T00:27:47.239+0000] {logging_mixin.py:188} INFO - [2025-04-24T00:27:47.238+0000] {dag.py:3033} INFO - Sync 1 DAGs
[2025-04-24T00:27:47.266+0000] {logging_mixin.py:188} INFO - [2025-04-24T00:27:47.266+0000] {dag.py:3820} INFO - Setting next_dagrun for projeto2_dag to 2025-04-24T00:27:47.063574+00:00, run_after=2025-04-24T01:27:47.063574+00:00
[2025-04-24T00:27:47.291+0000] {processor.py:183} INFO - Processing /opt/airflow/dags/projeto2_dag.py took 1.997 seconds
[2025-04-24T00:28:17.693+0000] {processor.py:161} INFO - Started process (PID=69) to work on /opt/airflow/dags/projeto2_dag.py
[2025-04-24T00:28:17.698+0000] {processor.py:830} INFO - Processing file /opt/airflow/dags/projeto2_dag.py for tasks to queue
[2025-04-24T00:28:17.705+0000] {logging_mixin.py:188} INFO - [2025-04-24T00:28:17.705+0000] {dagbag.py:538} INFO - Filling up the DagBag from /opt/airflow/dags/projeto2_dag.py
[2025-04-24T00:28:19.051+0000] {processor.py:840} INFO - DAG(s) 'projeto2_dag' retrieved from /opt/airflow/dags/projeto2_dag.py
[2025-04-24T00:28:19.308+0000] {logging_mixin.py:188} INFO - [2025-04-24T00:28:19.307+0000] {dag.py:3033} INFO - Sync 1 DAGs
[2025-04-24T00:28:19.359+0000] {logging_mixin.py:188} INFO - [2025-04-24T00:28:19.359+0000] {dag.py:3820} INFO - Setting next_dagrun for projeto2_dag to 2025-04-24T00:28:19.041499+00:00, run_after=2025-04-24T01:28:19.041499+00:00
[2025-04-24T00:28:19.402+0000] {processor.py:183} INFO - Processing /opt/airflow/dags/projeto2_dag.py took 1.723 seconds
[2025-04-24T00:28:49.703+0000] {processor.py:161} INFO - Started process (PID=79) to work on /opt/airflow/dags/projeto2_dag.py
[2025-04-24T00:28:49.705+0000] {processor.py:830} INFO - Processing file /opt/airflow/dags/projeto2_dag.py for tasks to queue
[2025-04-24T00:28:49.707+0000] {logging_mixin.py:188} INFO - [2025-04-24T00:28:49.706+0000] {dagbag.py:538} INFO - Filling up the DagBag from /opt/airflow/dags/projeto2_dag.py
[2025-04-24T00:28:50.281+0000] {processor.py:840} INFO - DAG(s) 'projeto2_dag' retrieved from /opt/airflow/dags/projeto2_dag.py
[2025-04-24T00:28:50.424+0000] {logging_mixin.py:188} INFO - [2025-04-24T00:28:50.423+0000] {dag.py:3033} INFO - Sync 1 DAGs
[2025-04-24T00:28:50.462+0000] {logging_mixin.py:188} INFO - [2025-04-24T00:28:50.461+0000] {dag.py:3820} INFO - Setting next_dagrun for projeto2_dag to 2025-04-24T00:28:50.275476+00:00, run_after=2025-04-24T01:28:50.275476+00:00
[2025-04-24T00:28:50.494+0000] {processor.py:183} INFO - Processing /opt/airflow/dags/projeto2_dag.py took 0.795 seconds
[2025-04-24T00:29:21.279+0000] {processor.py:161} INFO - Started process (PID=89) to work on /opt/airflow/dags/projeto2_dag.py
[2025-04-24T00:29:21.285+0000] {processor.py:830} INFO - Processing file /opt/airflow/dags/projeto2_dag.py for tasks to queue
[2025-04-24T00:29:21.287+0000] {logging_mixin.py:188} INFO - [2025-04-24T00:29:21.286+0000] {dagbag.py:538} INFO - Filling up the DagBag from /opt/airflow/dags/projeto2_dag.py
[2025-04-24T00:29:22.111+0000] {processor.py:840} INFO - DAG(s) 'projeto2_dag' retrieved from /opt/airflow/dags/projeto2_dag.py
[2025-04-24T00:29:22.320+0000] {logging_mixin.py:188} INFO - [2025-04-24T00:29:22.318+0000] {dag.py:3033} INFO - Sync 1 DAGs
[2025-04-24T00:29:22.358+0000] {logging_mixin.py:188} INFO - [2025-04-24T00:29:22.358+0000] {dag.py:3820} INFO - Setting next_dagrun for projeto2_dag to 2025-04-24T00:29:22.100911+00:00, run_after=2025-04-24T01:29:22.100911+00:00
[2025-04-24T00:29:22.400+0000] {processor.py:183} INFO - Processing /opt/airflow/dags/projeto2_dag.py took 1.124 seconds
[2025-04-24T00:29:52.881+0000] {processor.py:161} INFO - Started process (PID=99) to work on /opt/airflow/dags/projeto2_dag.py
[2025-04-24T00:29:52.888+0000] {processor.py:830} INFO - Processing file /opt/airflow/dags/projeto2_dag.py for tasks to queue
[2025-04-24T00:29:52.892+0000] {logging_mixin.py:188} INFO - [2025-04-24T00:29:52.891+0000] {dagbag.py:538} INFO - Filling up the DagBag from /opt/airflow/dags/projeto2_dag.py
[2025-04-24T00:29:53.651+0000] {processor.py:840} INFO - DAG(s) 'projeto2_dag' retrieved from /opt/airflow/dags/projeto2_dag.py
[2025-04-24T00:29:53.865+0000] {logging_mixin.py:188} INFO - [2025-04-24T00:29:53.864+0000] {dag.py:3033} INFO - Sync 1 DAGs
[2025-04-24T00:29:53.903+0000] {logging_mixin.py:188} INFO - [2025-04-24T00:29:53.902+0000] {dag.py:3820} INFO - Setting next_dagrun for projeto2_dag to 2025-04-24T00:29:53.640121+00:00, run_after=2025-04-24T01:29:53.640121+00:00
[2025-04-24T00:29:53.952+0000] {processor.py:183} INFO - Processing /opt/airflow/dags/projeto2_dag.py took 1.075 seconds
[2025-04-24T00:30:23.988+0000] {processor.py:161} INFO - Started process (PID=109) to work on /opt/airflow/dags/projeto2_dag.py
[2025-04-24T00:30:23.993+0000] {processor.py:830} INFO - Processing file /opt/airflow/dags/projeto2_dag.py for tasks to queue
[2025-04-24T00:30:23.995+0000] {logging_mixin.py:188} INFO - [2025-04-24T00:30:23.995+0000] {dagbag.py:538} INFO - Filling up the DagBag from /opt/airflow/dags/projeto2_dag.py
[2025-04-24T00:30:24.615+0000] {processor.py:840} INFO - DAG(s) 'projeto2_dag' retrieved from /opt/airflow/dags/projeto2_dag.py
[2025-04-24T00:30:24.759+0000] {logging_mixin.py:188} INFO - [2025-04-24T00:30:24.758+0000] {dag.py:3033} INFO - Sync 1 DAGs
[2025-04-24T00:30:24.785+0000] {logging_mixin.py:188} INFO - [2025-04-24T00:30:24.785+0000] {dag.py:3820} INFO - Setting next_dagrun for projeto2_dag to 2025-04-24T00:30:24.608932+00:00, run_after=2025-04-24T01:30:24.608932+00:00
[2025-04-24T00:30:24.809+0000] {processor.py:183} INFO - Processing /opt/airflow/dags/projeto2_dag.py took 0.825 seconds
[2025-04-24T00:30:55.086+0000] {processor.py:161} INFO - Started process (PID=118) to work on /opt/airflow/dags/projeto2_dag.py
[2025-04-24T00:30:55.088+0000] {processor.py:830} INFO - Processing file /opt/airflow/dags/projeto2_dag.py for tasks to queue
[2025-04-24T00:30:55.090+0000] {logging_mixin.py:188} INFO - [2025-04-24T00:30:55.090+0000] {dagbag.py:538} INFO - Filling up the DagBag from /opt/airflow/dags/projeto2_dag.py
[2025-04-24T00:30:55.760+0000] {processor.py:840} INFO - DAG(s) 'projeto2_dag' retrieved from /opt/airflow/dags/projeto2_dag.py
[2025-04-24T00:30:55.941+0000] {logging_mixin.py:188} INFO - [2025-04-24T00:30:55.940+0000] {dag.py:3033} INFO - Sync 1 DAGs
[2025-04-24T00:30:55.970+0000] {logging_mixin.py:188} INFO - [2025-04-24T00:30:55.970+0000] {dag.py:3820} INFO - Setting next_dagrun for projeto2_dag to 2025-04-24T00:30:55.754990+00:00, run_after=2025-04-24T01:30:55.754990+00:00
[2025-04-24T00:30:55.990+0000] {processor.py:183} INFO - Processing /opt/airflow/dags/projeto2_dag.py took 0.910 seconds
[2025-04-24T00:31:26.191+0000] {processor.py:161} INFO - Started process (PID=128) to work on /opt/airflow/dags/projeto2_dag.py
[2025-04-24T00:31:26.199+0000] {processor.py:830} INFO - Processing file /opt/airflow/dags/projeto2_dag.py for tasks to queue
[2025-04-24T00:31:26.203+0000] {logging_mixin.py:188} INFO - [2025-04-24T00:31:26.202+0000] {dagbag.py:538} INFO - Filling up the DagBag from /opt/airflow/dags/projeto2_dag.py
[2025-04-24T00:31:26.864+0000] {processor.py:840} INFO - DAG(s) 'projeto2_dag' retrieved from /opt/airflow/dags/projeto2_dag.py
[2025-04-24T00:31:26.977+0000] {logging_mixin.py:188} INFO - [2025-04-24T00:31:26.976+0000] {dag.py:3033} INFO - Sync 1 DAGs
[2025-04-24T00:31:26.997+0000] {logging_mixin.py:188} INFO - [2025-04-24T00:31:26.997+0000] {dag.py:3820} INFO - Setting next_dagrun for projeto2_dag to 2025-04-24T00:31:26.859427+00:00, run_after=2025-04-24T01:31:26.859427+00:00
[2025-04-24T00:31:27.017+0000] {processor.py:183} INFO - Processing /opt/airflow/dags/projeto2_dag.py took 0.833 seconds
[2025-04-24T00:31:57.062+0000] {processor.py:161} INFO - Started process (PID=137) to work on /opt/airflow/dags/projeto2_dag.py
[2025-04-24T00:31:57.063+0000] {processor.py:830} INFO - Processing file /opt/airflow/dags/projeto2_dag.py for tasks to queue
[2025-04-24T00:31:57.065+0000] {logging_mixin.py:188} INFO - [2025-04-24T00:31:57.064+0000] {dagbag.py:538} INFO - Filling up the DagBag from /opt/airflow/dags/projeto2_dag.py
[2025-04-24T00:31:57.757+0000] {processor.py:840} INFO - DAG(s) 'projeto2_dag' retrieved from /opt/airflow/dags/projeto2_dag.py
[2025-04-24T00:31:57.954+0000] {logging_mixin.py:188} INFO - [2025-04-24T00:31:57.951+0000] {dag.py:3033} INFO - Sync 1 DAGs
[2025-04-24T00:31:58.000+0000] {logging_mixin.py:188} INFO - [2025-04-24T00:31:58.000+0000] {dag.py:3820} INFO - Setting next_dagrun for projeto2_dag to 2025-04-24T00:31:57.752141+00:00, run_after=2025-04-24T01:31:57.752141+00:00
[2025-04-24T00:31:58.045+0000] {processor.py:183} INFO - Processing /opt/airflow/dags/projeto2_dag.py took 0.986 seconds
[2025-04-24T00:32:28.378+0000] {processor.py:161} INFO - Started process (PID=147) to work on /opt/airflow/dags/projeto2_dag.py
[2025-04-24T00:32:28.379+0000] {processor.py:830} INFO - Processing file /opt/airflow/dags/projeto2_dag.py for tasks to queue
[2025-04-24T00:32:28.382+0000] {logging_mixin.py:188} INFO - [2025-04-24T00:32:28.381+0000] {dagbag.py:538} INFO - Filling up the DagBag from /opt/airflow/dags/projeto2_dag.py
[2025-04-24T00:32:29.224+0000] {processor.py:840} INFO - DAG(s) 'projeto2_dag' retrieved from /opt/airflow/dags/projeto2_dag.py
[2025-04-24T00:32:29.393+0000] {logging_mixin.py:188} INFO - [2025-04-24T00:32:29.392+0000] {dag.py:3033} INFO - Sync 1 DAGs
[2025-04-24T00:32:29.424+0000] {logging_mixin.py:188} INFO - [2025-04-24T00:32:29.423+0000] {dag.py:3820} INFO - Setting next_dagrun for projeto2_dag to 2025-04-24T00:32:29.217697+00:00, run_after=2025-04-24T01:32:29.217697+00:00
[2025-04-24T00:32:29.448+0000] {processor.py:183} INFO - Processing /opt/airflow/dags/projeto2_dag.py took 1.075 seconds
[2025-04-24T00:32:59.518+0000] {processor.py:161} INFO - Started process (PID=157) to work on /opt/airflow/dags/projeto2_dag.py
[2025-04-24T00:32:59.519+0000] {processor.py:830} INFO - Processing file /opt/airflow/dags/projeto2_dag.py for tasks to queue
[2025-04-24T00:32:59.521+0000] {logging_mixin.py:188} INFO - [2025-04-24T00:32:59.521+0000] {dagbag.py:538} INFO - Filling up the DagBag from /opt/airflow/dags/projeto2_dag.py
[2025-04-24T00:33:00.192+0000] {processor.py:840} INFO - DAG(s) 'projeto2_dag' retrieved from /opt/airflow/dags/projeto2_dag.py
[2025-04-24T00:33:00.312+0000] {logging_mixin.py:188} INFO - [2025-04-24T00:33:00.311+0000] {dag.py:3033} INFO - Sync 1 DAGs
[2025-04-24T00:33:00.336+0000] {logging_mixin.py:188} INFO - [2025-04-24T00:33:00.336+0000] {dag.py:3820} INFO - Setting next_dagrun for projeto2_dag to 2025-04-24T00:33:00.186702+00:00, run_after=2025-04-24T01:33:00.186702+00:00
[2025-04-24T00:33:00.360+0000] {processor.py:183} INFO - Processing /opt/airflow/dags/projeto2_dag.py took 0.845 seconds
[2025-04-24T00:33:30.401+0000] {processor.py:161} INFO - Started process (PID=167) to work on /opt/airflow/dags/projeto2_dag.py
[2025-04-24T00:33:30.403+0000] {processor.py:830} INFO - Processing file /opt/airflow/dags/projeto2_dag.py for tasks to queue
[2025-04-24T00:33:30.406+0000] {logging_mixin.py:188} INFO - [2025-04-24T00:33:30.406+0000] {dagbag.py:538} INFO - Filling up the DagBag from /opt/airflow/dags/projeto2_dag.py
[2025-04-24T00:33:31.102+0000] {processor.py:840} INFO - DAG(s) 'projeto2_dag' retrieved from /opt/airflow/dags/projeto2_dag.py
[2025-04-24T00:33:31.213+0000] {logging_mixin.py:188} INFO - [2025-04-24T00:33:31.212+0000] {dag.py:3033} INFO - Sync 1 DAGs
[2025-04-24T00:33:31.247+0000] {logging_mixin.py:188} INFO - [2025-04-24T00:33:31.247+0000] {dag.py:3820} INFO - Setting next_dagrun for projeto2_dag to 2025-04-24T00:33:31.097551+00:00, run_after=2025-04-24T01:33:31.097551+00:00
[2025-04-24T00:33:31.287+0000] {processor.py:183} INFO - Processing /opt/airflow/dags/projeto2_dag.py took 0.890 seconds
[2025-04-24T00:34:01.639+0000] {processor.py:161} INFO - Started process (PID=177) to work on /opt/airflow/dags/projeto2_dag.py
[2025-04-24T00:34:01.640+0000] {processor.py:830} INFO - Processing file /opt/airflow/dags/projeto2_dag.py for tasks to queue
[2025-04-24T00:34:01.643+0000] {logging_mixin.py:188} INFO - [2025-04-24T00:34:01.643+0000] {dagbag.py:538} INFO - Filling up the DagBag from /opt/airflow/dags/projeto2_dag.py
[2025-04-24T00:34:02.287+0000] {processor.py:840} INFO - DAG(s) 'projeto2_dag' retrieved from /opt/airflow/dags/projeto2_dag.py
[2025-04-24T00:34:02.400+0000] {logging_mixin.py:188} INFO - [2025-04-24T00:34:02.400+0000] {dag.py:3033} INFO - Sync 1 DAGs
[2025-04-24T00:34:02.421+0000] {logging_mixin.py:188} INFO - [2025-04-24T00:34:02.421+0000] {dag.py:3820} INFO - Setting next_dagrun for projeto2_dag to 2025-04-24T00:34:02.282571+00:00, run_after=2025-04-24T01:34:02.282571+00:00
[2025-04-24T00:34:02.437+0000] {processor.py:183} INFO - Processing /opt/airflow/dags/projeto2_dag.py took 0.803 seconds
[2025-04-24T00:34:32.892+0000] {processor.py:161} INFO - Started process (PID=187) to work on /opt/airflow/dags/projeto2_dag.py
[2025-04-24T00:34:32.894+0000] {processor.py:830} INFO - Processing file /opt/airflow/dags/projeto2_dag.py for tasks to queue
[2025-04-24T00:34:32.896+0000] {logging_mixin.py:188} INFO - [2025-04-24T00:34:32.896+0000] {dagbag.py:538} INFO - Filling up the DagBag from /opt/airflow/dags/projeto2_dag.py
[2025-04-24T00:34:33.454+0000] {processor.py:840} INFO - DAG(s) 'projeto2_dag' retrieved from /opt/airflow/dags/projeto2_dag.py
[2025-04-24T00:34:33.565+0000] {logging_mixin.py:188} INFO - [2025-04-24T00:34:33.564+0000] {dag.py:3033} INFO - Sync 1 DAGs
[2025-04-24T00:34:33.587+0000] {logging_mixin.py:188} INFO - [2025-04-24T00:34:33.587+0000] {dag.py:3820} INFO - Setting next_dagrun for projeto2_dag to 2025-04-24T00:34:33.449888+00:00, run_after=2025-04-24T01:34:33.449888+00:00
[2025-04-24T00:34:33.610+0000] {processor.py:183} INFO - Processing /opt/airflow/dags/projeto2_dag.py took 0.727 seconds
[2025-04-24T00:35:04.121+0000] {processor.py:161} INFO - Started process (PID=197) to work on /opt/airflow/dags/projeto2_dag.py
[2025-04-24T00:35:04.121+0000] {processor.py:830} INFO - Processing file /opt/airflow/dags/projeto2_dag.py for tasks to queue
[2025-04-24T00:35:04.124+0000] {logging_mixin.py:188} INFO - [2025-04-24T00:35:04.123+0000] {dagbag.py:538} INFO - Filling up the DagBag from /opt/airflow/dags/projeto2_dag.py
[2025-04-24T00:35:04.698+0000] {processor.py:840} INFO - DAG(s) 'projeto2_dag' retrieved from /opt/airflow/dags/projeto2_dag.py
[2025-04-24T00:35:04.820+0000] {logging_mixin.py:188} INFO - [2025-04-24T00:35:04.819+0000] {dag.py:3033} INFO - Sync 1 DAGs
[2025-04-24T00:35:04.843+0000] {logging_mixin.py:188} INFO - [2025-04-24T00:35:04.842+0000] {dag.py:3820} INFO - Setting next_dagrun for projeto2_dag to 2025-04-24T00:35:04.692749+00:00, run_after=2025-04-24T01:35:04.692749+00:00
[2025-04-24T00:35:04.867+0000] {processor.py:183} INFO - Processing /opt/airflow/dags/projeto2_dag.py took 0.749 seconds
[2025-04-24T00:35:35.198+0000] {processor.py:161} INFO - Started process (PID=207) to work on /opt/airflow/dags/projeto2_dag.py
[2025-04-24T00:35:35.199+0000] {processor.py:830} INFO - Processing file /opt/airflow/dags/projeto2_dag.py for tasks to queue
[2025-04-24T00:35:35.202+0000] {logging_mixin.py:188} INFO - [2025-04-24T00:35:35.201+0000] {dagbag.py:538} INFO - Filling up the DagBag from /opt/airflow/dags/projeto2_dag.py
[2025-04-24T00:35:35.782+0000] {processor.py:840} INFO - DAG(s) 'projeto2_dag' retrieved from /opt/airflow/dags/projeto2_dag.py
[2025-04-24T00:35:35.889+0000] {logging_mixin.py:188} INFO - [2025-04-24T00:35:35.888+0000] {dag.py:3033} INFO - Sync 1 DAGs
[2025-04-24T00:35:35.909+0000] {logging_mixin.py:188} INFO - [2025-04-24T00:35:35.908+0000] {dag.py:3820} INFO - Setting next_dagrun for projeto2_dag to 2025-04-24T00:35:35.777559+00:00, run_after=2025-04-24T01:35:35.777559+00:00
[2025-04-24T00:35:35.925+0000] {processor.py:183} INFO - Processing /opt/airflow/dags/projeto2_dag.py took 0.731 seconds
[2025-04-24T00:36:06.419+0000] {processor.py:161} INFO - Started process (PID=217) to work on /opt/airflow/dags/projeto2_dag.py
[2025-04-24T00:36:06.420+0000] {processor.py:830} INFO - Processing file /opt/airflow/dags/projeto2_dag.py for tasks to queue
[2025-04-24T00:36:06.422+0000] {logging_mixin.py:188} INFO - [2025-04-24T00:36:06.422+0000] {dagbag.py:538} INFO - Filling up the DagBag from /opt/airflow/dags/projeto2_dag.py
[2025-04-24T00:36:06.965+0000] {processor.py:840} INFO - DAG(s) 'projeto2_dag' retrieved from /opt/airflow/dags/projeto2_dag.py
[2025-04-24T00:36:07.078+0000] {logging_mixin.py:188} INFO - [2025-04-24T00:36:07.077+0000] {dag.py:3033} INFO - Sync 1 DAGs
[2025-04-24T00:36:07.098+0000] {logging_mixin.py:188} INFO - [2025-04-24T00:36:07.098+0000] {dag.py:3820} INFO - Setting next_dagrun for projeto2_dag to 2025-04-24T00:36:06.960645+00:00, run_after=2025-04-24T01:36:06.960645+00:00
[2025-04-24T00:36:07.117+0000] {processor.py:183} INFO - Processing /opt/airflow/dags/projeto2_dag.py took 0.701 seconds
[2025-04-24T00:36:37.332+0000] {processor.py:161} INFO - Started process (PID=227) to work on /opt/airflow/dags/projeto2_dag.py
[2025-04-24T00:36:37.333+0000] {processor.py:830} INFO - Processing file /opt/airflow/dags/projeto2_dag.py for tasks to queue
[2025-04-24T00:36:37.335+0000] {logging_mixin.py:188} INFO - [2025-04-24T00:36:37.335+0000] {dagbag.py:538} INFO - Filling up the DagBag from /opt/airflow/dags/projeto2_dag.py
[2025-04-24T00:36:37.891+0000] {processor.py:840} INFO - DAG(s) 'projeto2_dag' retrieved from /opt/airflow/dags/projeto2_dag.py
[2025-04-24T00:36:38.002+0000] {logging_mixin.py:188} INFO - [2025-04-24T00:36:38.001+0000] {dag.py:3033} INFO - Sync 1 DAGs
[2025-04-24T00:36:38.024+0000] {logging_mixin.py:188} INFO - [2025-04-24T00:36:38.024+0000] {dag.py:3820} INFO - Setting next_dagrun for projeto2_dag to 2025-04-24T00:36:37.886770+00:00, run_after=2025-04-24T01:36:37.886770+00:00
[2025-04-24T00:36:38.047+0000] {processor.py:183} INFO - Processing /opt/airflow/dags/projeto2_dag.py took 0.717 seconds
[2025-04-24T00:37:08.583+0000] {processor.py:161} INFO - Started process (PID=237) to work on /opt/airflow/dags/projeto2_dag.py
[2025-04-24T00:37:08.584+0000] {processor.py:830} INFO - Processing file /opt/airflow/dags/projeto2_dag.py for tasks to queue
[2025-04-24T00:37:08.585+0000] {logging_mixin.py:188} INFO - [2025-04-24T00:37:08.585+0000] {dagbag.py:538} INFO - Filling up the DagBag from /opt/airflow/dags/projeto2_dag.py
[2025-04-24T00:37:09.128+0000] {processor.py:840} INFO - DAG(s) 'projeto2_dag' retrieved from /opt/airflow/dags/projeto2_dag.py
[2025-04-24T00:37:09.242+0000] {logging_mixin.py:188} INFO - [2025-04-24T00:37:09.241+0000] {dag.py:3033} INFO - Sync 1 DAGs
[2025-04-24T00:37:09.262+0000] {logging_mixin.py:188} INFO - [2025-04-24T00:37:09.262+0000] {dag.py:3820} INFO - Setting next_dagrun for projeto2_dag to 2025-04-24T00:37:09.123922+00:00, run_after=2025-04-24T01:37:09.123922+00:00
[2025-04-24T00:37:09.278+0000] {processor.py:183} INFO - Processing /opt/airflow/dags/projeto2_dag.py took 0.698 seconds
[2025-04-24T00:37:39.577+0000] {processor.py:161} INFO - Started process (PID=247) to work on /opt/airflow/dags/projeto2_dag.py
[2025-04-24T00:37:39.578+0000] {processor.py:830} INFO - Processing file /opt/airflow/dags/projeto2_dag.py for tasks to queue
[2025-04-24T00:37:39.580+0000] {logging_mixin.py:188} INFO - [2025-04-24T00:37:39.580+0000] {dagbag.py:538} INFO - Filling up the DagBag from /opt/airflow/dags/projeto2_dag.py
[2025-04-24T00:37:40.108+0000] {processor.py:840} INFO - DAG(s) 'projeto2_dag' retrieved from /opt/airflow/dags/projeto2_dag.py
[2025-04-24T00:37:40.214+0000] {logging_mixin.py:188} INFO - [2025-04-24T00:37:40.213+0000] {dag.py:3033} INFO - Sync 1 DAGs
[2025-04-24T00:37:40.235+0000] {logging_mixin.py:188} INFO - [2025-04-24T00:37:40.235+0000] {dag.py:3820} INFO - Setting next_dagrun for projeto2_dag to 2025-04-24T00:37:40.103653+00:00, run_after=2025-04-24T01:37:40.103653+00:00
[2025-04-24T00:37:40.257+0000] {processor.py:183} INFO - Processing /opt/airflow/dags/projeto2_dag.py took 0.684 seconds
[2025-04-24T00:38:10.338+0000] {processor.py:161} INFO - Started process (PID=257) to work on /opt/airflow/dags/projeto2_dag.py
[2025-04-24T00:38:10.338+0000] {processor.py:830} INFO - Processing file /opt/airflow/dags/projeto2_dag.py for tasks to queue
[2025-04-24T00:38:10.341+0000] {logging_mixin.py:188} INFO - [2025-04-24T00:38:10.341+0000] {dagbag.py:538} INFO - Filling up the DagBag from /opt/airflow/dags/projeto2_dag.py
[2025-04-24T00:38:10.905+0000] {processor.py:840} INFO - DAG(s) 'projeto2_dag' retrieved from /opt/airflow/dags/projeto2_dag.py
[2025-04-24T00:38:11.022+0000] {logging_mixin.py:188} INFO - [2025-04-24T00:38:11.021+0000] {dag.py:3033} INFO - Sync 1 DAGs
[2025-04-24T00:38:11.042+0000] {logging_mixin.py:188} INFO - [2025-04-24T00:38:11.042+0000] {dag.py:3820} INFO - Setting next_dagrun for projeto2_dag to 2025-04-24T00:38:10.900291+00:00, run_after=2025-04-24T01:38:10.900291+00:00
[2025-04-24T00:38:11.063+0000] {processor.py:183} INFO - Processing /opt/airflow/dags/projeto2_dag.py took 0.730 seconds
[2025-04-24T00:38:41.104+0000] {processor.py:161} INFO - Started process (PID=267) to work on /opt/airflow/dags/projeto2_dag.py
[2025-04-24T00:38:41.105+0000] {processor.py:830} INFO - Processing file /opt/airflow/dags/projeto2_dag.py for tasks to queue
[2025-04-24T00:38:41.106+0000] {logging_mixin.py:188} INFO - [2025-04-24T00:38:41.106+0000] {dagbag.py:538} INFO - Filling up the DagBag from /opt/airflow/dags/projeto2_dag.py
[2025-04-24T00:38:41.629+0000] {processor.py:840} INFO - DAG(s) 'projeto2_dag' retrieved from /opt/airflow/dags/projeto2_dag.py
[2025-04-24T00:38:41.734+0000] {logging_mixin.py:188} INFO - [2025-04-24T00:38:41.733+0000] {dag.py:3033} INFO - Sync 1 DAGs
[2025-04-24T00:38:41.752+0000] {logging_mixin.py:188} INFO - [2025-04-24T00:38:41.752+0000] {dag.py:3820} INFO - Setting next_dagrun for projeto2_dag to 2025-04-24T00:38:41.624492+00:00, run_after=2025-04-24T01:38:41.624492+00:00
[2025-04-24T00:38:41.772+0000] {processor.py:183} INFO - Processing /opt/airflow/dags/projeto2_dag.py took 0.671 seconds
[2025-04-24T00:39:12.324+0000] {processor.py:161} INFO - Started process (PID=283) to work on /opt/airflow/dags/projeto2_dag.py
[2025-04-24T00:39:12.324+0000] {processor.py:830} INFO - Processing file /opt/airflow/dags/projeto2_dag.py for tasks to queue
[2025-04-24T00:39:12.327+0000] {logging_mixin.py:188} INFO - [2025-04-24T00:39:12.326+0000] {dagbag.py:538} INFO - Filling up the DagBag from /opt/airflow/dags/projeto2_dag.py
[2025-04-24T00:39:12.849+0000] {processor.py:840} INFO - DAG(s) 'projeto2_dag' retrieved from /opt/airflow/dags/projeto2_dag.py
[2025-04-24T00:39:12.955+0000] {logging_mixin.py:188} INFO - [2025-04-24T00:39:12.954+0000] {dag.py:3033} INFO - Sync 1 DAGs
[2025-04-24T00:39:12.976+0000] {logging_mixin.py:188} INFO - [2025-04-24T00:39:12.976+0000] {dag.py:3820} INFO - Setting next_dagrun for projeto2_dag to 2025-04-24T00:39:12.844363+00:00, run_after=2025-04-24T01:39:12.844363+00:00
[2025-04-24T00:39:12.997+0000] {processor.py:183} INFO - Processing /opt/airflow/dags/projeto2_dag.py took 0.677 seconds
[2025-04-24T00:39:43.194+0000] {processor.py:161} INFO - Started process (PID=293) to work on /opt/airflow/dags/projeto2_dag.py
[2025-04-24T00:39:43.196+0000] {processor.py:830} INFO - Processing file /opt/airflow/dags/projeto2_dag.py for tasks to queue
[2025-04-24T00:39:43.198+0000] {logging_mixin.py:188} INFO - [2025-04-24T00:39:43.198+0000] {dagbag.py:538} INFO - Filling up the DagBag from /opt/airflow/dags/projeto2_dag.py
[2025-04-24T00:39:43.724+0000] {processor.py:840} INFO - DAG(s) 'projeto2_dag' retrieved from /opt/airflow/dags/projeto2_dag.py
[2025-04-24T00:39:43.834+0000] {logging_mixin.py:188} INFO - [2025-04-24T00:39:43.833+0000] {dag.py:3033} INFO - Sync 1 DAGs
[2025-04-24T00:39:43.856+0000] {logging_mixin.py:188} INFO - [2025-04-24T00:39:43.856+0000] {dag.py:3820} INFO - Setting next_dagrun for projeto2_dag to 2025-04-24T00:39:43.719585+00:00, run_after=2025-04-24T01:39:43.719585+00:00
[2025-04-24T00:39:43.877+0000] {processor.py:183} INFO - Processing /opt/airflow/dags/projeto2_dag.py took 0.687 seconds
[2025-04-24T00:40:15.362+0000] {processor.py:161} INFO - Started process (PID=303) to work on /opt/airflow/dags/projeto2_dag.py
[2025-04-24T00:40:15.363+0000] {processor.py:830} INFO - Processing file /opt/airflow/dags/projeto2_dag.py for tasks to queue
[2025-04-24T00:40:15.366+0000] {logging_mixin.py:188} INFO - [2025-04-24T00:40:15.365+0000] {dagbag.py:538} INFO - Filling up the DagBag from /opt/airflow/dags/projeto2_dag.py
[2025-04-24T00:40:15.943+0000] {processor.py:840} INFO - DAG(s) 'projeto2_dag' retrieved from /opt/airflow/dags/projeto2_dag.py
[2025-04-24T00:40:16.063+0000] {logging_mixin.py:188} INFO - [2025-04-24T00:40:16.062+0000] {dag.py:3033} INFO - Sync 1 DAGs
[2025-04-24T00:40:16.084+0000] {logging_mixin.py:188} INFO - [2025-04-24T00:40:16.084+0000] {dag.py:3820} INFO - Setting next_dagrun for projeto2_dag to 2025-04-24T00:40:15.937730+00:00, run_after=2025-04-24T01:40:15.937730+00:00
[2025-04-24T00:40:16.102+0000] {processor.py:183} INFO - Processing /opt/airflow/dags/projeto2_dag.py took 0.744 seconds
[2025-04-24T00:40:46.806+0000] {processor.py:161} INFO - Started process (PID=312) to work on /opt/airflow/dags/projeto2_dag.py
[2025-04-24T00:40:46.807+0000] {processor.py:830} INFO - Processing file /opt/airflow/dags/projeto2_dag.py for tasks to queue
[2025-04-24T00:40:46.809+0000] {logging_mixin.py:188} INFO - [2025-04-24T00:40:46.809+0000] {dagbag.py:538} INFO - Filling up the DagBag from /opt/airflow/dags/projeto2_dag.py
[2025-04-24T00:40:47.364+0000] {processor.py:840} INFO - DAG(s) 'projeto2_dag' retrieved from /opt/airflow/dags/projeto2_dag.py
[2025-04-24T00:40:47.483+0000] {logging_mixin.py:188} INFO - [2025-04-24T00:40:47.482+0000] {dag.py:3033} INFO - Sync 1 DAGs
[2025-04-24T00:40:47.504+0000] {logging_mixin.py:188} INFO - [2025-04-24T00:40:47.504+0000] {dag.py:3820} INFO - Setting next_dagrun for projeto2_dag to 2025-04-24T00:40:47.359145+00:00, run_after=2025-04-24T01:40:47.359145+00:00
[2025-04-24T00:40:47.522+0000] {processor.py:183} INFO - Processing /opt/airflow/dags/projeto2_dag.py took 0.721 seconds
[2025-04-24T00:41:17.769+0000] {processor.py:161} INFO - Started process (PID=323) to work on /opt/airflow/dags/projeto2_dag.py
[2025-04-24T00:41:17.770+0000] {processor.py:830} INFO - Processing file /opt/airflow/dags/projeto2_dag.py for tasks to queue
[2025-04-24T00:41:17.772+0000] {logging_mixin.py:188} INFO - [2025-04-24T00:41:17.772+0000] {dagbag.py:538} INFO - Filling up the DagBag from /opt/airflow/dags/projeto2_dag.py
[2025-04-24T00:41:18.302+0000] {processor.py:840} INFO - DAG(s) 'projeto2_dag' retrieved from /opt/airflow/dags/projeto2_dag.py
[2025-04-24T00:41:18.411+0000] {logging_mixin.py:188} INFO - [2025-04-24T00:41:18.410+0000] {dag.py:3033} INFO - Sync 1 DAGs
[2025-04-24T00:41:18.430+0000] {logging_mixin.py:188} INFO - [2025-04-24T00:41:18.430+0000] {dag.py:3820} INFO - Setting next_dagrun for projeto2_dag to 2025-04-24T00:41:18.298003+00:00, run_after=2025-04-24T01:41:18.298003+00:00
[2025-04-24T00:41:18.451+0000] {processor.py:183} INFO - Processing /opt/airflow/dags/projeto2_dag.py took 0.691 seconds
[2025-04-24T00:41:48.909+0000] {processor.py:161} INFO - Started process (PID=333) to work on /opt/airflow/dags/projeto2_dag.py
[2025-04-24T00:41:48.910+0000] {processor.py:830} INFO - Processing file /opt/airflow/dags/projeto2_dag.py for tasks to queue
[2025-04-24T00:41:48.912+0000] {logging_mixin.py:188} INFO - [2025-04-24T00:41:48.912+0000] {dagbag.py:538} INFO - Filling up the DagBag from /opt/airflow/dags/projeto2_dag.py
[2025-04-24T00:41:49.481+0000] {processor.py:840} INFO - DAG(s) 'projeto2_dag' retrieved from /opt/airflow/dags/projeto2_dag.py
[2025-04-24T00:41:49.595+0000] {logging_mixin.py:188} INFO - [2025-04-24T00:41:49.594+0000] {dag.py:3033} INFO - Sync 1 DAGs
[2025-04-24T00:41:49.615+0000] {logging_mixin.py:188} INFO - [2025-04-24T00:41:49.615+0000] {dag.py:3820} INFO - Setting next_dagrun for projeto2_dag to 2025-04-24T00:41:49.476677+00:00, run_after=2025-04-24T01:41:49.476677+00:00
[2025-04-24T00:41:49.640+0000] {processor.py:183} INFO - Processing /opt/airflow/dags/projeto2_dag.py took 0.735 seconds
[2025-04-24T00:42:20.024+0000] {processor.py:161} INFO - Started process (PID=343) to work on /opt/airflow/dags/projeto2_dag.py
[2025-04-24T00:42:20.025+0000] {processor.py:830} INFO - Processing file /opt/airflow/dags/projeto2_dag.py for tasks to queue
[2025-04-24T00:42:20.027+0000] {logging_mixin.py:188} INFO - [2025-04-24T00:42:20.027+0000] {dagbag.py:538} INFO - Filling up the DagBag from /opt/airflow/dags/projeto2_dag.py
[2025-04-24T00:42:20.578+0000] {processor.py:840} INFO - DAG(s) 'projeto2_dag' retrieved from /opt/airflow/dags/projeto2_dag.py
[2025-04-24T00:42:20.688+0000] {logging_mixin.py:188} INFO - [2025-04-24T00:42:20.687+0000] {dag.py:3033} INFO - Sync 1 DAGs
[2025-04-24T00:42:20.709+0000] {logging_mixin.py:188} INFO - [2025-04-24T00:42:20.709+0000] {dag.py:3820} INFO - Setting next_dagrun for projeto2_dag to 2025-04-24T00:42:20.573826+00:00, run_after=2025-04-24T01:42:20.573826+00:00
[2025-04-24T00:42:20.732+0000] {processor.py:183} INFO - Processing /opt/airflow/dags/projeto2_dag.py took 0.711 seconds
[2025-04-24T00:42:51.168+0000] {processor.py:161} INFO - Started process (PID=353) to work on /opt/airflow/dags/projeto2_dag.py
[2025-04-24T00:42:51.169+0000] {processor.py:830} INFO - Processing file /opt/airflow/dags/projeto2_dag.py for tasks to queue
[2025-04-24T00:42:51.170+0000] {logging_mixin.py:188} INFO - [2025-04-24T00:42:51.170+0000] {dagbag.py:538} INFO - Filling up the DagBag from /opt/airflow/dags/projeto2_dag.py
[2025-04-24T00:42:51.700+0000] {processor.py:840} INFO - DAG(s) 'projeto2_dag' retrieved from /opt/airflow/dags/projeto2_dag.py
[2025-04-24T00:42:51.815+0000] {logging_mixin.py:188} INFO - [2025-04-24T00:42:51.814+0000] {dag.py:3033} INFO - Sync 1 DAGs
[2025-04-24T00:42:51.837+0000] {logging_mixin.py:188} INFO - [2025-04-24T00:42:51.837+0000] {dag.py:3820} INFO - Setting next_dagrun for projeto2_dag to 2025-04-24T00:42:51.695339+00:00, run_after=2025-04-24T01:42:51.695339+00:00
[2025-04-24T00:42:51.857+0000] {processor.py:183} INFO - Processing /opt/airflow/dags/projeto2_dag.py took 0.692 seconds
[2025-04-24T00:43:22.290+0000] {processor.py:161} INFO - Started process (PID=363) to work on /opt/airflow/dags/projeto2_dag.py
[2025-04-24T00:43:22.291+0000] {processor.py:830} INFO - Processing file /opt/airflow/dags/projeto2_dag.py for tasks to queue
[2025-04-24T00:43:22.293+0000] {logging_mixin.py:188} INFO - [2025-04-24T00:43:22.293+0000] {dagbag.py:538} INFO - Filling up the DagBag from /opt/airflow/dags/projeto2_dag.py
[2025-04-24T00:43:22.836+0000] {processor.py:840} INFO - DAG(s) 'projeto2_dag' retrieved from /opt/airflow/dags/projeto2_dag.py
[2025-04-24T00:43:22.949+0000] {logging_mixin.py:188} INFO - [2025-04-24T00:43:22.948+0000] {dag.py:3033} INFO - Sync 1 DAGs
[2025-04-24T00:43:22.969+0000] {logging_mixin.py:188} INFO - [2025-04-24T00:43:22.969+0000] {dag.py:3820} INFO - Setting next_dagrun for projeto2_dag to 2025-04-24T00:43:22.831488+00:00, run_after=2025-04-24T01:43:22.831488+00:00
[2025-04-24T00:43:22.985+0000] {processor.py:183} INFO - Processing /opt/airflow/dags/projeto2_dag.py took 0.699 seconds
[2025-04-24T00:43:53.963+0000] {processor.py:161} INFO - Started process (PID=373) to work on /opt/airflow/dags/projeto2_dag.py
[2025-04-24T00:43:53.964+0000] {processor.py:830} INFO - Processing file /opt/airflow/dags/projeto2_dag.py for tasks to queue
[2025-04-24T00:43:53.966+0000] {logging_mixin.py:188} INFO - [2025-04-24T00:43:53.965+0000] {dagbag.py:538} INFO - Filling up the DagBag from /opt/airflow/dags/projeto2_dag.py
[2025-04-24T00:43:54.485+0000] {processor.py:840} INFO - DAG(s) 'projeto2_dag' retrieved from /opt/airflow/dags/projeto2_dag.py
[2025-04-24T00:43:54.597+0000] {logging_mixin.py:188} INFO - [2025-04-24T00:43:54.597+0000] {dag.py:3033} INFO - Sync 1 DAGs
[2025-04-24T00:43:54.617+0000] {logging_mixin.py:188} INFO - [2025-04-24T00:43:54.617+0000] {dag.py:3820} INFO - Setting next_dagrun for projeto2_dag to 2025-04-24T00:43:54.481194+00:00, run_after=2025-04-24T01:43:54.481194+00:00
[2025-04-24T00:43:54.637+0000] {processor.py:183} INFO - Processing /opt/airflow/dags/projeto2_dag.py took 0.677 seconds
[2025-04-24T00:44:24.758+0000] {processor.py:161} INFO - Started process (PID=383) to work on /opt/airflow/dags/projeto2_dag.py
[2025-04-24T00:44:24.759+0000] {processor.py:830} INFO - Processing file /opt/airflow/dags/projeto2_dag.py for tasks to queue
[2025-04-24T00:44:24.761+0000] {logging_mixin.py:188} INFO - [2025-04-24T00:44:24.761+0000] {dagbag.py:538} INFO - Filling up the DagBag from /opt/airflow/dags/projeto2_dag.py
[2025-04-24T00:44:25.307+0000] {processor.py:840} INFO - DAG(s) 'projeto2_dag' retrieved from /opt/airflow/dags/projeto2_dag.py
[2025-04-24T00:44:25.417+0000] {logging_mixin.py:188} INFO - [2025-04-24T00:44:25.416+0000] {dag.py:3033} INFO - Sync 1 DAGs
[2025-04-24T00:44:25.437+0000] {logging_mixin.py:188} INFO - [2025-04-24T00:44:25.436+0000] {dag.py:3820} INFO - Setting next_dagrun for projeto2_dag to 2025-04-24T00:44:25.302189+00:00, run_after=2025-04-24T01:44:25.302189+00:00
[2025-04-24T00:44:25.456+0000] {processor.py:183} INFO - Processing /opt/airflow/dags/projeto2_dag.py took 0.702 seconds
[2025-04-24T00:44:55.673+0000] {processor.py:161} INFO - Started process (PID=393) to work on /opt/airflow/dags/projeto2_dag.py
[2025-04-24T00:44:55.674+0000] {processor.py:830} INFO - Processing file /opt/airflow/dags/projeto2_dag.py for tasks to queue
[2025-04-24T00:44:55.676+0000] {logging_mixin.py:188} INFO - [2025-04-24T00:44:55.676+0000] {dagbag.py:538} INFO - Filling up the DagBag from /opt/airflow/dags/projeto2_dag.py
[2025-04-24T00:44:56.202+0000] {processor.py:840} INFO - DAG(s) 'projeto2_dag' retrieved from /opt/airflow/dags/projeto2_dag.py
[2025-04-24T00:44:56.311+0000] {logging_mixin.py:188} INFO - [2025-04-24T00:44:56.311+0000] {dag.py:3033} INFO - Sync 1 DAGs
[2025-04-24T00:44:56.329+0000] {logging_mixin.py:188} INFO - [2025-04-24T00:44:56.329+0000] {dag.py:3820} INFO - Setting next_dagrun for projeto2_dag to 2025-04-24T00:44:56.197911+00:00, run_after=2025-04-24T01:44:56.197911+00:00
[2025-04-24T00:44:56.351+0000] {processor.py:183} INFO - Processing /opt/airflow/dags/projeto2_dag.py took 0.681 seconds
[2025-04-24T00:45:27.160+0000] {processor.py:161} INFO - Started process (PID=403) to work on /opt/airflow/dags/projeto2_dag.py
[2025-04-24T00:45:27.161+0000] {processor.py:830} INFO - Processing file /opt/airflow/dags/projeto2_dag.py for tasks to queue
[2025-04-24T00:45:27.163+0000] {logging_mixin.py:188} INFO - [2025-04-24T00:45:27.163+0000] {dagbag.py:538} INFO - Filling up the DagBag from /opt/airflow/dags/projeto2_dag.py
[2025-04-24T00:45:27.693+0000] {processor.py:840} INFO - DAG(s) 'projeto2_dag' retrieved from /opt/airflow/dags/projeto2_dag.py
[2025-04-24T00:45:27.803+0000] {logging_mixin.py:188} INFO - [2025-04-24T00:45:27.803+0000] {dag.py:3033} INFO - Sync 1 DAGs
[2025-04-24T00:45:27.825+0000] {logging_mixin.py:188} INFO - [2025-04-24T00:45:27.825+0000] {dag.py:3820} INFO - Setting next_dagrun for projeto2_dag to 2025-04-24T00:45:27.688808+00:00, run_after=2025-04-24T01:45:27.688808+00:00
[2025-04-24T00:45:27.841+0000] {processor.py:183} INFO - Processing /opt/airflow/dags/projeto2_dag.py took 0.685 seconds
[2025-04-24T00:45:58.445+0000] {processor.py:161} INFO - Started process (PID=413) to work on /opt/airflow/dags/projeto2_dag.py
[2025-04-24T00:45:58.445+0000] {processor.py:830} INFO - Processing file /opt/airflow/dags/projeto2_dag.py for tasks to queue
[2025-04-24T00:45:58.448+0000] {logging_mixin.py:188} INFO - [2025-04-24T00:45:58.447+0000] {dagbag.py:538} INFO - Filling up the DagBag from /opt/airflow/dags/projeto2_dag.py
[2025-04-24T00:45:58.971+0000] {processor.py:840} INFO - DAG(s) 'projeto2_dag' retrieved from /opt/airflow/dags/projeto2_dag.py
[2025-04-24T00:45:59.076+0000] {logging_mixin.py:188} INFO - [2025-04-24T00:45:59.075+0000] {dag.py:3033} INFO - Sync 1 DAGs
[2025-04-24T00:45:59.097+0000] {logging_mixin.py:188} INFO - [2025-04-24T00:45:59.097+0000] {dag.py:3820} INFO - Setting next_dagrun for projeto2_dag to 2025-04-24T00:45:58.966355+00:00, run_after=2025-04-24T01:45:58.966355+00:00
[2025-04-24T00:45:59.121+0000] {processor.py:183} INFO - Processing /opt/airflow/dags/projeto2_dag.py took 0.680 seconds
[2025-04-24T00:46:29.966+0000] {processor.py:161} INFO - Started process (PID=423) to work on /opt/airflow/dags/projeto2_dag.py
[2025-04-24T00:46:29.967+0000] {processor.py:830} INFO - Processing file /opt/airflow/dags/projeto2_dag.py for tasks to queue
[2025-04-24T00:46:29.970+0000] {logging_mixin.py:188} INFO - [2025-04-24T00:46:29.970+0000] {dagbag.py:538} INFO - Filling up the DagBag from /opt/airflow/dags/projeto2_dag.py
[2025-04-24T00:46:30.504+0000] {processor.py:840} INFO - DAG(s) 'projeto2_dag' retrieved from /opt/airflow/dags/projeto2_dag.py
[2025-04-24T00:46:30.613+0000] {logging_mixin.py:188} INFO - [2025-04-24T00:46:30.612+0000] {dag.py:3033} INFO - Sync 1 DAGs
[2025-04-24T00:46:30.634+0000] {logging_mixin.py:188} INFO - [2025-04-24T00:46:30.634+0000] {dag.py:3820} INFO - Setting next_dagrun for projeto2_dag to 2025-04-24T00:46:30.499105+00:00, run_after=2025-04-24T01:46:30.499105+00:00
[2025-04-24T00:46:30.656+0000] {processor.py:183} INFO - Processing /opt/airflow/dags/projeto2_dag.py took 0.694 seconds
[2025-04-24T00:47:01.359+0000] {processor.py:161} INFO - Started process (PID=433) to work on /opt/airflow/dags/projeto2_dag.py
[2025-04-24T00:47:01.360+0000] {processor.py:830} INFO - Processing file /opt/airflow/dags/projeto2_dag.py for tasks to queue
[2025-04-24T00:47:01.362+0000] {logging_mixin.py:188} INFO - [2025-04-24T00:47:01.362+0000] {dagbag.py:538} INFO - Filling up the DagBag from /opt/airflow/dags/projeto2_dag.py
[2025-04-24T00:47:01.924+0000] {processor.py:840} INFO - DAG(s) 'projeto2_dag' retrieved from /opt/airflow/dags/projeto2_dag.py
[2025-04-24T00:47:02.032+0000] {logging_mixin.py:188} INFO - [2025-04-24T00:47:02.031+0000] {dag.py:3033} INFO - Sync 1 DAGs
[2025-04-24T00:47:02.051+0000] {logging_mixin.py:188} INFO - [2025-04-24T00:47:02.051+0000] {dag.py:3820} INFO - Setting next_dagrun for projeto2_dag to 2025-04-24T00:47:01.919519+00:00, run_after=2025-04-24T01:47:01.919519+00:00
[2025-04-24T00:47:02.066+0000] {processor.py:183} INFO - Processing /opt/airflow/dags/projeto2_dag.py took 0.712 seconds
[2025-04-24T00:47:33.510+0000] {processor.py:161} INFO - Started process (PID=443) to work on /opt/airflow/dags/projeto2_dag.py
[2025-04-24T00:47:33.511+0000] {processor.py:830} INFO - Processing file /opt/airflow/dags/projeto2_dag.py for tasks to queue
[2025-04-24T00:47:33.514+0000] {logging_mixin.py:188} INFO - [2025-04-24T00:47:33.514+0000] {dagbag.py:538} INFO - Filling up the DagBag from /opt/airflow/dags/projeto2_dag.py
[2025-04-24T00:47:34.057+0000] {processor.py:840} INFO - DAG(s) 'projeto2_dag' retrieved from /opt/airflow/dags/projeto2_dag.py
[2025-04-24T00:47:34.167+0000] {logging_mixin.py:188} INFO - [2025-04-24T00:47:34.166+0000] {dag.py:3033} INFO - Sync 1 DAGs
[2025-04-24T00:47:34.186+0000] {logging_mixin.py:188} INFO - [2025-04-24T00:47:34.186+0000] {dag.py:3820} INFO - Setting next_dagrun for projeto2_dag to 2025-04-24T00:47:34.053029+00:00, run_after=2025-04-24T01:47:34.053029+00:00
[2025-04-24T00:47:34.211+0000] {processor.py:183} INFO - Processing /opt/airflow/dags/projeto2_dag.py took 0.706 seconds
[2025-04-24T00:48:05.463+0000] {processor.py:161} INFO - Started process (PID=453) to work on /opt/airflow/dags/projeto2_dag.py
[2025-04-24T00:48:05.464+0000] {processor.py:830} INFO - Processing file /opt/airflow/dags/projeto2_dag.py for tasks to queue
[2025-04-24T00:48:05.469+0000] {logging_mixin.py:188} INFO - [2025-04-24T00:48:05.468+0000] {dagbag.py:538} INFO - Filling up the DagBag from /opt/airflow/dags/projeto2_dag.py
[2025-04-24T00:48:06.004+0000] {processor.py:840} INFO - DAG(s) 'projeto2_dag' retrieved from /opt/airflow/dags/projeto2_dag.py
[2025-04-24T00:48:06.119+0000] {logging_mixin.py:188} INFO - [2025-04-24T00:48:06.118+0000] {dag.py:3033} INFO - Sync 1 DAGs
[2025-04-24T00:48:06.144+0000] {logging_mixin.py:188} INFO - [2025-04-24T00:48:06.143+0000] {dag.py:3820} INFO - Setting next_dagrun for projeto2_dag to 2025-04-24T00:48:05.999151+00:00, run_after=2025-04-24T01:48:05.999151+00:00
[2025-04-24T00:48:06.173+0000] {processor.py:183} INFO - Processing /opt/airflow/dags/projeto2_dag.py took 0.719 seconds
[2025-04-24T00:48:36.795+0000] {processor.py:161} INFO - Started process (PID=463) to work on /opt/airflow/dags/projeto2_dag.py
[2025-04-24T00:48:36.796+0000] {processor.py:830} INFO - Processing file /opt/airflow/dags/projeto2_dag.py for tasks to queue
[2025-04-24T00:48:36.799+0000] {logging_mixin.py:188} INFO - [2025-04-24T00:48:36.798+0000] {dagbag.py:538} INFO - Filling up the DagBag from /opt/airflow/dags/projeto2_dag.py
[2025-04-24T00:48:37.329+0000] {processor.py:840} INFO - DAG(s) 'projeto2_dag' retrieved from /opt/airflow/dags/projeto2_dag.py
[2025-04-24T00:48:37.437+0000] {logging_mixin.py:188} INFO - [2025-04-24T00:48:37.436+0000] {dag.py:3033} INFO - Sync 1 DAGs
[2025-04-24T00:48:37.456+0000] {logging_mixin.py:188} INFO - [2025-04-24T00:48:37.456+0000] {dag.py:3820} INFO - Setting next_dagrun for projeto2_dag to 2025-04-24T00:48:37.325174+00:00, run_after=2025-04-24T01:48:37.325174+00:00
[2025-04-24T00:48:37.470+0000] {processor.py:183} INFO - Processing /opt/airflow/dags/projeto2_dag.py took 0.678 seconds
[2025-04-24T00:49:07.541+0000] {processor.py:161} INFO - Started process (PID=473) to work on /opt/airflow/dags/projeto2_dag.py
[2025-04-24T00:49:07.542+0000] {processor.py:830} INFO - Processing file /opt/airflow/dags/projeto2_dag.py for tasks to queue
[2025-04-24T00:49:07.544+0000] {logging_mixin.py:188} INFO - [2025-04-24T00:49:07.544+0000] {dagbag.py:538} INFO - Filling up the DagBag from /opt/airflow/dags/projeto2_dag.py
[2025-04-24T00:49:08.141+0000] {processor.py:840} INFO - DAG(s) 'projeto2_dag' retrieved from /opt/airflow/dags/projeto2_dag.py
[2025-04-24T00:49:08.285+0000] {logging_mixin.py:188} INFO - [2025-04-24T00:49:08.284+0000] {dag.py:3033} INFO - Sync 1 DAGs
[2025-04-24T00:49:08.312+0000] {logging_mixin.py:188} INFO - [2025-04-24T00:49:08.312+0000] {dag.py:3820} INFO - Setting next_dagrun for projeto2_dag to 2025-04-24T00:49:08.136190+00:00, run_after=2025-04-24T01:49:08.136190+00:00
[2025-04-24T00:49:08.339+0000] {processor.py:183} INFO - Processing /opt/airflow/dags/projeto2_dag.py took 0.801 seconds
[2025-04-24T00:49:38.430+0000] {processor.py:161} INFO - Started process (PID=483) to work on /opt/airflow/dags/projeto2_dag.py
[2025-04-24T00:49:38.431+0000] {processor.py:830} INFO - Processing file /opt/airflow/dags/projeto2_dag.py for tasks to queue
[2025-04-24T00:49:38.434+0000] {logging_mixin.py:188} INFO - [2025-04-24T00:49:38.434+0000] {dagbag.py:538} INFO - Filling up the DagBag from /opt/airflow/dags/projeto2_dag.py
[2025-04-24T00:49:38.983+0000] {processor.py:840} INFO - DAG(s) 'projeto2_dag' retrieved from /opt/airflow/dags/projeto2_dag.py
[2025-04-24T00:49:39.097+0000] {logging_mixin.py:188} INFO - [2025-04-24T00:49:39.096+0000] {dag.py:3033} INFO - Sync 1 DAGs
[2025-04-24T00:49:39.118+0000] {logging_mixin.py:188} INFO - [2025-04-24T00:49:39.118+0000] {dag.py:3820} INFO - Setting next_dagrun for projeto2_dag to 2025-04-24T00:49:38.977714+00:00, run_after=2025-04-24T01:49:38.977714+00:00
[2025-04-24T00:49:39.146+0000] {processor.py:183} INFO - Processing /opt/airflow/dags/projeto2_dag.py took 0.719 seconds
[2025-04-24T00:50:09.621+0000] {processor.py:161} INFO - Started process (PID=493) to work on /opt/airflow/dags/projeto2_dag.py
[2025-04-24T00:50:09.622+0000] {processor.py:830} INFO - Processing file /opt/airflow/dags/projeto2_dag.py for tasks to queue
[2025-04-24T00:50:09.626+0000] {logging_mixin.py:188} INFO - [2025-04-24T00:50:09.625+0000] {dagbag.py:538} INFO - Filling up the DagBag from /opt/airflow/dags/projeto2_dag.py
[2025-04-24T00:50:10.385+0000] {processor.py:840} INFO - DAG(s) 'projeto2_dag' retrieved from /opt/airflow/dags/projeto2_dag.py
[2025-04-24T00:50:10.519+0000] {logging_mixin.py:188} INFO - [2025-04-24T00:50:10.518+0000] {dag.py:3033} INFO - Sync 1 DAGs
[2025-04-24T00:50:10.545+0000] {logging_mixin.py:188} INFO - [2025-04-24T00:50:10.545+0000] {dag.py:3820} INFO - Setting next_dagrun for projeto2_dag to 2025-04-24T00:50:10.379743+00:00, run_after=2025-04-24T01:50:10.379743+00:00
[2025-04-24T00:50:10.567+0000] {processor.py:183} INFO - Processing /opt/airflow/dags/projeto2_dag.py took 0.953 seconds
[2025-04-24T00:50:40.728+0000] {processor.py:161} INFO - Started process (PID=503) to work on /opt/airflow/dags/projeto2_dag.py
[2025-04-24T00:50:40.729+0000] {processor.py:830} INFO - Processing file /opt/airflow/dags/projeto2_dag.py for tasks to queue
[2025-04-24T00:50:40.732+0000] {logging_mixin.py:188} INFO - [2025-04-24T00:50:40.732+0000] {dagbag.py:538} INFO - Filling up the DagBag from /opt/airflow/dags/projeto2_dag.py
[2025-04-24T00:50:41.313+0000] {processor.py:840} INFO - DAG(s) 'projeto2_dag' retrieved from /opt/airflow/dags/projeto2_dag.py
[2025-04-24T00:50:41.422+0000] {logging_mixin.py:188} INFO - [2025-04-24T00:50:41.422+0000] {dag.py:3033} INFO - Sync 1 DAGs
[2025-04-24T00:50:41.444+0000] {logging_mixin.py:188} INFO - [2025-04-24T00:50:41.444+0000] {dag.py:3820} INFO - Setting next_dagrun for projeto2_dag to 2025-04-24T00:50:41.308967+00:00, run_after=2025-04-24T01:50:41.308967+00:00
[2025-04-24T00:50:41.465+0000] {processor.py:183} INFO - Processing /opt/airflow/dags/projeto2_dag.py took 0.741 seconds
[2025-04-24T00:51:12.034+0000] {processor.py:161} INFO - Started process (PID=513) to work on /opt/airflow/dags/projeto2_dag.py
[2025-04-24T00:51:12.035+0000] {processor.py:830} INFO - Processing file /opt/airflow/dags/projeto2_dag.py for tasks to queue
[2025-04-24T00:51:12.038+0000] {logging_mixin.py:188} INFO - [2025-04-24T00:51:12.037+0000] {dagbag.py:538} INFO - Filling up the DagBag from /opt/airflow/dags/projeto2_dag.py
[2025-04-24T00:51:12.674+0000] {processor.py:840} INFO - DAG(s) 'projeto2_dag' retrieved from /opt/airflow/dags/projeto2_dag.py
[2025-04-24T00:51:12.852+0000] {logging_mixin.py:188} INFO - [2025-04-24T00:51:12.851+0000] {dag.py:3033} INFO - Sync 1 DAGs
[2025-04-24T00:51:12.899+0000] {logging_mixin.py:188} INFO - [2025-04-24T00:51:12.899+0000] {dag.py:3820} INFO - Setting next_dagrun for projeto2_dag to 2025-04-24T00:51:12.667869+00:00, run_after=2025-04-24T01:51:12.667869+00:00
[2025-04-24T00:51:12.926+0000] {processor.py:183} INFO - Processing /opt/airflow/dags/projeto2_dag.py took 0.895 seconds
[2025-04-24T00:51:43.180+0000] {processor.py:161} INFO - Started process (PID=522) to work on /opt/airflow/dags/projeto2_dag.py
[2025-04-24T00:51:43.181+0000] {processor.py:830} INFO - Processing file /opt/airflow/dags/projeto2_dag.py for tasks to queue
[2025-04-24T00:51:43.186+0000] {logging_mixin.py:188} INFO - [2025-04-24T00:51:43.186+0000] {dagbag.py:538} INFO - Filling up the DagBag from /opt/airflow/dags/projeto2_dag.py
[2025-04-24T00:51:43.947+0000] {processor.py:840} INFO - DAG(s) 'projeto2_dag' retrieved from /opt/airflow/dags/projeto2_dag.py
[2025-04-24T00:51:44.060+0000] {logging_mixin.py:188} INFO - [2025-04-24T00:51:44.059+0000] {dag.py:3033} INFO - Sync 1 DAGs
[2025-04-24T00:51:44.081+0000] {logging_mixin.py:188} INFO - [2025-04-24T00:51:44.081+0000] {dag.py:3820} INFO - Setting next_dagrun for projeto2_dag to 2025-04-24T00:51:43.942848+00:00, run_after=2025-04-24T01:51:43.942848+00:00
[2025-04-24T00:51:44.098+0000] {processor.py:183} INFO - Processing /opt/airflow/dags/projeto2_dag.py took 0.922 seconds
[2025-04-24T00:52:14.200+0000] {processor.py:161} INFO - Started process (PID=532) to work on /opt/airflow/dags/projeto2_dag.py
[2025-04-24T00:52:14.202+0000] {processor.py:830} INFO - Processing file /opt/airflow/dags/projeto2_dag.py for tasks to queue
[2025-04-24T00:52:14.207+0000] {logging_mixin.py:188} INFO - [2025-04-24T00:52:14.207+0000] {dagbag.py:538} INFO - Filling up the DagBag from /opt/airflow/dags/projeto2_dag.py
[2025-04-24T00:52:14.978+0000] {processor.py:840} INFO - DAG(s) 'projeto2_dag' retrieved from /opt/airflow/dags/projeto2_dag.py
[2025-04-24T00:52:15.145+0000] {logging_mixin.py:188} INFO - [2025-04-24T00:52:15.144+0000] {dag.py:3033} INFO - Sync 1 DAGs
[2025-04-24T00:52:15.179+0000] {logging_mixin.py:188} INFO - [2025-04-24T00:52:15.178+0000] {dag.py:3820} INFO - Setting next_dagrun for projeto2_dag to 2025-04-24T00:52:14.972902+00:00, run_after=2025-04-24T01:52:14.972902+00:00
[2025-04-24T00:52:15.216+0000] {processor.py:183} INFO - Processing /opt/airflow/dags/projeto2_dag.py took 1.020 seconds
[2025-04-24T00:52:45.385+0000] {processor.py:161} INFO - Started process (PID=542) to work on /opt/airflow/dags/projeto2_dag.py
[2025-04-24T00:52:45.387+0000] {processor.py:830} INFO - Processing file /opt/airflow/dags/projeto2_dag.py for tasks to queue
[2025-04-24T00:52:45.389+0000] {logging_mixin.py:188} INFO - [2025-04-24T00:52:45.389+0000] {dagbag.py:538} INFO - Filling up the DagBag from /opt/airflow/dags/projeto2_dag.py
[2025-04-24T00:52:46.328+0000] {processor.py:840} INFO - DAG(s) 'projeto2_dag' retrieved from /opt/airflow/dags/projeto2_dag.py
[2025-04-24T00:52:46.477+0000] {logging_mixin.py:188} INFO - [2025-04-24T00:52:46.477+0000] {dag.py:3033} INFO - Sync 1 DAGs
[2025-04-24T00:52:46.509+0000] {logging_mixin.py:188} INFO - [2025-04-24T00:52:46.509+0000] {dag.py:3820} INFO - Setting next_dagrun for projeto2_dag to 2025-04-24T00:52:46.322858+00:00, run_after=2025-04-24T01:52:46.322858+00:00
[2025-04-24T00:52:46.541+0000] {processor.py:183} INFO - Processing /opt/airflow/dags/projeto2_dag.py took 1.159 seconds
[2025-04-24T00:53:16.919+0000] {processor.py:161} INFO - Started process (PID=558) to work on /opt/airflow/dags/projeto2_dag.py
[2025-04-24T00:53:16.920+0000] {processor.py:830} INFO - Processing file /opt/airflow/dags/projeto2_dag.py for tasks to queue
[2025-04-24T00:53:16.922+0000] {logging_mixin.py:188} INFO - [2025-04-24T00:53:16.922+0000] {dagbag.py:538} INFO - Filling up the DagBag from /opt/airflow/dags/projeto2_dag.py
[2025-04-24T00:53:17.513+0000] {processor.py:840} INFO - DAG(s) 'projeto2_dag' retrieved from /opt/airflow/dags/projeto2_dag.py
[2025-04-24T00:53:17.642+0000] {logging_mixin.py:188} INFO - [2025-04-24T00:53:17.641+0000] {dag.py:3033} INFO - Sync 1 DAGs
[2025-04-24T00:53:17.666+0000] {logging_mixin.py:188} INFO - [2025-04-24T00:53:17.666+0000] {dag.py:3820} INFO - Setting next_dagrun for projeto2_dag to 2025-04-24T00:53:17.508262+00:00, run_after=2025-04-24T01:53:17.508262+00:00
[2025-04-24T00:53:17.692+0000] {processor.py:183} INFO - Processing /opt/airflow/dags/projeto2_dag.py took 0.776 seconds
[2025-04-24T00:53:47.750+0000] {processor.py:161} INFO - Started process (PID=568) to work on /opt/airflow/dags/projeto2_dag.py
[2025-04-24T00:53:47.751+0000] {processor.py:830} INFO - Processing file /opt/airflow/dags/projeto2_dag.py for tasks to queue
[2025-04-24T00:53:47.754+0000] {logging_mixin.py:188} INFO - [2025-04-24T00:53:47.754+0000] {dagbag.py:538} INFO - Filling up the DagBag from /opt/airflow/dags/projeto2_dag.py
[2025-04-24T00:53:48.301+0000] {processor.py:840} INFO - DAG(s) 'projeto2_dag' retrieved from /opt/airflow/dags/projeto2_dag.py
[2025-04-24T00:53:48.414+0000] {logging_mixin.py:188} INFO - [2025-04-24T00:53:48.413+0000] {dag.py:3033} INFO - Sync 1 DAGs
[2025-04-24T00:53:48.434+0000] {logging_mixin.py:188} INFO - [2025-04-24T00:53:48.434+0000] {dag.py:3820} INFO - Setting next_dagrun for projeto2_dag to 2025-04-24T00:53:48.296397+00:00, run_after=2025-04-24T01:53:48.296397+00:00
[2025-04-24T00:53:48.452+0000] {processor.py:183} INFO - Processing /opt/airflow/dags/projeto2_dag.py took 0.705 seconds
[2025-04-24T00:54:18.976+0000] {processor.py:161} INFO - Started process (PID=578) to work on /opt/airflow/dags/projeto2_dag.py
[2025-04-24T00:54:18.982+0000] {processor.py:830} INFO - Processing file /opt/airflow/dags/projeto2_dag.py for tasks to queue
[2025-04-24T00:54:18.984+0000] {logging_mixin.py:188} INFO - [2025-04-24T00:54:18.984+0000] {dagbag.py:538} INFO - Filling up the DagBag from /opt/airflow/dags/projeto2_dag.py
[2025-04-24T00:54:19.531+0000] {processor.py:840} INFO - DAG(s) 'projeto2_dag' retrieved from /opt/airflow/dags/projeto2_dag.py
[2025-04-24T00:54:19.641+0000] {logging_mixin.py:188} INFO - [2025-04-24T00:54:19.640+0000] {dag.py:3033} INFO - Sync 1 DAGs
[2025-04-24T00:54:19.663+0000] {logging_mixin.py:188} INFO - [2025-04-24T00:54:19.663+0000] {dag.py:3820} INFO - Setting next_dagrun for projeto2_dag to 2025-04-24T00:54:19.525942+00:00, run_after=2025-04-24T01:54:19.525942+00:00
[2025-04-24T00:54:19.680+0000] {processor.py:183} INFO - Processing /opt/airflow/dags/projeto2_dag.py took 0.706 seconds
[2025-04-24T00:54:49.795+0000] {processor.py:161} INFO - Started process (PID=588) to work on /opt/airflow/dags/projeto2_dag.py
[2025-04-24T00:54:49.803+0000] {processor.py:830} INFO - Processing file /opt/airflow/dags/projeto2_dag.py for tasks to queue
[2025-04-24T00:54:49.807+0000] {logging_mixin.py:188} INFO - [2025-04-24T00:54:49.806+0000] {dagbag.py:538} INFO - Filling up the DagBag from /opt/airflow/dags/projeto2_dag.py
[2025-04-24T00:54:50.342+0000] {processor.py:840} INFO - DAG(s) 'projeto2_dag' retrieved from /opt/airflow/dags/projeto2_dag.py
[2025-04-24T00:54:50.456+0000] {logging_mixin.py:188} INFO - [2025-04-24T00:54:50.455+0000] {dag.py:3033} INFO - Sync 1 DAGs
[2025-04-24T00:54:50.477+0000] {logging_mixin.py:188} INFO - [2025-04-24T00:54:50.477+0000] {dag.py:3820} INFO - Setting next_dagrun for projeto2_dag to 2025-04-24T00:54:50.337496+00:00, run_after=2025-04-24T01:54:50.337496+00:00
[2025-04-24T00:54:50.492+0000] {processor.py:183} INFO - Processing /opt/airflow/dags/projeto2_dag.py took 0.701 seconds
[2025-04-24T00:55:20.922+0000] {processor.py:161} INFO - Started process (PID=598) to work on /opt/airflow/dags/projeto2_dag.py
[2025-04-24T00:55:20.923+0000] {processor.py:830} INFO - Processing file /opt/airflow/dags/projeto2_dag.py for tasks to queue
[2025-04-24T00:55:20.927+0000] {logging_mixin.py:188} INFO - [2025-04-24T00:55:20.927+0000] {dagbag.py:538} INFO - Filling up the DagBag from /opt/airflow/dags/projeto2_dag.py
[2025-04-24T00:55:21.461+0000] {processor.py:840} INFO - DAG(s) 'projeto2_dag' retrieved from /opt/airflow/dags/projeto2_dag.py
[2025-04-24T00:55:21.569+0000] {logging_mixin.py:188} INFO - [2025-04-24T00:55:21.568+0000] {dag.py:3033} INFO - Sync 1 DAGs
[2025-04-24T00:55:21.588+0000] {logging_mixin.py:188} INFO - [2025-04-24T00:55:21.588+0000] {dag.py:3820} INFO - Setting next_dagrun for projeto2_dag to 2025-04-24T00:55:21.456814+00:00, run_after=2025-04-24T01:55:21.456814+00:00
[2025-04-24T00:55:21.608+0000] {processor.py:183} INFO - Processing /opt/airflow/dags/projeto2_dag.py took 0.693 seconds
[2025-04-24T00:55:51.668+0000] {processor.py:161} INFO - Started process (PID=607) to work on /opt/airflow/dags/projeto2_dag.py
[2025-04-24T00:55:51.670+0000] {processor.py:830} INFO - Processing file /opt/airflow/dags/projeto2_dag.py for tasks to queue
[2025-04-24T00:55:51.672+0000] {logging_mixin.py:188} INFO - [2025-04-24T00:55:51.672+0000] {dagbag.py:538} INFO - Filling up the DagBag from /opt/airflow/dags/projeto2_dag.py
[2025-04-24T00:55:52.201+0000] {processor.py:840} INFO - DAG(s) 'projeto2_dag' retrieved from /opt/airflow/dags/projeto2_dag.py
[2025-04-24T00:55:52.312+0000] {logging_mixin.py:188} INFO - [2025-04-24T00:55:52.312+0000] {dag.py:3033} INFO - Sync 1 DAGs
[2025-04-24T00:55:52.333+0000] {logging_mixin.py:188} INFO - [2025-04-24T00:55:52.333+0000] {dag.py:3820} INFO - Setting next_dagrun for projeto2_dag to 2025-04-24T00:55:52.196816+00:00, run_after=2025-04-24T01:55:52.196816+00:00
[2025-04-24T00:55:52.353+0000] {processor.py:183} INFO - Processing /opt/airflow/dags/projeto2_dag.py took 0.688 seconds
[2025-04-24T00:56:22.475+0000] {processor.py:161} INFO - Started process (PID=617) to work on /opt/airflow/dags/projeto2_dag.py
[2025-04-24T00:56:22.476+0000] {processor.py:830} INFO - Processing file /opt/airflow/dags/projeto2_dag.py for tasks to queue
[2025-04-24T00:56:22.478+0000] {logging_mixin.py:188} INFO - [2025-04-24T00:56:22.478+0000] {dagbag.py:538} INFO - Filling up the DagBag from /opt/airflow/dags/projeto2_dag.py
[2025-04-24T00:56:23.011+0000] {processor.py:840} INFO - DAG(s) 'projeto2_dag' retrieved from /opt/airflow/dags/projeto2_dag.py
[2025-04-24T00:56:23.122+0000] {logging_mixin.py:188} INFO - [2025-04-24T00:56:23.121+0000] {dag.py:3033} INFO - Sync 1 DAGs
[2025-04-24T00:56:23.141+0000] {logging_mixin.py:188} INFO - [2025-04-24T00:56:23.141+0000] {dag.py:3820} INFO - Setting next_dagrun for projeto2_dag to 2025-04-24T00:56:23.006246+00:00, run_after=2025-04-24T01:56:23.006246+00:00
[2025-04-24T00:56:23.156+0000] {processor.py:183} INFO - Processing /opt/airflow/dags/projeto2_dag.py took 0.684 seconds
[2025-04-24T00:56:53.872+0000] {processor.py:161} INFO - Started process (PID=627) to work on /opt/airflow/dags/projeto2_dag.py
[2025-04-24T00:56:53.872+0000] {processor.py:830} INFO - Processing file /opt/airflow/dags/projeto2_dag.py for tasks to queue
[2025-04-24T00:56:53.875+0000] {logging_mixin.py:188} INFO - [2025-04-24T00:56:53.875+0000] {dagbag.py:538} INFO - Filling up the DagBag from /opt/airflow/dags/projeto2_dag.py
[2025-04-24T00:56:54.422+0000] {processor.py:840} INFO - DAG(s) 'projeto2_dag' retrieved from /opt/airflow/dags/projeto2_dag.py
[2025-04-24T00:56:54.535+0000] {logging_mixin.py:188} INFO - [2025-04-24T00:56:54.534+0000] {dag.py:3033} INFO - Sync 1 DAGs
[2025-04-24T00:56:54.555+0000] {logging_mixin.py:188} INFO - [2025-04-24T00:56:54.554+0000] {dag.py:3820} INFO - Setting next_dagrun for projeto2_dag to 2025-04-24T00:56:54.417597+00:00, run_after=2025-04-24T01:56:54.417597+00:00
[2025-04-24T00:56:54.574+0000] {processor.py:183} INFO - Processing /opt/airflow/dags/projeto2_dag.py took 0.706 seconds
[2025-04-24T00:57:24.859+0000] {processor.py:161} INFO - Started process (PID=637) to work on /opt/airflow/dags/projeto2_dag.py
[2025-04-24T00:57:24.860+0000] {processor.py:830} INFO - Processing file /opt/airflow/dags/projeto2_dag.py for tasks to queue
[2025-04-24T00:57:24.862+0000] {logging_mixin.py:188} INFO - [2025-04-24T00:57:24.862+0000] {dagbag.py:538} INFO - Filling up the DagBag from /opt/airflow/dags/projeto2_dag.py
[2025-04-24T00:57:25.486+0000] {processor.py:840} INFO - DAG(s) 'projeto2_dag' retrieved from /opt/airflow/dags/projeto2_dag.py
[2025-04-24T00:57:25.596+0000] {logging_mixin.py:188} INFO - [2025-04-24T00:57:25.595+0000] {dag.py:3033} INFO - Sync 1 DAGs
[2025-04-24T00:57:25.618+0000] {logging_mixin.py:188} INFO - [2025-04-24T00:57:25.618+0000] {dag.py:3820} INFO - Setting next_dagrun for projeto2_dag to 2025-04-24T00:57:25.481430+00:00, run_after=2025-04-24T01:57:25.481430+00:00
[2025-04-24T00:57:25.633+0000] {processor.py:183} INFO - Processing /opt/airflow/dags/projeto2_dag.py took 0.779 seconds
[2025-04-24T00:57:56.034+0000] {processor.py:161} INFO - Started process (PID=647) to work on /opt/airflow/dags/projeto2_dag.py
[2025-04-24T00:57:56.041+0000] {processor.py:830} INFO - Processing file /opt/airflow/dags/projeto2_dag.py for tasks to queue
[2025-04-24T00:57:56.043+0000] {logging_mixin.py:188} INFO - [2025-04-24T00:57:56.043+0000] {dagbag.py:538} INFO - Filling up the DagBag from /opt/airflow/dags/projeto2_dag.py
[2025-04-24T00:57:56.620+0000] {processor.py:840} INFO - DAG(s) 'projeto2_dag' retrieved from /opt/airflow/dags/projeto2_dag.py
[2025-04-24T00:57:56.733+0000] {logging_mixin.py:188} INFO - [2025-04-24T00:57:56.732+0000] {dag.py:3033} INFO - Sync 1 DAGs
[2025-04-24T00:57:56.752+0000] {logging_mixin.py:188} INFO - [2025-04-24T00:57:56.752+0000] {dag.py:3820} INFO - Setting next_dagrun for projeto2_dag to 2025-04-24T00:57:56.615520+00:00, run_after=2025-04-24T01:57:56.615520+00:00
[2025-04-24T00:57:56.773+0000] {processor.py:183} INFO - Processing /opt/airflow/dags/projeto2_dag.py took 0.742 seconds
[2025-04-24T00:58:27.315+0000] {processor.py:161} INFO - Started process (PID=657) to work on /opt/airflow/dags/projeto2_dag.py
[2025-04-24T00:58:27.316+0000] {processor.py:830} INFO - Processing file /opt/airflow/dags/projeto2_dag.py for tasks to queue
[2025-04-24T00:58:27.318+0000] {logging_mixin.py:188} INFO - [2025-04-24T00:58:27.318+0000] {dagbag.py:538} INFO - Filling up the DagBag from /opt/airflow/dags/projeto2_dag.py
[2025-04-24T00:58:27.882+0000] {processor.py:840} INFO - DAG(s) 'projeto2_dag' retrieved from /opt/airflow/dags/projeto2_dag.py
[2025-04-24T00:58:28.000+0000] {logging_mixin.py:188} INFO - [2025-04-24T00:58:28.000+0000] {dag.py:3033} INFO - Sync 1 DAGs
[2025-04-24T00:58:28.021+0000] {logging_mixin.py:188} INFO - [2025-04-24T00:58:28.021+0000] {dag.py:3820} INFO - Setting next_dagrun for projeto2_dag to 2025-04-24T00:58:27.877835+00:00, run_after=2025-04-24T01:58:27.877835+00:00
[2025-04-24T00:58:28.038+0000] {processor.py:183} INFO - Processing /opt/airflow/dags/projeto2_dag.py took 0.726 seconds
[2025-04-24T00:58:58.352+0000] {processor.py:161} INFO - Started process (PID=667) to work on /opt/airflow/dags/projeto2_dag.py
[2025-04-24T00:58:58.353+0000] {processor.py:830} INFO - Processing file /opt/airflow/dags/projeto2_dag.py for tasks to queue
[2025-04-24T00:58:58.355+0000] {logging_mixin.py:188} INFO - [2025-04-24T00:58:58.355+0000] {dagbag.py:538} INFO - Filling up the DagBag from /opt/airflow/dags/projeto2_dag.py
[2025-04-24T00:58:58.892+0000] {processor.py:840} INFO - DAG(s) 'projeto2_dag' retrieved from /opt/airflow/dags/projeto2_dag.py
[2025-04-24T00:58:59.015+0000] {logging_mixin.py:188} INFO - [2025-04-24T00:58:59.014+0000] {dag.py:3033} INFO - Sync 1 DAGs
[2025-04-24T00:58:59.035+0000] {logging_mixin.py:188} INFO - [2025-04-24T00:58:59.035+0000] {dag.py:3820} INFO - Setting next_dagrun for projeto2_dag to 2025-04-24T00:58:58.887763+00:00, run_after=2025-04-24T01:58:58.887763+00:00
[2025-04-24T00:58:59.051+0000] {processor.py:183} INFO - Processing /opt/airflow/dags/projeto2_dag.py took 0.702 seconds
[2025-04-24T00:59:29.777+0000] {processor.py:161} INFO - Started process (PID=677) to work on /opt/airflow/dags/projeto2_dag.py
[2025-04-24T00:59:29.778+0000] {processor.py:830} INFO - Processing file /opt/airflow/dags/projeto2_dag.py for tasks to queue
[2025-04-24T00:59:29.783+0000] {logging_mixin.py:188} INFO - [2025-04-24T00:59:29.782+0000] {dagbag.py:538} INFO - Filling up the DagBag from /opt/airflow/dags/projeto2_dag.py
[2025-04-24T00:59:30.347+0000] {processor.py:840} INFO - DAG(s) 'projeto2_dag' retrieved from /opt/airflow/dags/projeto2_dag.py
[2025-04-24T00:59:30.458+0000] {logging_mixin.py:188} INFO - [2025-04-24T00:59:30.457+0000] {dag.py:3033} INFO - Sync 1 DAGs
[2025-04-24T00:59:30.479+0000] {logging_mixin.py:188} INFO - [2025-04-24T00:59:30.479+0000] {dag.py:3820} INFO - Setting next_dagrun for projeto2_dag to 2025-04-24T00:59:30.342135+00:00, run_after=2025-04-24T01:59:30.342135+00:00
[2025-04-24T00:59:30.498+0000] {processor.py:183} INFO - Processing /opt/airflow/dags/projeto2_dag.py took 0.724 seconds
[2025-04-24T01:00:00.887+0000] {processor.py:161} INFO - Started process (PID=687) to work on /opt/airflow/dags/projeto2_dag.py
[2025-04-24T01:00:00.887+0000] {processor.py:830} INFO - Processing file /opt/airflow/dags/projeto2_dag.py for tasks to queue
[2025-04-24T01:00:00.890+0000] {logging_mixin.py:188} INFO - [2025-04-24T01:00:00.890+0000] {dagbag.py:538} INFO - Filling up the DagBag from /opt/airflow/dags/projeto2_dag.py
[2025-04-24T01:00:01.424+0000] {processor.py:840} INFO - DAG(s) 'projeto2_dag' retrieved from /opt/airflow/dags/projeto2_dag.py
[2025-04-24T01:00:01.535+0000] {logging_mixin.py:188} INFO - [2025-04-24T01:00:01.534+0000] {dag.py:3033} INFO - Sync 1 DAGs
[2025-04-24T01:00:01.558+0000] {logging_mixin.py:188} INFO - [2025-04-24T01:00:01.558+0000] {dag.py:3820} INFO - Setting next_dagrun for projeto2_dag to 2025-04-24T01:00:01.419811+00:00, run_after=2025-04-24T02:00:01.419811+00:00
[2025-04-24T01:00:01.574+0000] {processor.py:183} INFO - Processing /opt/airflow/dags/projeto2_dag.py took 0.691 seconds
[2025-04-24T01:00:31.696+0000] {processor.py:161} INFO - Started process (PID=697) to work on /opt/airflow/dags/projeto2_dag.py
[2025-04-24T01:00:31.697+0000] {processor.py:830} INFO - Processing file /opt/airflow/dags/projeto2_dag.py for tasks to queue
[2025-04-24T01:00:31.699+0000] {logging_mixin.py:188} INFO - [2025-04-24T01:00:31.699+0000] {dagbag.py:538} INFO - Filling up the DagBag from /opt/airflow/dags/projeto2_dag.py
[2025-04-24T01:00:32.220+0000] {processor.py:840} INFO - DAG(s) 'projeto2_dag' retrieved from /opt/airflow/dags/projeto2_dag.py
[2025-04-24T01:00:32.333+0000] {logging_mixin.py:188} INFO - [2025-04-24T01:00:32.333+0000] {dag.py:3033} INFO - Sync 1 DAGs
[2025-04-24T01:00:32.354+0000] {logging_mixin.py:188} INFO - [2025-04-24T01:00:32.354+0000] {dag.py:3820} INFO - Setting next_dagrun for projeto2_dag to 2025-04-24T01:00:32.215358+00:00, run_after=2025-04-24T02:00:32.215358+00:00
[2025-04-24T01:00:32.370+0000] {processor.py:183} INFO - Processing /opt/airflow/dags/projeto2_dag.py took 0.678 seconds
[2025-04-24T01:01:02.993+0000] {processor.py:161} INFO - Started process (PID=707) to work on /opt/airflow/dags/projeto2_dag.py
[2025-04-24T01:01:02.995+0000] {processor.py:830} INFO - Processing file /opt/airflow/dags/projeto2_dag.py for tasks to queue
[2025-04-24T01:01:02.999+0000] {logging_mixin.py:188} INFO - [2025-04-24T01:01:02.998+0000] {dagbag.py:538} INFO - Filling up the DagBag from /opt/airflow/dags/projeto2_dag.py
[2025-04-24T01:01:03.877+0000] {processor.py:840} INFO - DAG(s) 'projeto2_dag' retrieved from /opt/airflow/dags/projeto2_dag.py
[2025-04-24T01:01:04.111+0000] {logging_mixin.py:188} INFO - [2025-04-24T01:01:04.110+0000] {dag.py:3033} INFO - Sync 1 DAGs
[2025-04-24T01:01:04.157+0000] {logging_mixin.py:188} INFO - [2025-04-24T01:01:04.156+0000] {dag.py:3820} INFO - Setting next_dagrun for projeto2_dag to 2025-04-24T01:01:03.867846+00:00, run_after=2025-04-24T02:01:03.867846+00:00
[2025-04-24T01:01:04.206+0000] {processor.py:183} INFO - Processing /opt/airflow/dags/projeto2_dag.py took 1.218 seconds
[2025-04-24T01:01:35.216+0000] {processor.py:161} INFO - Started process (PID=717) to work on /opt/airflow/dags/projeto2_dag.py
[2025-04-24T01:01:35.217+0000] {processor.py:830} INFO - Processing file /opt/airflow/dags/projeto2_dag.py for tasks to queue
[2025-04-24T01:01:35.220+0000] {logging_mixin.py:188} INFO - [2025-04-24T01:01:35.220+0000] {dagbag.py:538} INFO - Filling up the DagBag from /opt/airflow/dags/projeto2_dag.py
[2025-04-24T01:01:35.771+0000] {processor.py:840} INFO - DAG(s) 'projeto2_dag' retrieved from /opt/airflow/dags/projeto2_dag.py
[2025-04-24T01:01:35.892+0000] {logging_mixin.py:188} INFO - [2025-04-24T01:01:35.891+0000] {dag.py:3033} INFO - Sync 1 DAGs
[2025-04-24T01:01:35.915+0000] {logging_mixin.py:188} INFO - [2025-04-24T01:01:35.915+0000] {dag.py:3820} INFO - Setting next_dagrun for projeto2_dag to 2025-04-24T01:01:35.766065+00:00, run_after=2025-04-24T02:01:35.766065+00:00
[2025-04-24T01:01:35.939+0000] {processor.py:183} INFO - Processing /opt/airflow/dags/projeto2_dag.py took 0.729 seconds
[2025-04-24T01:02:06.259+0000] {processor.py:161} INFO - Started process (PID=727) to work on /opt/airflow/dags/projeto2_dag.py
[2025-04-24T01:02:06.260+0000] {processor.py:830} INFO - Processing file /opt/airflow/dags/projeto2_dag.py for tasks to queue
[2025-04-24T01:02:06.262+0000] {logging_mixin.py:188} INFO - [2025-04-24T01:02:06.262+0000] {dagbag.py:538} INFO - Filling up the DagBag from /opt/airflow/dags/projeto2_dag.py
[2025-04-24T01:02:06.795+0000] {processor.py:840} INFO - DAG(s) 'projeto2_dag' retrieved from /opt/airflow/dags/projeto2_dag.py
[2025-04-24T01:02:06.905+0000] {logging_mixin.py:188} INFO - [2025-04-24T01:02:06.904+0000] {dag.py:3033} INFO - Sync 1 DAGs
[2025-04-24T01:02:06.924+0000] {logging_mixin.py:188} INFO - [2025-04-24T01:02:06.924+0000] {dag.py:3820} INFO - Setting next_dagrun for projeto2_dag to 2025-04-24T01:02:06.790384+00:00, run_after=2025-04-24T02:02:06.790384+00:00
[2025-04-24T01:02:06.944+0000] {processor.py:183} INFO - Processing /opt/airflow/dags/projeto2_dag.py took 0.688 seconds
[2025-04-24T01:02:37.298+0000] {processor.py:161} INFO - Started process (PID=737) to work on /opt/airflow/dags/projeto2_dag.py
[2025-04-24T01:02:37.305+0000] {processor.py:830} INFO - Processing file /opt/airflow/dags/projeto2_dag.py for tasks to queue
[2025-04-24T01:02:37.311+0000] {logging_mixin.py:188} INFO - [2025-04-24T01:02:37.310+0000] {dagbag.py:538} INFO - Filling up the DagBag from /opt/airflow/dags/projeto2_dag.py
[2025-04-24T01:02:38.061+0000] {processor.py:840} INFO - DAG(s) 'projeto2_dag' retrieved from /opt/airflow/dags/projeto2_dag.py
[2025-04-24T01:02:38.244+0000] {logging_mixin.py:188} INFO - [2025-04-24T01:02:38.243+0000] {dag.py:3033} INFO - Sync 1 DAGs
[2025-04-24T01:02:38.286+0000] {logging_mixin.py:188} INFO - [2025-04-24T01:02:38.286+0000] {dag.py:3820} INFO - Setting next_dagrun for projeto2_dag to 2025-04-24T01:02:38.056017+00:00, run_after=2025-04-24T02:02:38.056017+00:00
[2025-04-24T01:02:38.344+0000] {processor.py:183} INFO - Processing /opt/airflow/dags/projeto2_dag.py took 1.053 seconds
[2025-04-24T01:03:08.638+0000] {processor.py:161} INFO - Started process (PID=747) to work on /opt/airflow/dags/projeto2_dag.py
[2025-04-24T01:03:08.638+0000] {processor.py:830} INFO - Processing file /opt/airflow/dags/projeto2_dag.py for tasks to queue
[2025-04-24T01:03:08.641+0000] {logging_mixin.py:188} INFO - [2025-04-24T01:03:08.641+0000] {dagbag.py:538} INFO - Filling up the DagBag from /opt/airflow/dags/projeto2_dag.py
[2025-04-24T01:03:09.180+0000] {processor.py:840} INFO - DAG(s) 'projeto2_dag' retrieved from /opt/airflow/dags/projeto2_dag.py
[2025-04-24T01:03:09.290+0000] {logging_mixin.py:188} INFO - [2025-04-24T01:03:09.289+0000] {dag.py:3033} INFO - Sync 1 DAGs
[2025-04-24T01:03:09.313+0000] {logging_mixin.py:188} INFO - [2025-04-24T01:03:09.312+0000] {dag.py:3820} INFO - Setting next_dagrun for projeto2_dag to 2025-04-24T01:03:09.175254+00:00, run_after=2025-04-24T02:03:09.175254+00:00
[2025-04-24T01:03:09.333+0000] {processor.py:183} INFO - Processing /opt/airflow/dags/projeto2_dag.py took 0.698 seconds
[2025-04-24T01:03:39.916+0000] {processor.py:161} INFO - Started process (PID=757) to work on /opt/airflow/dags/projeto2_dag.py
[2025-04-24T01:03:39.917+0000] {processor.py:830} INFO - Processing file /opt/airflow/dags/projeto2_dag.py for tasks to queue
[2025-04-24T01:03:39.919+0000] {logging_mixin.py:188} INFO - [2025-04-24T01:03:39.919+0000] {dagbag.py:538} INFO - Filling up the DagBag from /opt/airflow/dags/projeto2_dag.py
[2025-04-24T01:03:40.589+0000] {processor.py:840} INFO - DAG(s) 'projeto2_dag' retrieved from /opt/airflow/dags/projeto2_dag.py
[2025-04-24T01:03:40.701+0000] {logging_mixin.py:188} INFO - [2025-04-24T01:03:40.700+0000] {dag.py:3033} INFO - Sync 1 DAGs
[2025-04-24T01:03:40.723+0000] {logging_mixin.py:188} INFO - [2025-04-24T01:03:40.722+0000] {dag.py:3820} INFO - Setting next_dagrun for projeto2_dag to 2025-04-24T01:03:40.584792+00:00, run_after=2025-04-24T02:03:40.584792+00:00
[2025-04-24T01:03:40.738+0000] {processor.py:183} INFO - Processing /opt/airflow/dags/projeto2_dag.py took 0.824 seconds
