[2025-04-24T00:26:01.569+0000] {processor.py:161} INFO - Started process (PID=53) to work on /opt/airflow/dags/projeto2_etl.py
[2025-04-24T00:26:01.586+0000] {processor.py:830} INFO - Processing file /opt/airflow/dags/projeto2_etl.py for tasks to queue
[2025-04-24T00:26:01.607+0000] {logging_mixin.py:188} INFO - [2025-04-24T00:26:01.602+0000] {dagbag.py:538} INFO - Filling up the DagBag from /opt/airflow/dags/projeto2_etl.py
[2025-04-24T00:26:03.168+0000] {processor.py:842} WARNING - No viable dags retrieved from /opt/airflow/dags/projeto2_etl.py
[2025-04-24T00:26:03.215+0000] {processor.py:183} INFO - Processing /opt/airflow/dags/projeto2_etl.py took 1.677 seconds
[2025-04-24T00:27:45.285+0000] {processor.py:161} INFO - Started process (PID=57) to work on /opt/airflow/dags/projeto2_etl.py
[2025-04-24T00:27:45.296+0000] {processor.py:830} INFO - Processing file /opt/airflow/dags/projeto2_etl.py for tasks to queue
[2025-04-24T00:27:45.301+0000] {logging_mixin.py:188} INFO - [2025-04-24T00:27:45.300+0000] {dagbag.py:538} INFO - Filling up the DagBag from /opt/airflow/dags/projeto2_etl.py
[2025-04-24T00:27:46.848+0000] {processor.py:842} WARNING - No viable dags retrieved from /opt/airflow/dags/projeto2_etl.py
[2025-04-24T00:27:46.869+0000] {processor.py:183} INFO - Processing /opt/airflow/dags/projeto2_etl.py took 1.590 seconds
[2025-04-24T00:28:17.217+0000] {processor.py:161} INFO - Started process (PID=67) to work on /opt/airflow/dags/projeto2_etl.py
[2025-04-24T00:28:17.219+0000] {processor.py:830} INFO - Processing file /opt/airflow/dags/projeto2_etl.py for tasks to queue
[2025-04-24T00:28:17.226+0000] {logging_mixin.py:188} INFO - [2025-04-24T00:28:17.226+0000] {dagbag.py:538} INFO - Filling up the DagBag from /opt/airflow/dags/projeto2_etl.py
[2025-04-24T00:28:18.683+0000] {processor.py:842} WARNING - No viable dags retrieved from /opt/airflow/dags/projeto2_etl.py
[2025-04-24T00:28:18.717+0000] {processor.py:183} INFO - Processing /opt/airflow/dags/projeto2_etl.py took 1.508 seconds
[2025-04-24T00:28:49.084+0000] {processor.py:161} INFO - Started process (PID=77) to work on /opt/airflow/dags/projeto2_etl.py
[2025-04-24T00:28:49.086+0000] {processor.py:830} INFO - Processing file /opt/airflow/dags/projeto2_etl.py for tasks to queue
[2025-04-24T00:28:49.088+0000] {logging_mixin.py:188} INFO - [2025-04-24T00:28:49.087+0000] {dagbag.py:538} INFO - Filling up the DagBag from /opt/airflow/dags/projeto2_etl.py
[2025-04-24T00:28:49.658+0000] {processor.py:842} WARNING - No viable dags retrieved from /opt/airflow/dags/projeto2_etl.py
[2025-04-24T00:28:49.670+0000] {processor.py:183} INFO - Processing /opt/airflow/dags/projeto2_etl.py took 0.589 seconds
[2025-04-24T00:29:19.738+0000] {processor.py:161} INFO - Started process (PID=87) to work on /opt/airflow/dags/projeto2_etl.py
[2025-04-24T00:29:19.740+0000] {processor.py:830} INFO - Processing file /opt/airflow/dags/projeto2_etl.py for tasks to queue
[2025-04-24T00:29:19.744+0000] {logging_mixin.py:188} INFO - [2025-04-24T00:29:19.743+0000] {dagbag.py:538} INFO - Filling up the DagBag from /opt/airflow/dags/projeto2_etl.py
[2025-04-24T00:29:20.259+0000] {processor.py:842} WARNING - No viable dags retrieved from /opt/airflow/dags/projeto2_etl.py
[2025-04-24T00:29:20.282+0000] {processor.py:183} INFO - Processing /opt/airflow/dags/projeto2_etl.py took 0.550 seconds
[2025-04-24T00:29:50.753+0000] {processor.py:161} INFO - Started process (PID=97) to work on /opt/airflow/dags/projeto2_etl.py
[2025-04-24T00:29:50.754+0000] {processor.py:830} INFO - Processing file /opt/airflow/dags/projeto2_etl.py for tasks to queue
[2025-04-24T00:29:50.759+0000] {logging_mixin.py:188} INFO - [2025-04-24T00:29:50.758+0000] {dagbag.py:538} INFO - Filling up the DagBag from /opt/airflow/dags/projeto2_etl.py
[2025-04-24T00:29:51.808+0000] {processor.py:842} WARNING - No viable dags retrieved from /opt/airflow/dags/projeto2_etl.py
[2025-04-24T00:29:51.828+0000] {processor.py:183} INFO - Processing /opt/airflow/dags/projeto2_etl.py took 1.081 seconds
[2025-04-24T00:30:21.965+0000] {processor.py:161} INFO - Started process (PID=107) to work on /opt/airflow/dags/projeto2_etl.py
[2025-04-24T00:30:21.971+0000] {processor.py:830} INFO - Processing file /opt/airflow/dags/projeto2_etl.py for tasks to queue
[2025-04-24T00:30:21.974+0000] {logging_mixin.py:188} INFO - [2025-04-24T00:30:21.974+0000] {dagbag.py:538} INFO - Filling up the DagBag from /opt/airflow/dags/projeto2_etl.py
[2025-04-24T00:30:22.644+0000] {processor.py:842} WARNING - No viable dags retrieved from /opt/airflow/dags/projeto2_etl.py
[2025-04-24T00:30:22.658+0000] {processor.py:183} INFO - Processing /opt/airflow/dags/projeto2_etl.py took 0.697 seconds
[2025-04-24T00:30:52.967+0000] {processor.py:161} INFO - Started process (PID=116) to work on /opt/airflow/dags/projeto2_etl.py
[2025-04-24T00:30:52.969+0000] {processor.py:830} INFO - Processing file /opt/airflow/dags/projeto2_etl.py for tasks to queue
[2025-04-24T00:30:52.971+0000] {logging_mixin.py:188} INFO - [2025-04-24T00:30:52.970+0000] {dagbag.py:538} INFO - Filling up the DagBag from /opt/airflow/dags/projeto2_etl.py
[2025-04-24T00:30:53.555+0000] {processor.py:842} WARNING - No viable dags retrieved from /opt/airflow/dags/projeto2_etl.py
[2025-04-24T00:30:53.566+0000] {processor.py:183} INFO - Processing /opt/airflow/dags/projeto2_etl.py took 0.603 seconds
[2025-04-24T00:31:23.634+0000] {processor.py:161} INFO - Started process (PID=126) to work on /opt/airflow/dags/projeto2_etl.py
[2025-04-24T00:31:23.636+0000] {processor.py:830} INFO - Processing file /opt/airflow/dags/projeto2_etl.py for tasks to queue
[2025-04-24T00:31:23.641+0000] {logging_mixin.py:188} INFO - [2025-04-24T00:31:23.640+0000] {dagbag.py:538} INFO - Filling up the DagBag from /opt/airflow/dags/projeto2_etl.py
[2025-04-24T00:31:24.543+0000] {processor.py:842} WARNING - No viable dags retrieved from /opt/airflow/dags/projeto2_etl.py
[2025-04-24T00:31:24.554+0000] {processor.py:183} INFO - Processing /opt/airflow/dags/projeto2_etl.py took 0.926 seconds
[2025-04-24T00:31:55.041+0000] {processor.py:161} INFO - Started process (PID=135) to work on /opt/airflow/dags/projeto2_etl.py
[2025-04-24T00:31:55.042+0000] {processor.py:830} INFO - Processing file /opt/airflow/dags/projeto2_etl.py for tasks to queue
[2025-04-24T00:31:55.044+0000] {logging_mixin.py:188} INFO - [2025-04-24T00:31:55.044+0000] {dagbag.py:538} INFO - Filling up the DagBag from /opt/airflow/dags/projeto2_etl.py
[2025-04-24T00:31:55.598+0000] {processor.py:842} WARNING - No viable dags retrieved from /opt/airflow/dags/projeto2_etl.py
[2025-04-24T00:31:55.612+0000] {processor.py:183} INFO - Processing /opt/airflow/dags/projeto2_etl.py took 0.573 seconds
[2025-04-24T00:32:26.352+0000] {processor.py:161} INFO - Started process (PID=145) to work on /opt/airflow/dags/projeto2_etl.py
[2025-04-24T00:32:26.357+0000] {processor.py:830} INFO - Processing file /opt/airflow/dags/projeto2_etl.py for tasks to queue
[2025-04-24T00:32:26.359+0000] {logging_mixin.py:188} INFO - [2025-04-24T00:32:26.359+0000] {dagbag.py:538} INFO - Filling up the DagBag from /opt/airflow/dags/projeto2_etl.py
[2025-04-24T00:32:26.747+0000] {processor.py:842} WARNING - No viable dags retrieved from /opt/airflow/dags/projeto2_etl.py
[2025-04-24T00:32:26.762+0000] {processor.py:183} INFO - Processing /opt/airflow/dags/projeto2_etl.py took 0.413 seconds
[2025-04-24T00:32:56.845+0000] {processor.py:161} INFO - Started process (PID=155) to work on /opt/airflow/dags/projeto2_etl.py
[2025-04-24T00:32:56.848+0000] {processor.py:830} INFO - Processing file /opt/airflow/dags/projeto2_etl.py for tasks to queue
[2025-04-24T00:32:56.851+0000] {logging_mixin.py:188} INFO - [2025-04-24T00:32:56.850+0000] {dagbag.py:538} INFO - Filling up the DagBag from /opt/airflow/dags/projeto2_etl.py
[2025-04-24T00:32:57.402+0000] {processor.py:842} WARNING - No viable dags retrieved from /opt/airflow/dags/projeto2_etl.py
[2025-04-24T00:32:57.413+0000] {processor.py:183} INFO - Processing /opt/airflow/dags/projeto2_etl.py took 0.572 seconds
[2025-04-24T00:33:27.778+0000] {processor.py:161} INFO - Started process (PID=165) to work on /opt/airflow/dags/projeto2_etl.py
[2025-04-24T00:33:27.779+0000] {processor.py:830} INFO - Processing file /opt/airflow/dags/projeto2_etl.py for tasks to queue
[2025-04-24T00:33:27.782+0000] {logging_mixin.py:188} INFO - [2025-04-24T00:33:27.781+0000] {dagbag.py:538} INFO - Filling up the DagBag from /opt/airflow/dags/projeto2_etl.py
[2025-04-24T00:33:28.349+0000] {processor.py:842} WARNING - No viable dags retrieved from /opt/airflow/dags/projeto2_etl.py
[2025-04-24T00:33:28.361+0000] {processor.py:183} INFO - Processing /opt/airflow/dags/projeto2_etl.py took 0.586 seconds
[2025-04-24T00:33:58.567+0000] {processor.py:161} INFO - Started process (PID=175) to work on /opt/airflow/dags/projeto2_etl.py
[2025-04-24T00:33:58.568+0000] {processor.py:830} INFO - Processing file /opt/airflow/dags/projeto2_etl.py for tasks to queue
[2025-04-24T00:33:58.571+0000] {logging_mixin.py:188} INFO - [2025-04-24T00:33:58.571+0000] {dagbag.py:538} INFO - Filling up the DagBag from /opt/airflow/dags/projeto2_etl.py
[2025-04-24T00:33:59.218+0000] {processor.py:842} WARNING - No viable dags retrieved from /opt/airflow/dags/projeto2_etl.py
[2025-04-24T00:33:59.234+0000] {processor.py:183} INFO - Processing /opt/airflow/dags/projeto2_etl.py took 0.673 seconds
[2025-04-24T00:34:29.580+0000] {processor.py:161} INFO - Started process (PID=185) to work on /opt/airflow/dags/projeto2_etl.py
[2025-04-24T00:34:29.581+0000] {processor.py:830} INFO - Processing file /opt/airflow/dags/projeto2_etl.py for tasks to queue
[2025-04-24T00:34:29.583+0000] {logging_mixin.py:188} INFO - [2025-04-24T00:34:29.582+0000] {dagbag.py:538} INFO - Filling up the DagBag from /opt/airflow/dags/projeto2_etl.py
[2025-04-24T00:34:30.164+0000] {processor.py:842} WARNING - No viable dags retrieved from /opt/airflow/dags/projeto2_etl.py
[2025-04-24T00:34:30.178+0000] {processor.py:183} INFO - Processing /opt/airflow/dags/projeto2_etl.py took 0.602 seconds
[2025-04-24T00:35:00.712+0000] {processor.py:161} INFO - Started process (PID=195) to work on /opt/airflow/dags/projeto2_etl.py
[2025-04-24T00:35:00.714+0000] {processor.py:830} INFO - Processing file /opt/airflow/dags/projeto2_etl.py for tasks to queue
[2025-04-24T00:35:00.717+0000] {logging_mixin.py:188} INFO - [2025-04-24T00:35:00.717+0000] {dagbag.py:538} INFO - Filling up the DagBag from /opt/airflow/dags/projeto2_etl.py
[2025-04-24T00:35:01.339+0000] {processor.py:842} WARNING - No viable dags retrieved from /opt/airflow/dags/projeto2_etl.py
[2025-04-24T00:35:01.351+0000] {processor.py:183} INFO - Processing /opt/airflow/dags/projeto2_etl.py took 0.643 seconds
[2025-04-24T00:35:31.767+0000] {processor.py:161} INFO - Started process (PID=205) to work on /opt/airflow/dags/projeto2_etl.py
[2025-04-24T00:35:31.768+0000] {processor.py:830} INFO - Processing file /opt/airflow/dags/projeto2_etl.py for tasks to queue
[2025-04-24T00:35:31.770+0000] {logging_mixin.py:188} INFO - [2025-04-24T00:35:31.769+0000] {dagbag.py:538} INFO - Filling up the DagBag from /opt/airflow/dags/projeto2_etl.py
[2025-04-24T00:35:32.352+0000] {processor.py:842} WARNING - No viable dags retrieved from /opt/airflow/dags/projeto2_etl.py
[2025-04-24T00:35:32.363+0000] {processor.py:183} INFO - Processing /opt/airflow/dags/projeto2_etl.py took 0.600 seconds
[2025-04-24T00:36:02.740+0000] {processor.py:161} INFO - Started process (PID=215) to work on /opt/airflow/dags/projeto2_etl.py
[2025-04-24T00:36:02.741+0000] {processor.py:830} INFO - Processing file /opt/airflow/dags/projeto2_etl.py for tasks to queue
[2025-04-24T00:36:02.743+0000] {logging_mixin.py:188} INFO - [2025-04-24T00:36:02.743+0000] {dagbag.py:538} INFO - Filling up the DagBag from /opt/airflow/dags/projeto2_etl.py
[2025-04-24T00:36:03.288+0000] {processor.py:842} WARNING - No viable dags retrieved from /opt/airflow/dags/projeto2_etl.py
[2025-04-24T00:36:03.299+0000] {processor.py:183} INFO - Processing /opt/airflow/dags/projeto2_etl.py took 0.562 seconds
[2025-04-24T00:36:33.885+0000] {processor.py:161} INFO - Started process (PID=225) to work on /opt/airflow/dags/projeto2_etl.py
[2025-04-24T00:36:33.886+0000] {processor.py:830} INFO - Processing file /opt/airflow/dags/projeto2_etl.py for tasks to queue
[2025-04-24T00:36:33.888+0000] {logging_mixin.py:188} INFO - [2025-04-24T00:36:33.888+0000] {dagbag.py:538} INFO - Filling up the DagBag from /opt/airflow/dags/projeto2_etl.py
[2025-04-24T00:36:34.395+0000] {processor.py:842} WARNING - No viable dags retrieved from /opt/airflow/dags/projeto2_etl.py
[2025-04-24T00:36:34.406+0000] {processor.py:183} INFO - Processing /opt/airflow/dags/projeto2_etl.py took 0.525 seconds
[2025-04-24T00:37:04.743+0000] {processor.py:161} INFO - Started process (PID=235) to work on /opt/airflow/dags/projeto2_etl.py
[2025-04-24T00:37:04.743+0000] {processor.py:830} INFO - Processing file /opt/airflow/dags/projeto2_etl.py for tasks to queue
[2025-04-24T00:37:04.745+0000] {logging_mixin.py:188} INFO - [2025-04-24T00:37:04.745+0000] {dagbag.py:538} INFO - Filling up the DagBag from /opt/airflow/dags/projeto2_etl.py
[2025-04-24T00:37:05.263+0000] {processor.py:842} WARNING - No viable dags retrieved from /opt/airflow/dags/projeto2_etl.py
[2025-04-24T00:37:05.273+0000] {processor.py:183} INFO - Processing /opt/airflow/dags/projeto2_etl.py took 0.534 seconds
[2025-04-24T00:37:36.511+0000] {processor.py:161} INFO - Started process (PID=245) to work on /opt/airflow/dags/projeto2_etl.py
[2025-04-24T00:37:36.512+0000] {processor.py:830} INFO - Processing file /opt/airflow/dags/projeto2_etl.py for tasks to queue
[2025-04-24T00:37:36.514+0000] {logging_mixin.py:188} INFO - [2025-04-24T00:37:36.514+0000] {dagbag.py:538} INFO - Filling up the DagBag from /opt/airflow/dags/projeto2_etl.py
[2025-04-24T00:37:37.030+0000] {processor.py:842} WARNING - No viable dags retrieved from /opt/airflow/dags/projeto2_etl.py
[2025-04-24T00:37:37.046+0000] {processor.py:183} INFO - Processing /opt/airflow/dags/projeto2_etl.py took 0.540 seconds
[2025-04-24T00:38:07.968+0000] {processor.py:161} INFO - Started process (PID=255) to work on /opt/airflow/dags/projeto2_etl.py
[2025-04-24T00:38:07.969+0000] {processor.py:830} INFO - Processing file /opt/airflow/dags/projeto2_etl.py for tasks to queue
[2025-04-24T00:38:07.971+0000] {logging_mixin.py:188} INFO - [2025-04-24T00:38:07.971+0000] {dagbag.py:538} INFO - Filling up the DagBag from /opt/airflow/dags/projeto2_etl.py
[2025-04-24T00:38:08.484+0000] {processor.py:842} WARNING - No viable dags retrieved from /opt/airflow/dags/projeto2_etl.py
[2025-04-24T00:38:08.499+0000] {processor.py:183} INFO - Processing /opt/airflow/dags/projeto2_etl.py took 0.533 seconds
[2025-04-24T00:38:39.004+0000] {processor.py:161} INFO - Started process (PID=265) to work on /opt/airflow/dags/projeto2_etl.py
[2025-04-24T00:38:39.005+0000] {processor.py:830} INFO - Processing file /opt/airflow/dags/projeto2_etl.py for tasks to queue
[2025-04-24T00:38:39.008+0000] {logging_mixin.py:188} INFO - [2025-04-24T00:38:39.008+0000] {dagbag.py:538} INFO - Filling up the DagBag from /opt/airflow/dags/projeto2_etl.py
[2025-04-24T00:38:39.540+0000] {processor.py:842} WARNING - No viable dags retrieved from /opt/airflow/dags/projeto2_etl.py
[2025-04-24T00:38:39.554+0000] {processor.py:183} INFO - Processing /opt/airflow/dags/projeto2_etl.py took 0.555 seconds
[2025-04-24T00:39:10.031+0000] {processor.py:161} INFO - Started process (PID=275) to work on /opt/airflow/dags/projeto2_etl.py
[2025-04-24T00:39:10.032+0000] {processor.py:830} INFO - Processing file /opt/airflow/dags/projeto2_etl.py for tasks to queue
[2025-04-24T00:39:10.034+0000] {logging_mixin.py:188} INFO - [2025-04-24T00:39:10.033+0000] {dagbag.py:538} INFO - Filling up the DagBag from /opt/airflow/dags/projeto2_etl.py
[2025-04-24T00:39:10.526+0000] {processor.py:842} WARNING - No viable dags retrieved from /opt/airflow/dags/projeto2_etl.py
[2025-04-24T00:39:10.540+0000] {processor.py:183} INFO - Processing /opt/airflow/dags/projeto2_etl.py took 0.512 seconds
[2025-04-24T00:39:40.708+0000] {processor.py:161} INFO - Started process (PID=285) to work on /opt/airflow/dags/projeto2_etl.py
[2025-04-24T00:39:40.709+0000] {processor.py:830} INFO - Processing file /opt/airflow/dags/projeto2_etl.py for tasks to queue
[2025-04-24T00:39:40.711+0000] {logging_mixin.py:188} INFO - [2025-04-24T00:39:40.711+0000] {dagbag.py:538} INFO - Filling up the DagBag from /opt/airflow/dags/projeto2_etl.py
[2025-04-24T00:39:41.225+0000] {processor.py:842} WARNING - No viable dags retrieved from /opt/airflow/dags/projeto2_etl.py
[2025-04-24T00:39:41.235+0000] {processor.py:183} INFO - Processing /opt/airflow/dags/projeto2_etl.py took 0.530 seconds
[2025-04-24T00:40:12.179+0000] {processor.py:161} INFO - Started process (PID=301) to work on /opt/airflow/dags/projeto2_etl.py
[2025-04-24T00:40:12.180+0000] {processor.py:830} INFO - Processing file /opt/airflow/dags/projeto2_etl.py for tasks to queue
[2025-04-24T00:40:12.182+0000] {logging_mixin.py:188} INFO - [2025-04-24T00:40:12.181+0000] {dagbag.py:538} INFO - Filling up the DagBag from /opt/airflow/dags/projeto2_etl.py
[2025-04-24T00:40:12.725+0000] {processor.py:842} WARNING - No viable dags retrieved from /opt/airflow/dags/projeto2_etl.py
[2025-04-24T00:40:12.739+0000] {processor.py:183} INFO - Processing /opt/airflow/dags/projeto2_etl.py took 0.564 seconds
[2025-04-24T00:40:43.460+0000] {processor.py:161} INFO - Started process (PID=310) to work on /opt/airflow/dags/projeto2_etl.py
[2025-04-24T00:40:43.460+0000] {processor.py:830} INFO - Processing file /opt/airflow/dags/projeto2_etl.py for tasks to queue
[2025-04-24T00:40:43.462+0000] {logging_mixin.py:188} INFO - [2025-04-24T00:40:43.462+0000] {dagbag.py:538} INFO - Filling up the DagBag from /opt/airflow/dags/projeto2_etl.py
[2025-04-24T00:40:44.029+0000] {processor.py:842} WARNING - No viable dags retrieved from /opt/airflow/dags/projeto2_etl.py
[2025-04-24T00:40:44.040+0000] {processor.py:183} INFO - Processing /opt/airflow/dags/projeto2_etl.py took 0.584 seconds
[2025-04-24T00:41:14.520+0000] {processor.py:161} INFO - Started process (PID=321) to work on /opt/airflow/dags/projeto2_etl.py
[2025-04-24T00:41:14.521+0000] {processor.py:830} INFO - Processing file /opt/airflow/dags/projeto2_etl.py for tasks to queue
[2025-04-24T00:41:14.523+0000] {logging_mixin.py:188} INFO - [2025-04-24T00:41:14.522+0000] {dagbag.py:538} INFO - Filling up the DagBag from /opt/airflow/dags/projeto2_etl.py
[2025-04-24T00:41:15.069+0000] {processor.py:842} WARNING - No viable dags retrieved from /opt/airflow/dags/projeto2_etl.py
[2025-04-24T00:41:15.082+0000] {processor.py:183} INFO - Processing /opt/airflow/dags/projeto2_etl.py took 0.565 seconds
[2025-04-24T00:41:45.324+0000] {processor.py:161} INFO - Started process (PID=331) to work on /opt/airflow/dags/projeto2_etl.py
[2025-04-24T00:41:45.325+0000] {processor.py:830} INFO - Processing file /opt/airflow/dags/projeto2_etl.py for tasks to queue
[2025-04-24T00:41:45.326+0000] {logging_mixin.py:188} INFO - [2025-04-24T00:41:45.326+0000] {dagbag.py:538} INFO - Filling up the DagBag from /opt/airflow/dags/projeto2_etl.py
[2025-04-24T00:41:45.879+0000] {processor.py:842} WARNING - No viable dags retrieved from /opt/airflow/dags/projeto2_etl.py
[2025-04-24T00:41:45.890+0000] {processor.py:183} INFO - Processing /opt/airflow/dags/projeto2_etl.py took 0.570 seconds
[2025-04-24T00:42:16.204+0000] {processor.py:161} INFO - Started process (PID=341) to work on /opt/airflow/dags/projeto2_etl.py
[2025-04-24T00:42:16.205+0000] {processor.py:830} INFO - Processing file /opt/airflow/dags/projeto2_etl.py for tasks to queue
[2025-04-24T00:42:16.207+0000] {logging_mixin.py:188} INFO - [2025-04-24T00:42:16.207+0000] {dagbag.py:538} INFO - Filling up the DagBag from /opt/airflow/dags/projeto2_etl.py
[2025-04-24T00:42:16.726+0000] {processor.py:842} WARNING - No viable dags retrieved from /opt/airflow/dags/projeto2_etl.py
[2025-04-24T00:42:16.740+0000] {processor.py:183} INFO - Processing /opt/airflow/dags/projeto2_etl.py took 0.539 seconds
[2025-04-24T00:42:47.024+0000] {processor.py:161} INFO - Started process (PID=351) to work on /opt/airflow/dags/projeto2_etl.py
[2025-04-24T00:42:47.025+0000] {processor.py:830} INFO - Processing file /opt/airflow/dags/projeto2_etl.py for tasks to queue
[2025-04-24T00:42:47.027+0000] {logging_mixin.py:188} INFO - [2025-04-24T00:42:47.027+0000] {dagbag.py:538} INFO - Filling up the DagBag from /opt/airflow/dags/projeto2_etl.py
[2025-04-24T00:42:47.565+0000] {processor.py:842} WARNING - No viable dags retrieved from /opt/airflow/dags/projeto2_etl.py
[2025-04-24T00:42:47.576+0000] {processor.py:183} INFO - Processing /opt/airflow/dags/projeto2_etl.py took 0.556 seconds
[2025-04-24T00:43:18.484+0000] {processor.py:161} INFO - Started process (PID=361) to work on /opt/airflow/dags/projeto2_etl.py
[2025-04-24T00:43:18.485+0000] {processor.py:830} INFO - Processing file /opt/airflow/dags/projeto2_etl.py for tasks to queue
[2025-04-24T00:43:18.487+0000] {logging_mixin.py:188} INFO - [2025-04-24T00:43:18.487+0000] {dagbag.py:538} INFO - Filling up the DagBag from /opt/airflow/dags/projeto2_etl.py
[2025-04-24T00:43:19.025+0000] {processor.py:842} WARNING - No viable dags retrieved from /opt/airflow/dags/projeto2_etl.py
[2025-04-24T00:43:19.036+0000] {processor.py:183} INFO - Processing /opt/airflow/dags/projeto2_etl.py took 0.555 seconds
[2025-04-24T00:43:49.350+0000] {processor.py:161} INFO - Started process (PID=371) to work on /opt/airflow/dags/projeto2_etl.py
[2025-04-24T00:43:49.351+0000] {processor.py:830} INFO - Processing file /opt/airflow/dags/projeto2_etl.py for tasks to queue
[2025-04-24T00:43:49.352+0000] {logging_mixin.py:188} INFO - [2025-04-24T00:43:49.352+0000] {dagbag.py:538} INFO - Filling up the DagBag from /opt/airflow/dags/projeto2_etl.py
[2025-04-24T00:43:49.882+0000] {processor.py:842} WARNING - No viable dags retrieved from /opt/airflow/dags/projeto2_etl.py
[2025-04-24T00:43:49.893+0000] {processor.py:183} INFO - Processing /opt/airflow/dags/projeto2_etl.py took 0.547 seconds
[2025-04-24T00:44:20.056+0000] {processor.py:161} INFO - Started process (PID=381) to work on /opt/airflow/dags/projeto2_etl.py
[2025-04-24T00:44:20.057+0000] {processor.py:830} INFO - Processing file /opt/airflow/dags/projeto2_etl.py for tasks to queue
[2025-04-24T00:44:20.060+0000] {logging_mixin.py:188} INFO - [2025-04-24T00:44:20.059+0000] {dagbag.py:538} INFO - Filling up the DagBag from /opt/airflow/dags/projeto2_etl.py
[2025-04-24T00:44:20.574+0000] {processor.py:842} WARNING - No viable dags retrieved from /opt/airflow/dags/projeto2_etl.py
[2025-04-24T00:44:20.585+0000] {processor.py:183} INFO - Processing /opt/airflow/dags/projeto2_etl.py took 0.532 seconds
[2025-04-24T00:44:51.337+0000] {processor.py:161} INFO - Started process (PID=391) to work on /opt/airflow/dags/projeto2_etl.py
[2025-04-24T00:44:51.338+0000] {processor.py:830} INFO - Processing file /opt/airflow/dags/projeto2_etl.py for tasks to queue
[2025-04-24T00:44:51.340+0000] {logging_mixin.py:188} INFO - [2025-04-24T00:44:51.340+0000] {dagbag.py:538} INFO - Filling up the DagBag from /opt/airflow/dags/projeto2_etl.py
[2025-04-24T00:44:51.855+0000] {processor.py:842} WARNING - No viable dags retrieved from /opt/airflow/dags/projeto2_etl.py
[2025-04-24T00:44:51.867+0000] {processor.py:183} INFO - Processing /opt/airflow/dags/projeto2_etl.py took 0.533 seconds
[2025-04-24T00:45:22.109+0000] {processor.py:161} INFO - Started process (PID=401) to work on /opt/airflow/dags/projeto2_etl.py
[2025-04-24T00:45:22.109+0000] {processor.py:830} INFO - Processing file /opt/airflow/dags/projeto2_etl.py for tasks to queue
[2025-04-24T00:45:22.111+0000] {logging_mixin.py:188} INFO - [2025-04-24T00:45:22.111+0000] {dagbag.py:538} INFO - Filling up the DagBag from /opt/airflow/dags/projeto2_etl.py
[2025-04-24T00:45:22.630+0000] {processor.py:842} WARNING - No viable dags retrieved from /opt/airflow/dags/projeto2_etl.py
[2025-04-24T00:45:22.641+0000] {processor.py:183} INFO - Processing /opt/airflow/dags/projeto2_etl.py took 0.536 seconds
[2025-04-24T00:45:52.909+0000] {processor.py:161} INFO - Started process (PID=411) to work on /opt/airflow/dags/projeto2_etl.py
[2025-04-24T00:45:52.909+0000] {processor.py:830} INFO - Processing file /opt/airflow/dags/projeto2_etl.py for tasks to queue
[2025-04-24T00:45:52.912+0000] {logging_mixin.py:188} INFO - [2025-04-24T00:45:52.911+0000] {dagbag.py:538} INFO - Filling up the DagBag from /opt/airflow/dags/projeto2_etl.py
[2025-04-24T00:45:53.436+0000] {processor.py:842} WARNING - No viable dags retrieved from /opt/airflow/dags/projeto2_etl.py
[2025-04-24T00:45:53.448+0000] {processor.py:183} INFO - Processing /opt/airflow/dags/projeto2_etl.py took 0.542 seconds
[2025-04-24T00:46:23.507+0000] {processor.py:161} INFO - Started process (PID=421) to work on /opt/airflow/dags/projeto2_etl.py
[2025-04-24T00:46:23.508+0000] {processor.py:830} INFO - Processing file /opt/airflow/dags/projeto2_etl.py for tasks to queue
[2025-04-24T00:46:23.510+0000] {logging_mixin.py:188} INFO - [2025-04-24T00:46:23.510+0000] {dagbag.py:538} INFO - Filling up the DagBag from /opt/airflow/dags/projeto2_etl.py
[2025-04-24T00:46:24.032+0000] {processor.py:842} WARNING - No viable dags retrieved from /opt/airflow/dags/projeto2_etl.py
[2025-04-24T00:46:24.044+0000] {processor.py:183} INFO - Processing /opt/airflow/dags/projeto2_etl.py took 0.539 seconds
[2025-04-24T00:46:54.749+0000] {processor.py:161} INFO - Started process (PID=431) to work on /opt/airflow/dags/projeto2_etl.py
[2025-04-24T00:46:54.750+0000] {processor.py:830} INFO - Processing file /opt/airflow/dags/projeto2_etl.py for tasks to queue
[2025-04-24T00:46:54.752+0000] {logging_mixin.py:188} INFO - [2025-04-24T00:46:54.751+0000] {dagbag.py:538} INFO - Filling up the DagBag from /opt/airflow/dags/projeto2_etl.py
[2025-04-24T00:46:55.272+0000] {processor.py:842} WARNING - No viable dags retrieved from /opt/airflow/dags/projeto2_etl.py
[2025-04-24T00:46:55.282+0000] {processor.py:183} INFO - Processing /opt/airflow/dags/projeto2_etl.py took 0.537 seconds
[2025-04-24T00:47:25.718+0000] {processor.py:161} INFO - Started process (PID=441) to work on /opt/airflow/dags/projeto2_etl.py
[2025-04-24T00:47:25.720+0000] {processor.py:830} INFO - Processing file /opt/airflow/dags/projeto2_etl.py for tasks to queue
[2025-04-24T00:47:25.722+0000] {logging_mixin.py:188} INFO - [2025-04-24T00:47:25.722+0000] {dagbag.py:538} INFO - Filling up the DagBag from /opt/airflow/dags/projeto2_etl.py
[2025-04-24T00:47:26.307+0000] {processor.py:842} WARNING - No viable dags retrieved from /opt/airflow/dags/projeto2_etl.py
[2025-04-24T00:47:26.322+0000] {processor.py:183} INFO - Processing /opt/airflow/dags/projeto2_etl.py took 0.607 seconds
[2025-04-24T00:47:57.143+0000] {processor.py:161} INFO - Started process (PID=451) to work on /opt/airflow/dags/projeto2_etl.py
[2025-04-24T00:47:57.144+0000] {processor.py:830} INFO - Processing file /opt/airflow/dags/projeto2_etl.py for tasks to queue
[2025-04-24T00:47:57.146+0000] {logging_mixin.py:188} INFO - [2025-04-24T00:47:57.146+0000] {dagbag.py:538} INFO - Filling up the DagBag from /opt/airflow/dags/projeto2_etl.py
[2025-04-24T00:47:57.690+0000] {processor.py:842} WARNING - No viable dags retrieved from /opt/airflow/dags/projeto2_etl.py
[2025-04-24T00:47:57.701+0000] {processor.py:183} INFO - Processing /opt/airflow/dags/projeto2_etl.py took 0.562 seconds
[2025-04-24T00:48:28.707+0000] {processor.py:161} INFO - Started process (PID=461) to work on /opt/airflow/dags/projeto2_etl.py
[2025-04-24T00:48:28.708+0000] {processor.py:830} INFO - Processing file /opt/airflow/dags/projeto2_etl.py for tasks to queue
[2025-04-24T00:48:28.710+0000] {logging_mixin.py:188} INFO - [2025-04-24T00:48:28.710+0000] {dagbag.py:538} INFO - Filling up the DagBag from /opt/airflow/dags/projeto2_etl.py
[2025-04-24T00:48:29.276+0000] {processor.py:842} WARNING - No viable dags retrieved from /opt/airflow/dags/projeto2_etl.py
[2025-04-24T00:48:29.302+0000] {processor.py:183} INFO - Processing /opt/airflow/dags/projeto2_etl.py took 0.598 seconds
[2025-04-24T00:48:59.903+0000] {processor.py:161} INFO - Started process (PID=471) to work on /opt/airflow/dags/projeto2_etl.py
[2025-04-24T00:48:59.904+0000] {processor.py:830} INFO - Processing file /opt/airflow/dags/projeto2_etl.py for tasks to queue
[2025-04-24T00:48:59.906+0000] {logging_mixin.py:188} INFO - [2025-04-24T00:48:59.906+0000] {dagbag.py:538} INFO - Filling up the DagBag from /opt/airflow/dags/projeto2_etl.py
[2025-04-24T00:49:00.446+0000] {processor.py:842} WARNING - No viable dags retrieved from /opt/airflow/dags/projeto2_etl.py
[2025-04-24T00:49:00.457+0000] {processor.py:183} INFO - Processing /opt/airflow/dags/projeto2_etl.py took 0.557 seconds
[2025-04-24T00:49:30.819+0000] {processor.py:161} INFO - Started process (PID=481) to work on /opt/airflow/dags/projeto2_etl.py
[2025-04-24T00:49:30.820+0000] {processor.py:830} INFO - Processing file /opt/airflow/dags/projeto2_etl.py for tasks to queue
[2025-04-24T00:49:30.822+0000] {logging_mixin.py:188} INFO - [2025-04-24T00:49:30.821+0000] {dagbag.py:538} INFO - Filling up the DagBag from /opt/airflow/dags/projeto2_etl.py
[2025-04-24T00:49:31.347+0000] {processor.py:842} WARNING - No viable dags retrieved from /opt/airflow/dags/projeto2_etl.py
[2025-04-24T00:49:31.358+0000] {processor.py:183} INFO - Processing /opt/airflow/dags/projeto2_etl.py took 0.542 seconds
[2025-04-24T00:50:01.524+0000] {processor.py:161} INFO - Started process (PID=491) to work on /opt/airflow/dags/projeto2_etl.py
[2025-04-24T00:50:01.525+0000] {processor.py:830} INFO - Processing file /opt/airflow/dags/projeto2_etl.py for tasks to queue
[2025-04-24T00:50:01.527+0000] {logging_mixin.py:188} INFO - [2025-04-24T00:50:01.527+0000] {dagbag.py:538} INFO - Filling up the DagBag from /opt/airflow/dags/projeto2_etl.py
[2025-04-24T00:50:02.067+0000] {processor.py:842} WARNING - No viable dags retrieved from /opt/airflow/dags/projeto2_etl.py
[2025-04-24T00:50:02.077+0000] {processor.py:183} INFO - Processing /opt/airflow/dags/projeto2_etl.py took 0.556 seconds
[2025-04-24T00:50:32.251+0000] {processor.py:161} INFO - Started process (PID=501) to work on /opt/airflow/dags/projeto2_etl.py
[2025-04-24T00:50:32.251+0000] {processor.py:830} INFO - Processing file /opt/airflow/dags/projeto2_etl.py for tasks to queue
[2025-04-24T00:50:32.253+0000] {logging_mixin.py:188} INFO - [2025-04-24T00:50:32.253+0000] {dagbag.py:538} INFO - Filling up the DagBag from /opt/airflow/dags/projeto2_etl.py
[2025-04-24T00:50:32.850+0000] {processor.py:842} WARNING - No viable dags retrieved from /opt/airflow/dags/projeto2_etl.py
[2025-04-24T00:50:32.861+0000] {processor.py:183} INFO - Processing /opt/airflow/dags/projeto2_etl.py took 0.613 seconds
[2025-04-24T00:51:03.461+0000] {processor.py:161} INFO - Started process (PID=511) to work on /opt/airflow/dags/projeto2_etl.py
[2025-04-24T00:51:03.465+0000] {processor.py:830} INFO - Processing file /opt/airflow/dags/projeto2_etl.py for tasks to queue
[2025-04-24T00:51:03.467+0000] {logging_mixin.py:188} INFO - [2025-04-24T00:51:03.467+0000] {dagbag.py:538} INFO - Filling up the DagBag from /opt/airflow/dags/projeto2_etl.py
[2025-04-24T00:51:04.079+0000] {processor.py:842} WARNING - No viable dags retrieved from /opt/airflow/dags/projeto2_etl.py
[2025-04-24T00:51:04.090+0000] {processor.py:183} INFO - Processing /opt/airflow/dags/projeto2_etl.py took 0.632 seconds
[2025-04-24T00:51:34.915+0000] {processor.py:161} INFO - Started process (PID=520) to work on /opt/airflow/dags/projeto2_etl.py
[2025-04-24T00:51:34.916+0000] {processor.py:830} INFO - Processing file /opt/airflow/dags/projeto2_etl.py for tasks to queue
[2025-04-24T00:51:34.918+0000] {logging_mixin.py:188} INFO - [2025-04-24T00:51:34.918+0000] {dagbag.py:538} INFO - Filling up the DagBag from /opt/airflow/dags/projeto2_etl.py
[2025-04-24T00:51:35.468+0000] {processor.py:842} WARNING - No viable dags retrieved from /opt/airflow/dags/projeto2_etl.py
[2025-04-24T00:51:35.479+0000] {processor.py:183} INFO - Processing /opt/airflow/dags/projeto2_etl.py took 0.567 seconds
[2025-04-24T00:52:06.123+0000] {processor.py:161} INFO - Started process (PID=530) to work on /opt/airflow/dags/projeto2_etl.py
[2025-04-24T00:52:06.124+0000] {processor.py:830} INFO - Processing file /opt/airflow/dags/projeto2_etl.py for tasks to queue
[2025-04-24T00:52:06.126+0000] {logging_mixin.py:188} INFO - [2025-04-24T00:52:06.126+0000] {dagbag.py:538} INFO - Filling up the DagBag from /opt/airflow/dags/projeto2_etl.py
[2025-04-24T00:52:06.680+0000] {processor.py:842} WARNING - No viable dags retrieved from /opt/airflow/dags/projeto2_etl.py
[2025-04-24T00:52:06.691+0000] {processor.py:183} INFO - Processing /opt/airflow/dags/projeto2_etl.py took 0.571 seconds
[2025-04-24T00:52:37.408+0000] {processor.py:161} INFO - Started process (PID=540) to work on /opt/airflow/dags/projeto2_etl.py
[2025-04-24T00:52:37.409+0000] {processor.py:830} INFO - Processing file /opt/airflow/dags/projeto2_etl.py for tasks to queue
[2025-04-24T00:52:37.413+0000] {logging_mixin.py:188} INFO - [2025-04-24T00:52:37.412+0000] {dagbag.py:538} INFO - Filling up the DagBag from /opt/airflow/dags/projeto2_etl.py
[2025-04-24T00:52:38.030+0000] {processor.py:842} WARNING - No viable dags retrieved from /opt/airflow/dags/projeto2_etl.py
[2025-04-24T00:52:38.042+0000] {processor.py:183} INFO - Processing /opt/airflow/dags/projeto2_etl.py took 0.641 seconds
[2025-04-24T00:53:08.567+0000] {processor.py:161} INFO - Started process (PID=550) to work on /opt/airflow/dags/projeto2_etl.py
[2025-04-24T00:53:08.572+0000] {processor.py:830} INFO - Processing file /opt/airflow/dags/projeto2_etl.py for tasks to queue
[2025-04-24T00:53:08.575+0000] {logging_mixin.py:188} INFO - [2025-04-24T00:53:08.574+0000] {dagbag.py:538} INFO - Filling up the DagBag from /opt/airflow/dags/projeto2_etl.py
[2025-04-24T00:53:09.141+0000] {processor.py:842} WARNING - No viable dags retrieved from /opt/airflow/dags/projeto2_etl.py
[2025-04-24T00:53:09.153+0000] {processor.py:183} INFO - Processing /opt/airflow/dags/projeto2_etl.py took 0.590 seconds
[2025-04-24T00:53:39.300+0000] {processor.py:161} INFO - Started process (PID=560) to work on /opt/airflow/dags/projeto2_etl.py
[2025-04-24T00:53:39.301+0000] {processor.py:830} INFO - Processing file /opt/airflow/dags/projeto2_etl.py for tasks to queue
[2025-04-24T00:53:39.304+0000] {logging_mixin.py:188} INFO - [2025-04-24T00:53:39.303+0000] {dagbag.py:538} INFO - Filling up the DagBag from /opt/airflow/dags/projeto2_etl.py
[2025-04-24T00:53:39.833+0000] {processor.py:842} WARNING - No viable dags retrieved from /opt/airflow/dags/projeto2_etl.py
[2025-04-24T00:53:39.845+0000] {processor.py:183} INFO - Processing /opt/airflow/dags/projeto2_etl.py took 0.550 seconds
[2025-04-24T00:54:10.402+0000] {processor.py:161} INFO - Started process (PID=570) to work on /opt/airflow/dags/projeto2_etl.py
[2025-04-24T00:54:10.403+0000] {processor.py:830} INFO - Processing file /opt/airflow/dags/projeto2_etl.py for tasks to queue
[2025-04-24T00:54:10.405+0000] {logging_mixin.py:188} INFO - [2025-04-24T00:54:10.404+0000] {dagbag.py:538} INFO - Filling up the DagBag from /opt/airflow/dags/projeto2_etl.py
[2025-04-24T00:54:10.950+0000] {processor.py:842} WARNING - No viable dags retrieved from /opt/airflow/dags/projeto2_etl.py
[2025-04-24T00:54:10.961+0000] {processor.py:183} INFO - Processing /opt/airflow/dags/projeto2_etl.py took 0.562 seconds
[2025-04-24T00:54:42.005+0000] {processor.py:161} INFO - Started process (PID=580) to work on /opt/airflow/dags/projeto2_etl.py
[2025-04-24T00:54:42.006+0000] {processor.py:830} INFO - Processing file /opt/airflow/dags/projeto2_etl.py for tasks to queue
[2025-04-24T00:54:42.008+0000] {logging_mixin.py:188} INFO - [2025-04-24T00:54:42.008+0000] {dagbag.py:538} INFO - Filling up the DagBag from /opt/airflow/dags/projeto2_etl.py
[2025-04-24T00:54:42.527+0000] {processor.py:842} WARNING - No viable dags retrieved from /opt/airflow/dags/projeto2_etl.py
[2025-04-24T00:54:42.537+0000] {processor.py:183} INFO - Processing /opt/airflow/dags/projeto2_etl.py took 0.537 seconds
[2025-04-24T00:55:12.766+0000] {processor.py:161} INFO - Started process (PID=590) to work on /opt/airflow/dags/projeto2_etl.py
[2025-04-24T00:55:12.767+0000] {processor.py:830} INFO - Processing file /opt/airflow/dags/projeto2_etl.py for tasks to queue
[2025-04-24T00:55:12.769+0000] {logging_mixin.py:188} INFO - [2025-04-24T00:55:12.768+0000] {dagbag.py:538} INFO - Filling up the DagBag from /opt/airflow/dags/projeto2_etl.py
[2025-04-24T00:55:13.324+0000] {processor.py:842} WARNING - No viable dags retrieved from /opt/airflow/dags/projeto2_etl.py
[2025-04-24T00:55:13.335+0000] {processor.py:183} INFO - Processing /opt/airflow/dags/projeto2_etl.py took 0.573 seconds
[2025-04-24T00:55:43.610+0000] {processor.py:161} INFO - Started process (PID=600) to work on /opt/airflow/dags/projeto2_etl.py
[2025-04-24T00:55:43.611+0000] {processor.py:830} INFO - Processing file /opt/airflow/dags/projeto2_etl.py for tasks to queue
[2025-04-24T00:55:43.613+0000] {logging_mixin.py:188} INFO - [2025-04-24T00:55:43.613+0000] {dagbag.py:538} INFO - Filling up the DagBag from /opt/airflow/dags/projeto2_etl.py
[2025-04-24T00:55:44.144+0000] {processor.py:842} WARNING - No viable dags retrieved from /opt/airflow/dags/projeto2_etl.py
[2025-04-24T00:55:44.155+0000] {processor.py:183} INFO - Processing /opt/airflow/dags/projeto2_etl.py took 0.550 seconds
[2025-04-24T00:56:14.389+0000] {processor.py:161} INFO - Started process (PID=609) to work on /opt/airflow/dags/projeto2_etl.py
[2025-04-24T00:56:14.390+0000] {processor.py:830} INFO - Processing file /opt/airflow/dags/projeto2_etl.py for tasks to queue
[2025-04-24T00:56:14.392+0000] {logging_mixin.py:188} INFO - [2025-04-24T00:56:14.392+0000] {dagbag.py:538} INFO - Filling up the DagBag from /opt/airflow/dags/projeto2_etl.py
[2025-04-24T00:56:14.931+0000] {processor.py:842} WARNING - No viable dags retrieved from /opt/airflow/dags/projeto2_etl.py
[2025-04-24T00:56:14.941+0000] {processor.py:183} INFO - Processing /opt/airflow/dags/projeto2_etl.py took 0.556 seconds
[2025-04-24T00:56:45.866+0000] {processor.py:161} INFO - Started process (PID=619) to work on /opt/airflow/dags/projeto2_etl.py
[2025-04-24T00:56:45.872+0000] {processor.py:830} INFO - Processing file /opt/airflow/dags/projeto2_etl.py for tasks to queue
[2025-04-24T00:56:45.874+0000] {logging_mixin.py:188} INFO - [2025-04-24T00:56:45.874+0000] {dagbag.py:538} INFO - Filling up the DagBag from /opt/airflow/dags/projeto2_etl.py
[2025-04-24T00:56:46.440+0000] {processor.py:842} WARNING - No viable dags retrieved from /opt/airflow/dags/projeto2_etl.py
[2025-04-24T00:56:46.452+0000] {processor.py:183} INFO - Processing /opt/airflow/dags/projeto2_etl.py took 0.590 seconds
[2025-04-24T00:57:17.135+0000] {processor.py:161} INFO - Started process (PID=635) to work on /opt/airflow/dags/projeto2_etl.py
[2025-04-24T00:57:17.136+0000] {processor.py:830} INFO - Processing file /opt/airflow/dags/projeto2_etl.py for tasks to queue
[2025-04-24T00:57:17.138+0000] {logging_mixin.py:188} INFO - [2025-04-24T00:57:17.138+0000] {dagbag.py:538} INFO - Filling up the DagBag from /opt/airflow/dags/projeto2_etl.py
[2025-04-24T00:57:17.726+0000] {processor.py:842} WARNING - No viable dags retrieved from /opt/airflow/dags/projeto2_etl.py
[2025-04-24T00:57:17.738+0000] {processor.py:183} INFO - Processing /opt/airflow/dags/projeto2_etl.py took 0.606 seconds
[2025-04-24T00:57:48.341+0000] {processor.py:161} INFO - Started process (PID=645) to work on /opt/airflow/dags/projeto2_etl.py
[2025-04-24T00:57:48.343+0000] {processor.py:830} INFO - Processing file /opt/airflow/dags/projeto2_etl.py for tasks to queue
[2025-04-24T00:57:48.345+0000] {logging_mixin.py:188} INFO - [2025-04-24T00:57:48.345+0000] {dagbag.py:538} INFO - Filling up the DagBag from /opt/airflow/dags/projeto2_etl.py
[2025-04-24T00:57:48.883+0000] {processor.py:842} WARNING - No viable dags retrieved from /opt/airflow/dags/projeto2_etl.py
[2025-04-24T00:57:48.894+0000] {processor.py:183} INFO - Processing /opt/airflow/dags/projeto2_etl.py took 0.556 seconds
[2025-04-24T00:58:19.655+0000] {processor.py:161} INFO - Started process (PID=655) to work on /opt/airflow/dags/projeto2_etl.py
[2025-04-24T00:58:19.662+0000] {processor.py:830} INFO - Processing file /opt/airflow/dags/projeto2_etl.py for tasks to queue
[2025-04-24T00:58:19.665+0000] {logging_mixin.py:188} INFO - [2025-04-24T00:58:19.665+0000] {dagbag.py:538} INFO - Filling up the DagBag from /opt/airflow/dags/projeto2_etl.py
[2025-04-24T00:58:20.198+0000] {processor.py:842} WARNING - No viable dags retrieved from /opt/airflow/dags/projeto2_etl.py
[2025-04-24T00:58:20.211+0000] {processor.py:183} INFO - Processing /opt/airflow/dags/projeto2_etl.py took 0.559 seconds
[2025-04-24T00:58:50.490+0000] {processor.py:161} INFO - Started process (PID=665) to work on /opt/airflow/dags/projeto2_etl.py
[2025-04-24T00:58:50.491+0000] {processor.py:830} INFO - Processing file /opt/airflow/dags/projeto2_etl.py for tasks to queue
[2025-04-24T00:58:50.493+0000] {logging_mixin.py:188} INFO - [2025-04-24T00:58:50.493+0000] {dagbag.py:538} INFO - Filling up the DagBag from /opt/airflow/dags/projeto2_etl.py
[2025-04-24T00:58:51.031+0000] {processor.py:842} WARNING - No viable dags retrieved from /opt/airflow/dags/projeto2_etl.py
[2025-04-24T00:58:51.042+0000] {processor.py:183} INFO - Processing /opt/airflow/dags/projeto2_etl.py took 0.555 seconds
[2025-04-24T00:59:21.247+0000] {processor.py:161} INFO - Started process (PID=675) to work on /opt/airflow/dags/projeto2_etl.py
[2025-04-24T00:59:21.248+0000] {processor.py:830} INFO - Processing file /opt/airflow/dags/projeto2_etl.py for tasks to queue
[2025-04-24T00:59:21.250+0000] {logging_mixin.py:188} INFO - [2025-04-24T00:59:21.250+0000] {dagbag.py:538} INFO - Filling up the DagBag from /opt/airflow/dags/projeto2_etl.py
[2025-04-24T00:59:21.824+0000] {processor.py:842} WARNING - No viable dags retrieved from /opt/airflow/dags/projeto2_etl.py
[2025-04-24T00:59:21.835+0000] {processor.py:183} INFO - Processing /opt/airflow/dags/projeto2_etl.py took 0.591 seconds
[2025-04-24T00:59:52.653+0000] {processor.py:161} INFO - Started process (PID=685) to work on /opt/airflow/dags/projeto2_etl.py
[2025-04-24T00:59:52.655+0000] {processor.py:830} INFO - Processing file /opt/airflow/dags/projeto2_etl.py for tasks to queue
[2025-04-24T00:59:52.658+0000] {logging_mixin.py:188} INFO - [2025-04-24T00:59:52.657+0000] {dagbag.py:538} INFO - Filling up the DagBag from /opt/airflow/dags/projeto2_etl.py
[2025-04-24T00:59:53.238+0000] {processor.py:842} WARNING - No viable dags retrieved from /opt/airflow/dags/projeto2_etl.py
[2025-04-24T00:59:53.252+0000] {processor.py:183} INFO - Processing /opt/airflow/dags/projeto2_etl.py took 0.602 seconds
[2025-04-24T01:00:23.882+0000] {processor.py:161} INFO - Started process (PID=695) to work on /opt/airflow/dags/projeto2_etl.py
[2025-04-24T01:00:23.882+0000] {processor.py:830} INFO - Processing file /opt/airflow/dags/projeto2_etl.py for tasks to queue
[2025-04-24T01:00:23.884+0000] {logging_mixin.py:188} INFO - [2025-04-24T01:00:23.884+0000] {dagbag.py:538} INFO - Filling up the DagBag from /opt/airflow/dags/projeto2_etl.py
[2025-04-24T01:00:24.441+0000] {processor.py:842} WARNING - No viable dags retrieved from /opt/airflow/dags/projeto2_etl.py
[2025-04-24T01:00:24.452+0000] {processor.py:183} INFO - Processing /opt/airflow/dags/projeto2_etl.py took 0.574 seconds
[2025-04-24T01:00:54.908+0000] {processor.py:161} INFO - Started process (PID=705) to work on /opt/airflow/dags/projeto2_etl.py
[2025-04-24T01:00:54.910+0000] {processor.py:830} INFO - Processing file /opt/airflow/dags/projeto2_etl.py for tasks to queue
[2025-04-24T01:00:54.913+0000] {logging_mixin.py:188} INFO - [2025-04-24T01:00:54.912+0000] {dagbag.py:538} INFO - Filling up the DagBag from /opt/airflow/dags/projeto2_etl.py
[2025-04-24T01:00:55.951+0000] {processor.py:842} WARNING - No viable dags retrieved from /opt/airflow/dags/projeto2_etl.py
[2025-04-24T01:00:55.974+0000] {processor.py:183} INFO - Processing /opt/airflow/dags/projeto2_etl.py took 1.072 seconds
[2025-04-24T01:01:26.341+0000] {processor.py:161} INFO - Started process (PID=715) to work on /opt/airflow/dags/projeto2_etl.py
[2025-04-24T01:01:26.342+0000] {processor.py:830} INFO - Processing file /opt/airflow/dags/projeto2_etl.py for tasks to queue
[2025-04-24T01:01:26.344+0000] {logging_mixin.py:188} INFO - [2025-04-24T01:01:26.343+0000] {dagbag.py:538} INFO - Filling up the DagBag from /opt/airflow/dags/projeto2_etl.py
[2025-04-24T01:01:26.880+0000] {processor.py:842} WARNING - No viable dags retrieved from /opt/airflow/dags/projeto2_etl.py
[2025-04-24T01:01:26.891+0000] {processor.py:183} INFO - Processing /opt/airflow/dags/projeto2_etl.py took 0.554 seconds
[2025-04-24T01:01:57.606+0000] {processor.py:161} INFO - Started process (PID=725) to work on /opt/airflow/dags/projeto2_etl.py
[2025-04-24T01:01:57.606+0000] {processor.py:830} INFO - Processing file /opt/airflow/dags/projeto2_etl.py for tasks to queue
[2025-04-24T01:01:57.608+0000] {logging_mixin.py:188} INFO - [2025-04-24T01:01:57.608+0000] {dagbag.py:538} INFO - Filling up the DagBag from /opt/airflow/dags/projeto2_etl.py
[2025-04-24T01:01:58.146+0000] {processor.py:842} WARNING - No viable dags retrieved from /opt/airflow/dags/projeto2_etl.py
[2025-04-24T01:01:58.157+0000] {processor.py:183} INFO - Processing /opt/airflow/dags/projeto2_etl.py took 0.555 seconds
[2025-04-24T01:02:28.803+0000] {processor.py:161} INFO - Started process (PID=735) to work on /opt/airflow/dags/projeto2_etl.py
[2025-04-24T01:02:28.803+0000] {processor.py:830} INFO - Processing file /opt/airflow/dags/projeto2_etl.py for tasks to queue
[2025-04-24T01:02:28.806+0000] {logging_mixin.py:188} INFO - [2025-04-24T01:02:28.805+0000] {dagbag.py:538} INFO - Filling up the DagBag from /opt/airflow/dags/projeto2_etl.py
[2025-04-24T01:02:29.353+0000] {processor.py:842} WARNING - No viable dags retrieved from /opt/airflow/dags/projeto2_etl.py
[2025-04-24T01:02:29.365+0000] {processor.py:183} INFO - Processing /opt/airflow/dags/projeto2_etl.py took 0.566 seconds
[2025-04-24T01:02:59.837+0000] {processor.py:161} INFO - Started process (PID=745) to work on /opt/airflow/dags/projeto2_etl.py
[2025-04-24T01:02:59.838+0000] {processor.py:830} INFO - Processing file /opt/airflow/dags/projeto2_etl.py for tasks to queue
[2025-04-24T01:02:59.840+0000] {logging_mixin.py:188} INFO - [2025-04-24T01:02:59.839+0000] {dagbag.py:538} INFO - Filling up the DagBag from /opt/airflow/dags/projeto2_etl.py
[2025-04-24T01:03:00.385+0000] {processor.py:842} WARNING - No viable dags retrieved from /opt/airflow/dags/projeto2_etl.py
[2025-04-24T01:03:00.396+0000] {processor.py:183} INFO - Processing /opt/airflow/dags/projeto2_etl.py took 0.562 seconds
[2025-04-24T01:03:30.878+0000] {processor.py:161} INFO - Started process (PID=755) to work on /opt/airflow/dags/projeto2_etl.py
[2025-04-24T01:03:30.879+0000] {processor.py:830} INFO - Processing file /opt/airflow/dags/projeto2_etl.py for tasks to queue
[2025-04-24T01:03:30.881+0000] {logging_mixin.py:188} INFO - [2025-04-24T01:03:30.880+0000] {dagbag.py:538} INFO - Filling up the DagBag from /opt/airflow/dags/projeto2_etl.py
[2025-04-24T01:03:31.428+0000] {processor.py:842} WARNING - No viable dags retrieved from /opt/airflow/dags/projeto2_etl.py
[2025-04-24T01:03:31.439+0000] {processor.py:183} INFO - Processing /opt/airflow/dags/projeto2_etl.py took 0.565 seconds
