[2025-04-17T05:00:04.869+0000] {processor.py:161} INFO - Started process (PID=47) to work on /opt/airflow/dags/projeto2_etl.py
[2025-04-17T05:00:04.870+0000] {processor.py:830} INFO - Processing file /opt/airflow/dags/projeto2_etl.py for tasks to queue
[2025-04-17T05:00:04.881+0000] {logging_mixin.py:188} INFO - [2025-04-17T05:00:04.880+0000] {dagbag.py:538} INFO - Filling up the DagBag from /opt/airflow/dags/projeto2_etl.py
[2025-04-17T05:00:07.789+0000] {processor.py:842} WARNING - No viable dags retrieved from /opt/airflow/dags/projeto2_etl.py
[2025-04-17T05:00:07.838+0000] {processor.py:183} INFO - Processing /opt/airflow/dags/projeto2_etl.py took 2.977 seconds
[2025-04-17T05:00:38.225+0000] {processor.py:161} INFO - Started process (PID=63) to work on /opt/airflow/dags/projeto2_etl.py
[2025-04-17T05:00:38.226+0000] {processor.py:830} INFO - Processing file /opt/airflow/dags/projeto2_etl.py for tasks to queue
[2025-04-17T05:00:38.229+0000] {logging_mixin.py:188} INFO - [2025-04-17T05:00:38.228+0000] {dagbag.py:538} INFO - Filling up the DagBag from /opt/airflow/dags/projeto2_etl.py
[2025-04-17T05:00:38.891+0000] {processor.py:842} WARNING - No viable dags retrieved from /opt/airflow/dags/projeto2_etl.py
[2025-04-17T05:00:38.910+0000] {processor.py:183} INFO - Processing /opt/airflow/dags/projeto2_etl.py took 0.689 seconds
[2025-04-17T05:01:09.102+0000] {processor.py:161} INFO - Started process (PID=72) to work on /opt/airflow/dags/projeto2_etl.py
[2025-04-17T05:01:09.104+0000] {processor.py:830} INFO - Processing file /opt/airflow/dags/projeto2_etl.py for tasks to queue
[2025-04-17T05:01:09.107+0000] {logging_mixin.py:188} INFO - [2025-04-17T05:01:09.107+0000] {dagbag.py:538} INFO - Filling up the DagBag from /opt/airflow/dags/projeto2_etl.py
[2025-04-17T05:01:09.821+0000] {processor.py:842} WARNING - No viable dags retrieved from /opt/airflow/dags/projeto2_etl.py
[2025-04-17T05:01:09.838+0000] {processor.py:183} INFO - Processing /opt/airflow/dags/projeto2_etl.py took 0.740 seconds
[2025-04-17T05:19:37.943+0000] {processor.py:161} INFO - Started process (PID=47) to work on /opt/airflow/dags/projeto2_etl.py
[2025-04-17T05:19:37.946+0000] {processor.py:830} INFO - Processing file /opt/airflow/dags/projeto2_etl.py for tasks to queue
[2025-04-17T05:19:37.955+0000] {logging_mixin.py:188} INFO - [2025-04-17T05:19:37.952+0000] {dagbag.py:538} INFO - Filling up the DagBag from /opt/airflow/dags/projeto2_etl.py
[2025-04-17T05:19:39.553+0000] {processor.py:842} WARNING - No viable dags retrieved from /opt/airflow/dags/projeto2_etl.py
[2025-04-17T05:19:39.590+0000] {processor.py:183} INFO - Processing /opt/airflow/dags/projeto2_etl.py took 1.666 seconds
[2025-04-17T05:20:09.789+0000] {processor.py:161} INFO - Started process (PID=63) to work on /opt/airflow/dags/projeto2_etl.py
[2025-04-17T05:20:09.790+0000] {processor.py:830} INFO - Processing file /opt/airflow/dags/projeto2_etl.py for tasks to queue
[2025-04-17T05:20:09.792+0000] {logging_mixin.py:188} INFO - [2025-04-17T05:20:09.792+0000] {dagbag.py:538} INFO - Filling up the DagBag from /opt/airflow/dags/projeto2_etl.py
[2025-04-17T05:20:10.365+0000] {processor.py:842} WARNING - No viable dags retrieved from /opt/airflow/dags/projeto2_etl.py
[2025-04-17T05:20:10.377+0000] {processor.py:183} INFO - Processing /opt/airflow/dags/projeto2_etl.py took 0.591 seconds
[2025-04-17T05:20:40.567+0000] {processor.py:161} INFO - Started process (PID=73) to work on /opt/airflow/dags/projeto2_etl.py
[2025-04-17T05:20:40.568+0000] {processor.py:830} INFO - Processing file /opt/airflow/dags/projeto2_etl.py for tasks to queue
[2025-04-17T05:20:40.571+0000] {logging_mixin.py:188} INFO - [2025-04-17T05:20:40.570+0000] {dagbag.py:538} INFO - Filling up the DagBag from /opt/airflow/dags/projeto2_etl.py
[2025-04-17T05:20:41.134+0000] {processor.py:842} WARNING - No viable dags retrieved from /opt/airflow/dags/projeto2_etl.py
[2025-04-17T05:20:41.146+0000] {processor.py:183} INFO - Processing /opt/airflow/dags/projeto2_etl.py took 0.583 seconds
[2025-04-17T05:21:11.878+0000] {processor.py:161} INFO - Started process (PID=83) to work on /opt/airflow/dags/projeto2_etl.py
[2025-04-17T05:21:11.881+0000] {processor.py:830} INFO - Processing file /opt/airflow/dags/projeto2_etl.py for tasks to queue
[2025-04-17T05:21:11.885+0000] {logging_mixin.py:188} INFO - [2025-04-17T05:21:11.884+0000] {dagbag.py:538} INFO - Filling up the DagBag from /opt/airflow/dags/projeto2_etl.py
[2025-04-17T05:21:12.829+0000] {processor.py:842} WARNING - No viable dags retrieved from /opt/airflow/dags/projeto2_etl.py
[2025-04-17T05:21:12.849+0000] {processor.py:183} INFO - Processing /opt/airflow/dags/projeto2_etl.py took 0.975 seconds
[2025-04-17T05:21:43.352+0000] {processor.py:161} INFO - Started process (PID=93) to work on /opt/airflow/dags/projeto2_etl.py
[2025-04-17T05:21:43.359+0000] {processor.py:830} INFO - Processing file /opt/airflow/dags/projeto2_etl.py for tasks to queue
[2025-04-17T05:21:43.365+0000] {logging_mixin.py:188} INFO - [2025-04-17T05:21:43.364+0000] {dagbag.py:538} INFO - Filling up the DagBag from /opt/airflow/dags/projeto2_etl.py
[2025-04-17T05:21:44.022+0000] {processor.py:842} WARNING - No viable dags retrieved from /opt/airflow/dags/projeto2_etl.py
[2025-04-17T05:21:44.064+0000] {processor.py:183} INFO - Processing /opt/airflow/dags/projeto2_etl.py took 0.719 seconds
[2025-04-17T05:22:14.318+0000] {processor.py:161} INFO - Started process (PID=103) to work on /opt/airflow/dags/projeto2_etl.py
[2025-04-17T05:22:14.325+0000] {processor.py:830} INFO - Processing file /opt/airflow/dags/projeto2_etl.py for tasks to queue
[2025-04-17T05:22:14.328+0000] {logging_mixin.py:188} INFO - [2025-04-17T05:22:14.327+0000] {dagbag.py:538} INFO - Filling up the DagBag from /opt/airflow/dags/projeto2_etl.py
[2025-04-17T05:22:15.084+0000] {processor.py:842} WARNING - No viable dags retrieved from /opt/airflow/dags/projeto2_etl.py
[2025-04-17T05:22:15.103+0000] {processor.py:183} INFO - Processing /opt/airflow/dags/projeto2_etl.py took 0.791 seconds
[2025-04-17T05:22:45.339+0000] {processor.py:161} INFO - Started process (PID=113) to work on /opt/airflow/dags/projeto2_etl.py
[2025-04-17T05:22:45.340+0000] {processor.py:830} INFO - Processing file /opt/airflow/dags/projeto2_etl.py for tasks to queue
[2025-04-17T05:22:45.342+0000] {logging_mixin.py:188} INFO - [2025-04-17T05:22:45.342+0000] {dagbag.py:538} INFO - Filling up the DagBag from /opt/airflow/dags/projeto2_etl.py
[2025-04-17T05:22:46.059+0000] {processor.py:842} WARNING - No viable dags retrieved from /opt/airflow/dags/projeto2_etl.py
[2025-04-17T05:22:46.080+0000] {processor.py:183} INFO - Processing /opt/airflow/dags/projeto2_etl.py took 0.745 seconds
[2025-04-17T05:23:16.674+0000] {processor.py:161} INFO - Started process (PID=122) to work on /opt/airflow/dags/projeto2_etl.py
[2025-04-17T05:23:16.676+0000] {processor.py:830} INFO - Processing file /opt/airflow/dags/projeto2_etl.py for tasks to queue
[2025-04-17T05:23:16.681+0000] {logging_mixin.py:188} INFO - [2025-04-17T05:23:16.680+0000] {dagbag.py:538} INFO - Filling up the DagBag from /opt/airflow/dags/projeto2_etl.py
[2025-04-17T05:23:17.469+0000] {processor.py:842} WARNING - No viable dags retrieved from /opt/airflow/dags/projeto2_etl.py
[2025-04-17T05:23:17.485+0000] {processor.py:183} INFO - Processing /opt/airflow/dags/projeto2_etl.py took 0.817 seconds
[2025-04-17T05:23:47.968+0000] {processor.py:161} INFO - Started process (PID=132) to work on /opt/airflow/dags/projeto2_etl.py
[2025-04-17T05:23:47.969+0000] {processor.py:830} INFO - Processing file /opt/airflow/dags/projeto2_etl.py for tasks to queue
[2025-04-17T05:23:47.973+0000] {logging_mixin.py:188} INFO - [2025-04-17T05:23:47.973+0000] {dagbag.py:538} INFO - Filling up the DagBag from /opt/airflow/dags/projeto2_etl.py
[2025-04-17T05:23:48.708+0000] {processor.py:842} WARNING - No viable dags retrieved from /opt/airflow/dags/projeto2_etl.py
[2025-04-17T05:23:48.725+0000] {processor.py:183} INFO - Processing /opt/airflow/dags/projeto2_etl.py took 0.763 seconds
[2025-04-17T05:24:18.994+0000] {processor.py:161} INFO - Started process (PID=142) to work on /opt/airflow/dags/projeto2_etl.py
[2025-04-17T05:24:18.996+0000] {processor.py:830} INFO - Processing file /opt/airflow/dags/projeto2_etl.py for tasks to queue
[2025-04-17T05:24:18.999+0000] {logging_mixin.py:188} INFO - [2025-04-17T05:24:18.998+0000] {dagbag.py:538} INFO - Filling up the DagBag from /opt/airflow/dags/projeto2_etl.py
[2025-04-17T05:24:19.716+0000] {processor.py:842} WARNING - No viable dags retrieved from /opt/airflow/dags/projeto2_etl.py
[2025-04-17T05:24:19.750+0000] {processor.py:183} INFO - Processing /opt/airflow/dags/projeto2_etl.py took 0.764 seconds
[2025-04-17T05:24:50.132+0000] {processor.py:161} INFO - Started process (PID=152) to work on /opt/airflow/dags/projeto2_etl.py
[2025-04-17T05:24:50.134+0000] {processor.py:830} INFO - Processing file /opt/airflow/dags/projeto2_etl.py for tasks to queue
[2025-04-17T05:24:50.137+0000] {logging_mixin.py:188} INFO - [2025-04-17T05:24:50.137+0000] {dagbag.py:538} INFO - Filling up the DagBag from /opt/airflow/dags/projeto2_etl.py
[2025-04-17T05:24:50.873+0000] {processor.py:842} WARNING - No viable dags retrieved from /opt/airflow/dags/projeto2_etl.py
[2025-04-17T05:24:50.890+0000] {processor.py:183} INFO - Processing /opt/airflow/dags/projeto2_etl.py took 0.762 seconds
[2025-04-17T05:25:21.584+0000] {processor.py:161} INFO - Started process (PID=162) to work on /opt/airflow/dags/projeto2_etl.py
[2025-04-17T05:25:21.586+0000] {processor.py:830} INFO - Processing file /opt/airflow/dags/projeto2_etl.py for tasks to queue
[2025-04-17T05:25:21.590+0000] {logging_mixin.py:188} INFO - [2025-04-17T05:25:21.589+0000] {dagbag.py:538} INFO - Filling up the DagBag from /opt/airflow/dags/projeto2_etl.py
[2025-04-17T05:25:22.753+0000] {processor.py:842} WARNING - No viable dags retrieved from /opt/airflow/dags/projeto2_etl.py
[2025-04-17T05:25:22.778+0000] {processor.py:183} INFO - Processing /opt/airflow/dags/projeto2_etl.py took 1.201 seconds
[2025-04-17T05:25:53.057+0000] {processor.py:161} INFO - Started process (PID=172) to work on /opt/airflow/dags/projeto2_etl.py
[2025-04-17T05:25:53.058+0000] {processor.py:830} INFO - Processing file /opt/airflow/dags/projeto2_etl.py for tasks to queue
[2025-04-17T05:25:53.060+0000] {logging_mixin.py:188} INFO - [2025-04-17T05:25:53.060+0000] {dagbag.py:538} INFO - Filling up the DagBag from /opt/airflow/dags/projeto2_etl.py
[2025-04-17T05:25:53.858+0000] {processor.py:842} WARNING - No viable dags retrieved from /opt/airflow/dags/projeto2_etl.py
[2025-04-17T05:25:53.875+0000] {processor.py:183} INFO - Processing /opt/airflow/dags/projeto2_etl.py took 0.822 seconds
[2025-04-17T05:26:24.199+0000] {processor.py:161} INFO - Started process (PID=182) to work on /opt/airflow/dags/projeto2_etl.py
[2025-04-17T05:26:24.200+0000] {processor.py:830} INFO - Processing file /opt/airflow/dags/projeto2_etl.py for tasks to queue
[2025-04-17T05:26:24.203+0000] {logging_mixin.py:188} INFO - [2025-04-17T05:26:24.202+0000] {dagbag.py:538} INFO - Filling up the DagBag from /opt/airflow/dags/projeto2_etl.py
[2025-04-17T05:26:24.940+0000] {processor.py:842} WARNING - No viable dags retrieved from /opt/airflow/dags/projeto2_etl.py
[2025-04-17T05:26:24.959+0000] {processor.py:183} INFO - Processing /opt/airflow/dags/projeto2_etl.py took 0.766 seconds
[2025-04-17T05:26:55.493+0000] {processor.py:161} INFO - Started process (PID=192) to work on /opt/airflow/dags/projeto2_etl.py
[2025-04-17T05:26:56.264+0000] {processor.py:830} INFO - Processing file /opt/airflow/dags/projeto2_etl.py for tasks to queue
[2025-04-17T05:26:56.268+0000] {logging_mixin.py:188} INFO - [2025-04-17T05:26:56.267+0000] {dagbag.py:538} INFO - Filling up the DagBag from /opt/airflow/dags/projeto2_etl.py
[2025-04-17T05:26:57.038+0000] {processor.py:842} WARNING - No viable dags retrieved from /opt/airflow/dags/projeto2_etl.py
[2025-04-17T05:26:57.055+0000] {processor.py:183} INFO - Processing /opt/airflow/dags/projeto2_etl.py took 1.567 seconds
[2025-04-17T05:27:27.144+0000] {processor.py:161} INFO - Started process (PID=202) to work on /opt/airflow/dags/projeto2_etl.py
[2025-04-17T05:27:27.146+0000] {processor.py:830} INFO - Processing file /opt/airflow/dags/projeto2_etl.py for tasks to queue
[2025-04-17T05:27:27.150+0000] {logging_mixin.py:188} INFO - [2025-04-17T05:27:27.150+0000] {dagbag.py:538} INFO - Filling up the DagBag from /opt/airflow/dags/projeto2_etl.py
[2025-04-17T05:27:28.345+0000] {processor.py:842} WARNING - No viable dags retrieved from /opt/airflow/dags/projeto2_etl.py
[2025-04-17T05:27:28.369+0000] {processor.py:183} INFO - Processing /opt/airflow/dags/projeto2_etl.py took 1.234 seconds
[2025-04-17T05:27:58.734+0000] {processor.py:161} INFO - Started process (PID=212) to work on /opt/airflow/dags/projeto2_etl.py
[2025-04-17T05:27:58.739+0000] {processor.py:830} INFO - Processing file /opt/airflow/dags/projeto2_etl.py for tasks to queue
[2025-04-17T05:27:58.744+0000] {logging_mixin.py:188} INFO - [2025-04-17T05:27:58.743+0000] {dagbag.py:538} INFO - Filling up the DagBag from /opt/airflow/dags/projeto2_etl.py
[2025-04-17T05:27:59.948+0000] {processor.py:842} WARNING - No viable dags retrieved from /opt/airflow/dags/projeto2_etl.py
[2025-04-17T05:27:59.972+0000] {processor.py:183} INFO - Processing /opt/airflow/dags/projeto2_etl.py took 1.247 seconds
[2025-04-17T05:28:30.281+0000] {processor.py:161} INFO - Started process (PID=222) to work on /opt/airflow/dags/projeto2_etl.py
[2025-04-17T05:28:30.282+0000] {processor.py:830} INFO - Processing file /opt/airflow/dags/projeto2_etl.py for tasks to queue
[2025-04-17T05:28:30.287+0000] {logging_mixin.py:188} INFO - [2025-04-17T05:28:30.286+0000] {dagbag.py:538} INFO - Filling up the DagBag from /opt/airflow/dags/projeto2_etl.py
[2025-04-17T05:28:31.119+0000] {processor.py:842} WARNING - No viable dags retrieved from /opt/airflow/dags/projeto2_etl.py
[2025-04-17T05:28:31.138+0000] {processor.py:183} INFO - Processing /opt/airflow/dags/projeto2_etl.py took 0.862 seconds
[2025-04-17T05:29:01.394+0000] {processor.py:161} INFO - Started process (PID=232) to work on /opt/airflow/dags/projeto2_etl.py
[2025-04-17T05:29:01.395+0000] {processor.py:830} INFO - Processing file /opt/airflow/dags/projeto2_etl.py for tasks to queue
[2025-04-17T05:29:01.398+0000] {logging_mixin.py:188} INFO - [2025-04-17T05:29:01.398+0000] {dagbag.py:538} INFO - Filling up the DagBag from /opt/airflow/dags/projeto2_etl.py
[2025-04-17T05:29:02.160+0000] {processor.py:842} WARNING - No viable dags retrieved from /opt/airflow/dags/projeto2_etl.py
[2025-04-17T05:29:02.178+0000] {processor.py:183} INFO - Processing /opt/airflow/dags/projeto2_etl.py took 0.788 seconds
[2025-04-17T05:29:32.457+0000] {processor.py:161} INFO - Started process (PID=242) to work on /opt/airflow/dags/projeto2_etl.py
[2025-04-17T05:29:32.459+0000] {processor.py:830} INFO - Processing file /opt/airflow/dags/projeto2_etl.py for tasks to queue
[2025-04-17T05:29:32.464+0000] {logging_mixin.py:188} INFO - [2025-04-17T05:29:32.464+0000] {dagbag.py:538} INFO - Filling up the DagBag from /opt/airflow/dags/projeto2_etl.py
[2025-04-17T05:29:33.542+0000] {processor.py:842} WARNING - No viable dags retrieved from /opt/airflow/dags/projeto2_etl.py
[2025-04-17T05:29:33.569+0000] {processor.py:183} INFO - Processing /opt/airflow/dags/projeto2_etl.py took 1.118 seconds
[2025-04-17T05:30:03.921+0000] {processor.py:161} INFO - Started process (PID=252) to work on /opt/airflow/dags/projeto2_etl.py
[2025-04-17T05:30:03.925+0000] {processor.py:830} INFO - Processing file /opt/airflow/dags/projeto2_etl.py for tasks to queue
[2025-04-17T05:30:03.928+0000] {logging_mixin.py:188} INFO - [2025-04-17T05:30:03.928+0000] {dagbag.py:538} INFO - Filling up the DagBag from /opt/airflow/dags/projeto2_etl.py
[2025-04-17T05:30:05.181+0000] {processor.py:842} WARNING - No viable dags retrieved from /opt/airflow/dags/projeto2_etl.py
[2025-04-17T05:30:05.208+0000] {processor.py:183} INFO - Processing /opt/airflow/dags/projeto2_etl.py took 1.296 seconds
[2025-04-17T05:30:35.547+0000] {processor.py:161} INFO - Started process (PID=261) to work on /opt/airflow/dags/projeto2_etl.py
[2025-04-17T05:30:35.548+0000] {processor.py:830} INFO - Processing file /opt/airflow/dags/projeto2_etl.py for tasks to queue
[2025-04-17T05:30:35.552+0000] {logging_mixin.py:188} INFO - [2025-04-17T05:30:35.552+0000] {dagbag.py:538} INFO - Filling up the DagBag from /opt/airflow/dags/projeto2_etl.py
[2025-04-17T05:30:36.369+0000] {processor.py:842} WARNING - No viable dags retrieved from /opt/airflow/dags/projeto2_etl.py
[2025-04-17T05:30:36.390+0000] {processor.py:183} INFO - Processing /opt/airflow/dags/projeto2_etl.py took 0.847 seconds
[2025-04-17T05:31:06.618+0000] {processor.py:161} INFO - Started process (PID=271) to work on /opt/airflow/dags/projeto2_etl.py
[2025-04-17T05:31:06.619+0000] {processor.py:830} INFO - Processing file /opt/airflow/dags/projeto2_etl.py for tasks to queue
[2025-04-17T05:31:06.621+0000] {logging_mixin.py:188} INFO - [2025-04-17T05:31:06.621+0000] {dagbag.py:538} INFO - Filling up the DagBag from /opt/airflow/dags/projeto2_etl.py
[2025-04-17T05:31:07.365+0000] {processor.py:842} WARNING - No viable dags retrieved from /opt/airflow/dags/projeto2_etl.py
[2025-04-17T05:31:07.381+0000] {processor.py:183} INFO - Processing /opt/airflow/dags/projeto2_etl.py took 0.768 seconds
[2025-04-17T05:31:37.982+0000] {processor.py:161} INFO - Started process (PID=281) to work on /opt/airflow/dags/projeto2_etl.py
[2025-04-17T05:31:37.983+0000] {processor.py:830} INFO - Processing file /opt/airflow/dags/projeto2_etl.py for tasks to queue
[2025-04-17T05:31:37.985+0000] {logging_mixin.py:188} INFO - [2025-04-17T05:31:37.985+0000] {dagbag.py:538} INFO - Filling up the DagBag from /opt/airflow/dags/projeto2_etl.py
[2025-04-17T05:31:38.763+0000] {processor.py:842} WARNING - No viable dags retrieved from /opt/airflow/dags/projeto2_etl.py
[2025-04-17T05:31:38.780+0000] {processor.py:183} INFO - Processing /opt/airflow/dags/projeto2_etl.py took 0.802 seconds
[2025-04-17T05:32:09.208+0000] {processor.py:161} INFO - Started process (PID=291) to work on /opt/airflow/dags/projeto2_etl.py
[2025-04-17T05:32:09.210+0000] {processor.py:830} INFO - Processing file /opt/airflow/dags/projeto2_etl.py for tasks to queue
[2025-04-17T05:32:09.213+0000] {logging_mixin.py:188} INFO - [2025-04-17T05:32:09.213+0000] {dagbag.py:538} INFO - Filling up the DagBag from /opt/airflow/dags/projeto2_etl.py
[2025-04-17T05:32:09.994+0000] {processor.py:842} WARNING - No viable dags retrieved from /opt/airflow/dags/projeto2_etl.py
[2025-04-17T05:32:10.012+0000] {processor.py:183} INFO - Processing /opt/airflow/dags/projeto2_etl.py took 0.810 seconds
[2025-04-17T05:32:40.968+0000] {processor.py:161} INFO - Started process (PID=301) to work on /opt/airflow/dags/projeto2_etl.py
[2025-04-17T05:32:42.613+0000] {processor.py:830} INFO - Processing file /opt/airflow/dags/projeto2_etl.py for tasks to queue
[2025-04-17T05:32:42.616+0000] {logging_mixin.py:188} INFO - [2025-04-17T05:32:42.615+0000] {dagbag.py:538} INFO - Filling up the DagBag from /opt/airflow/dags/projeto2_etl.py
[2025-04-17T05:32:43.429+0000] {processor.py:842} WARNING - No viable dags retrieved from /opt/airflow/dags/projeto2_etl.py
[2025-04-17T05:32:43.447+0000] {processor.py:183} INFO - Processing /opt/airflow/dags/projeto2_etl.py took 2.483 seconds
[2025-04-17T05:33:14.234+0000] {processor.py:161} INFO - Started process (PID=316) to work on /opt/airflow/dags/projeto2_etl.py
[2025-04-17T05:33:14.235+0000] {processor.py:830} INFO - Processing file /opt/airflow/dags/projeto2_etl.py for tasks to queue
[2025-04-17T05:33:14.238+0000] {logging_mixin.py:188} INFO - [2025-04-17T05:33:14.238+0000] {dagbag.py:538} INFO - Filling up the DagBag from /opt/airflow/dags/projeto2_etl.py
[2025-04-17T05:33:15.053+0000] {processor.py:842} WARNING - No viable dags retrieved from /opt/airflow/dags/projeto2_etl.py
[2025-04-17T05:33:15.072+0000] {processor.py:183} INFO - Processing /opt/airflow/dags/projeto2_etl.py took 0.842 seconds
[2025-04-17T05:33:45.439+0000] {processor.py:161} INFO - Started process (PID=326) to work on /opt/airflow/dags/projeto2_etl.py
[2025-04-17T05:33:45.441+0000] {processor.py:830} INFO - Processing file /opt/airflow/dags/projeto2_etl.py for tasks to queue
[2025-04-17T05:33:45.445+0000] {logging_mixin.py:188} INFO - [2025-04-17T05:33:45.444+0000] {dagbag.py:538} INFO - Filling up the DagBag from /opt/airflow/dags/projeto2_etl.py
[2025-04-17T05:33:46.274+0000] {processor.py:842} WARNING - No viable dags retrieved from /opt/airflow/dags/projeto2_etl.py
[2025-04-17T05:33:46.292+0000] {processor.py:183} INFO - Processing /opt/airflow/dags/projeto2_etl.py took 0.857 seconds
[2025-04-17T05:34:16.782+0000] {processor.py:161} INFO - Started process (PID=336) to work on /opt/airflow/dags/projeto2_etl.py
[2025-04-17T05:34:16.783+0000] {processor.py:830} INFO - Processing file /opt/airflow/dags/projeto2_etl.py for tasks to queue
[2025-04-17T05:34:16.787+0000] {logging_mixin.py:188} INFO - [2025-04-17T05:34:16.786+0000] {dagbag.py:538} INFO - Filling up the DagBag from /opt/airflow/dags/projeto2_etl.py
[2025-04-17T05:34:17.614+0000] {processor.py:842} WARNING - No viable dags retrieved from /opt/airflow/dags/projeto2_etl.py
[2025-04-17T05:34:17.632+0000] {processor.py:183} INFO - Processing /opt/airflow/dags/projeto2_etl.py took 0.855 seconds
[2025-04-17T05:34:47.911+0000] {processor.py:161} INFO - Started process (PID=346) to work on /opt/airflow/dags/projeto2_etl.py
[2025-04-17T05:34:47.912+0000] {processor.py:830} INFO - Processing file /opt/airflow/dags/projeto2_etl.py for tasks to queue
[2025-04-17T05:34:47.915+0000] {logging_mixin.py:188} INFO - [2025-04-17T05:34:47.915+0000] {dagbag.py:538} INFO - Filling up the DagBag from /opt/airflow/dags/projeto2_etl.py
[2025-04-17T05:34:48.693+0000] {processor.py:842} WARNING - No viable dags retrieved from /opt/airflow/dags/projeto2_etl.py
[2025-04-17T05:34:48.714+0000] {processor.py:183} INFO - Processing /opt/airflow/dags/projeto2_etl.py took 0.809 seconds
[2025-04-17T05:35:18.982+0000] {processor.py:161} INFO - Started process (PID=356) to work on /opt/airflow/dags/projeto2_etl.py
[2025-04-17T05:35:18.983+0000] {processor.py:830} INFO - Processing file /opt/airflow/dags/projeto2_etl.py for tasks to queue
[2025-04-17T05:35:18.985+0000] {logging_mixin.py:188} INFO - [2025-04-17T05:35:18.985+0000] {dagbag.py:538} INFO - Filling up the DagBag from /opt/airflow/dags/projeto2_etl.py
[2025-04-17T05:35:19.921+0000] {processor.py:842} WARNING - No viable dags retrieved from /opt/airflow/dags/projeto2_etl.py
[2025-04-17T05:35:19.942+0000] {processor.py:183} INFO - Processing /opt/airflow/dags/projeto2_etl.py took 0.965 seconds
[2025-04-17T05:35:50.168+0000] {processor.py:161} INFO - Started process (PID=366) to work on /opt/airflow/dags/projeto2_etl.py
[2025-04-17T05:35:50.169+0000] {processor.py:830} INFO - Processing file /opt/airflow/dags/projeto2_etl.py for tasks to queue
[2025-04-17T05:35:50.171+0000] {logging_mixin.py:188} INFO - [2025-04-17T05:35:50.171+0000] {dagbag.py:538} INFO - Filling up the DagBag from /opt/airflow/dags/projeto2_etl.py
[2025-04-17T05:35:50.997+0000] {processor.py:842} WARNING - No viable dags retrieved from /opt/airflow/dags/projeto2_etl.py
[2025-04-17T05:35:51.016+0000] {processor.py:183} INFO - Processing /opt/airflow/dags/projeto2_etl.py took 0.852 seconds
[2025-04-17T05:36:21.415+0000] {processor.py:161} INFO - Started process (PID=376) to work on /opt/airflow/dags/projeto2_etl.py
[2025-04-17T05:36:21.422+0000] {processor.py:830} INFO - Processing file /opt/airflow/dags/projeto2_etl.py for tasks to queue
[2025-04-17T05:36:21.425+0000] {logging_mixin.py:188} INFO - [2025-04-17T05:36:21.425+0000] {dagbag.py:538} INFO - Filling up the DagBag from /opt/airflow/dags/projeto2_etl.py
[2025-04-17T05:36:22.241+0000] {processor.py:842} WARNING - No viable dags retrieved from /opt/airflow/dags/projeto2_etl.py
[2025-04-17T05:36:22.259+0000] {processor.py:183} INFO - Processing /opt/airflow/dags/projeto2_etl.py took 0.848 seconds
[2025-04-17T05:36:52.521+0000] {processor.py:161} INFO - Started process (PID=386) to work on /opt/airflow/dags/projeto2_etl.py
[2025-04-17T05:36:52.523+0000] {processor.py:830} INFO - Processing file /opt/airflow/dags/projeto2_etl.py for tasks to queue
[2025-04-17T05:36:52.526+0000] {logging_mixin.py:188} INFO - [2025-04-17T05:36:52.525+0000] {dagbag.py:538} INFO - Filling up the DagBag from /opt/airflow/dags/projeto2_etl.py
[2025-04-17T05:36:53.304+0000] {processor.py:842} WARNING - No viable dags retrieved from /opt/airflow/dags/projeto2_etl.py
[2025-04-17T05:36:53.321+0000] {processor.py:183} INFO - Processing /opt/airflow/dags/projeto2_etl.py took 0.806 seconds
[2025-04-17T05:37:23.820+0000] {processor.py:161} INFO - Started process (PID=395) to work on /opt/airflow/dags/projeto2_etl.py
[2025-04-17T05:37:23.821+0000] {processor.py:830} INFO - Processing file /opt/airflow/dags/projeto2_etl.py for tasks to queue
[2025-04-17T05:37:23.823+0000] {logging_mixin.py:188} INFO - [2025-04-17T05:37:23.823+0000] {dagbag.py:538} INFO - Filling up the DagBag from /opt/airflow/dags/projeto2_etl.py
[2025-04-17T05:37:24.634+0000] {processor.py:842} WARNING - No viable dags retrieved from /opt/airflow/dags/projeto2_etl.py
[2025-04-17T05:37:24.653+0000] {processor.py:183} INFO - Processing /opt/airflow/dags/projeto2_etl.py took 0.837 seconds
[2025-04-17T05:37:54.894+0000] {processor.py:161} INFO - Started process (PID=405) to work on /opt/airflow/dags/projeto2_etl.py
[2025-04-17T05:37:54.896+0000] {processor.py:830} INFO - Processing file /opt/airflow/dags/projeto2_etl.py for tasks to queue
[2025-04-17T05:37:54.898+0000] {logging_mixin.py:188} INFO - [2025-04-17T05:37:54.898+0000] {dagbag.py:538} INFO - Filling up the DagBag from /opt/airflow/dags/projeto2_etl.py
[2025-04-17T05:37:55.637+0000] {processor.py:842} WARNING - No viable dags retrieved from /opt/airflow/dags/projeto2_etl.py
[2025-04-17T05:37:55.656+0000] {processor.py:183} INFO - Processing /opt/airflow/dags/projeto2_etl.py took 0.768 seconds
[2025-04-17T05:38:25.872+0000] {processor.py:161} INFO - Started process (PID=415) to work on /opt/airflow/dags/projeto2_etl.py
[2025-04-17T05:38:25.873+0000] {processor.py:830} INFO - Processing file /opt/airflow/dags/projeto2_etl.py for tasks to queue
[2025-04-17T05:38:25.876+0000] {logging_mixin.py:188} INFO - [2025-04-17T05:38:25.875+0000] {dagbag.py:538} INFO - Filling up the DagBag from /opt/airflow/dags/projeto2_etl.py
[2025-04-17T05:38:26.681+0000] {processor.py:842} WARNING - No viable dags retrieved from /opt/airflow/dags/projeto2_etl.py
[2025-04-17T05:38:26.698+0000] {processor.py:183} INFO - Processing /opt/airflow/dags/projeto2_etl.py took 0.830 seconds
[2025-04-17T05:38:56.933+0000] {processor.py:161} INFO - Started process (PID=425) to work on /opt/airflow/dags/projeto2_etl.py
[2025-04-17T05:38:56.935+0000] {processor.py:830} INFO - Processing file /opt/airflow/dags/projeto2_etl.py for tasks to queue
[2025-04-17T05:38:56.938+0000] {logging_mixin.py:188} INFO - [2025-04-17T05:38:56.937+0000] {dagbag.py:538} INFO - Filling up the DagBag from /opt/airflow/dags/projeto2_etl.py
[2025-04-17T05:38:57.706+0000] {processor.py:842} WARNING - No viable dags retrieved from /opt/airflow/dags/projeto2_etl.py
[2025-04-17T05:38:57.724+0000] {processor.py:183} INFO - Processing /opt/airflow/dags/projeto2_etl.py took 0.796 seconds
[2025-04-17T05:39:28.317+0000] {processor.py:161} INFO - Started process (PID=435) to work on /opt/airflow/dags/projeto2_etl.py
[2025-04-17T05:39:28.320+0000] {processor.py:830} INFO - Processing file /opt/airflow/dags/projeto2_etl.py for tasks to queue
[2025-04-17T05:39:28.325+0000] {logging_mixin.py:188} INFO - [2025-04-17T05:39:28.325+0000] {dagbag.py:538} INFO - Filling up the DagBag from /opt/airflow/dags/projeto2_etl.py
[2025-04-17T05:39:29.107+0000] {processor.py:842} WARNING - No viable dags retrieved from /opt/airflow/dags/projeto2_etl.py
[2025-04-17T05:39:29.129+0000] {processor.py:183} INFO - Processing /opt/airflow/dags/projeto2_etl.py took 0.817 seconds
[2025-04-17T05:39:59.571+0000] {processor.py:161} INFO - Started process (PID=445) to work on /opt/airflow/dags/projeto2_etl.py
[2025-04-17T05:39:59.572+0000] {processor.py:830} INFO - Processing file /opt/airflow/dags/projeto2_etl.py for tasks to queue
[2025-04-17T05:39:59.574+0000] {logging_mixin.py:188} INFO - [2025-04-17T05:39:59.574+0000] {dagbag.py:538} INFO - Filling up the DagBag from /opt/airflow/dags/projeto2_etl.py
[2025-04-17T05:40:00.220+0000] {processor.py:842} WARNING - No viable dags retrieved from /opt/airflow/dags/projeto2_etl.py
[2025-04-17T05:40:00.234+0000] {processor.py:183} INFO - Processing /opt/airflow/dags/projeto2_etl.py took 0.667 seconds
[2025-04-17T05:40:30.493+0000] {processor.py:161} INFO - Started process (PID=455) to work on /opt/airflow/dags/projeto2_etl.py
[2025-04-17T05:40:30.495+0000] {processor.py:830} INFO - Processing file /opt/airflow/dags/projeto2_etl.py for tasks to queue
[2025-04-17T05:40:30.498+0000] {logging_mixin.py:188} INFO - [2025-04-17T05:40:30.498+0000] {dagbag.py:538} INFO - Filling up the DagBag from /opt/airflow/dags/projeto2_etl.py
[2025-04-17T05:40:31.495+0000] {processor.py:842} WARNING - No viable dags retrieved from /opt/airflow/dags/projeto2_etl.py
[2025-04-17T05:40:31.523+0000] {processor.py:183} INFO - Processing /opt/airflow/dags/projeto2_etl.py took 1.034 seconds
[2025-04-17T05:41:01.795+0000] {processor.py:161} INFO - Started process (PID=465) to work on /opt/airflow/dags/projeto2_etl.py
[2025-04-17T05:41:01.796+0000] {processor.py:830} INFO - Processing file /opt/airflow/dags/projeto2_etl.py for tasks to queue
[2025-04-17T05:41:01.799+0000] {logging_mixin.py:188} INFO - [2025-04-17T05:41:01.799+0000] {dagbag.py:538} INFO - Filling up the DagBag from /opt/airflow/dags/projeto2_etl.py
[2025-04-17T05:41:02.574+0000] {processor.py:842} WARNING - No viable dags retrieved from /opt/airflow/dags/projeto2_etl.py
[2025-04-17T05:41:02.592+0000] {processor.py:183} INFO - Processing /opt/airflow/dags/projeto2_etl.py took 0.801 seconds
[2025-04-17T05:41:33.145+0000] {processor.py:161} INFO - Started process (PID=475) to work on /opt/airflow/dags/projeto2_etl.py
[2025-04-17T05:41:33.146+0000] {processor.py:830} INFO - Processing file /opt/airflow/dags/projeto2_etl.py for tasks to queue
[2025-04-17T05:41:33.149+0000] {logging_mixin.py:188} INFO - [2025-04-17T05:41:33.148+0000] {dagbag.py:538} INFO - Filling up the DagBag from /opt/airflow/dags/projeto2_etl.py
[2025-04-17T05:41:33.919+0000] {processor.py:842} WARNING - No viable dags retrieved from /opt/airflow/dags/projeto2_etl.py
[2025-04-17T05:41:33.936+0000] {processor.py:183} INFO - Processing /opt/airflow/dags/projeto2_etl.py took 0.797 seconds
[2025-04-17T05:42:04.180+0000] {processor.py:161} INFO - Started process (PID=485) to work on /opt/airflow/dags/projeto2_etl.py
[2025-04-17T05:42:04.181+0000] {processor.py:830} INFO - Processing file /opt/airflow/dags/projeto2_etl.py for tasks to queue
[2025-04-17T05:42:04.184+0000] {logging_mixin.py:188} INFO - [2025-04-17T05:42:04.183+0000] {dagbag.py:538} INFO - Filling up the DagBag from /opt/airflow/dags/projeto2_etl.py
[2025-04-17T05:42:04.986+0000] {processor.py:842} WARNING - No viable dags retrieved from /opt/airflow/dags/projeto2_etl.py
[2025-04-17T05:42:05.008+0000] {processor.py:183} INFO - Processing /opt/airflow/dags/projeto2_etl.py took 0.832 seconds
[2025-04-17T05:42:35.551+0000] {processor.py:161} INFO - Started process (PID=495) to work on /opt/airflow/dags/projeto2_etl.py
[2025-04-17T05:42:35.553+0000] {processor.py:830} INFO - Processing file /opt/airflow/dags/projeto2_etl.py for tasks to queue
[2025-04-17T05:42:35.557+0000] {logging_mixin.py:188} INFO - [2025-04-17T05:42:35.556+0000] {dagbag.py:538} INFO - Filling up the DagBag from /opt/airflow/dags/projeto2_etl.py
[2025-04-17T05:42:36.342+0000] {processor.py:842} WARNING - No viable dags retrieved from /opt/airflow/dags/projeto2_etl.py
[2025-04-17T05:42:36.361+0000] {processor.py:183} INFO - Processing /opt/airflow/dags/projeto2_etl.py took 0.815 seconds
[2025-04-17T05:43:07.057+0000] {processor.py:161} INFO - Started process (PID=505) to work on /opt/airflow/dags/projeto2_etl.py
[2025-04-17T05:43:07.058+0000] {processor.py:830} INFO - Processing file /opt/airflow/dags/projeto2_etl.py for tasks to queue
[2025-04-17T05:43:07.061+0000] {logging_mixin.py:188} INFO - [2025-04-17T05:43:07.060+0000] {dagbag.py:538} INFO - Filling up the DagBag from /opt/airflow/dags/projeto2_etl.py
[2025-04-17T05:43:07.842+0000] {processor.py:842} WARNING - No viable dags retrieved from /opt/airflow/dags/projeto2_etl.py
[2025-04-17T05:43:07.862+0000] {processor.py:183} INFO - Processing /opt/airflow/dags/projeto2_etl.py took 0.810 seconds
[2025-04-17T05:43:38.345+0000] {processor.py:161} INFO - Started process (PID=515) to work on /opt/airflow/dags/projeto2_etl.py
[2025-04-17T05:43:38.346+0000] {processor.py:830} INFO - Processing file /opt/airflow/dags/projeto2_etl.py for tasks to queue
[2025-04-17T05:43:38.352+0000] {logging_mixin.py:188} INFO - [2025-04-17T05:43:38.352+0000] {dagbag.py:538} INFO - Filling up the DagBag from /opt/airflow/dags/projeto2_etl.py
[2025-04-17T05:43:39.539+0000] {processor.py:842} WARNING - No viable dags retrieved from /opt/airflow/dags/projeto2_etl.py
[2025-04-17T05:43:39.561+0000] {processor.py:183} INFO - Processing /opt/airflow/dags/projeto2_etl.py took 1.225 seconds
