[2025-04-17T04:18:41.875+0000] {manager.py:469} INFO - Processing files using up to 2 processes at a time 
[2025-04-17T04:18:41.875+0000] {manager.py:470} INFO - Process each file at most once every 30 seconds
[2025-04-17T04:18:41.876+0000] {manager.py:471} INFO - Checking for new files in /opt/airflow/dags every 300 seconds
[2025-04-17T04:18:41.876+0000] {manager.py:738} INFO - Searching for files in /opt/airflow/dags
[2025-04-17T04:18:41.877+0000] {manager.py:741} INFO - There are 0 files in /opt/airflow/dags
[2025-04-17T04:23:41.981+0000] {manager.py:738} INFO - Searching for files in /opt/airflow/dags
[2025-04-17T04:23:41.982+0000] {manager.py:741} INFO - There are 0 files in /opt/airflow/dags
[2025-04-17T04:28:42.191+0000] {manager.py:738} INFO - Searching for files in /opt/airflow/dags
[2025-04-17T04:28:42.194+0000] {manager.py:741} INFO - There are 0 files in /opt/airflow/dags
[2025-04-17T04:33:42.716+0000] {manager.py:738} INFO - Searching for files in /opt/airflow/dags
[2025-04-17T04:33:42.716+0000] {manager.py:741} INFO - There are 0 files in /opt/airflow/dags
[2025-04-17T04:38:43.081+0000] {manager.py:738} INFO - Searching for files in /opt/airflow/dags
[2025-04-17T04:38:43.082+0000] {manager.py:741} INFO - There are 0 files in /opt/airflow/dags
[2025-04-17T04:43:43.146+0000] {manager.py:738} INFO - Searching for files in /opt/airflow/dags
[2025-04-17T04:43:43.147+0000] {manager.py:741} INFO - There are 0 files in /opt/airflow/dags
[2025-04-17T04:48:43.909+0000] {manager.py:738} INFO - Searching for files in /opt/airflow/dags
[2025-04-17T04:48:43.910+0000] {manager.py:741} INFO - There are 0 files in /opt/airflow/dags
[2025-04-17T04:50:20.146+0000] {manager.py:451} INFO - Exiting gracefully upon receiving signal 15
[2025-04-17T05:00:04.762+0000] {manager.py:469} INFO - Processing files using up to 2 processes at a time 
[2025-04-17T05:00:04.766+0000] {manager.py:470} INFO - Process each file at most once every 30 seconds
[2025-04-17T05:00:04.770+0000] {manager.py:471} INFO - Checking for new files in /opt/airflow/dags every 300 seconds
[2025-04-17T05:00:04.771+0000] {manager.py:738} INFO - Searching for files in /opt/airflow/dags
[2025-04-17T05:00:04.773+0000] {manager.py:741} INFO - There are 2 files in /opt/airflow/dags
[2025-04-17T05:00:04.932+0000] {manager.py:879} INFO - 
================================================================================
DAG File Processing Stats

File Path                            PID  Runtime      # DAGs    # Errors  Last Runtime    Last Run
---------------------------------  -----  ---------  --------  ----------  --------------  ----------
/opt/airflow/dags/projeto2_etl.py     47  0.07s             0           0
/opt/airflow/dags/projeto2_dag.py     48  0.06s             0           0
================================================================================
[2025-04-17T05:00:35.198+0000] {manager.py:879} INFO - 
================================================================================
DAG File Processing Stats

File Path                          PID    Runtime      # DAGs    # Errors  Last Runtime    Last Run
---------------------------------  -----  ---------  --------  ----------  --------------  -------------------
/opt/airflow/dags/projeto2_etl.py                           0           0  3.03s           2025-04-17T05:00:07
/opt/airflow/dags/projeto2_dag.py                           1           0  3.47s           2025-04-17T05:00:08
================================================================================
[2025-04-17T05:01:05.686+0000] {manager.py:879} INFO - 
================================================================================
DAG File Processing Stats

File Path                          PID    Runtime      # DAGs    # Errors  Last Runtime    Last Run
---------------------------------  -----  ---------  --------  ----------  --------------  -------------------
/opt/airflow/dags/projeto2_etl.py                           0           0  0.72s           2025-04-17T05:00:38
/opt/airflow/dags/projeto2_dag.py                           1           0  1.00s           2025-04-17T05:00:39
================================================================================
[2025-04-17T05:01:17.512+0000] {manager.py:451} INFO - Exiting gracefully upon receiving signal 15
[2025-04-17T05:19:37.676+0000] {manager.py:469} INFO - Processing files using up to 2 processes at a time 
[2025-04-17T05:19:37.678+0000] {manager.py:470} INFO - Process each file at most once every 30 seconds
[2025-04-17T05:19:37.682+0000] {manager.py:471} INFO - Checking for new files in /opt/airflow/dags every 300 seconds
[2025-04-17T05:19:37.683+0000] {manager.py:738} INFO - Searching for files in /opt/airflow/dags
[2025-04-17T05:19:37.694+0000] {manager.py:741} INFO - There are 2 files in /opt/airflow/dags
[2025-04-17T05:19:38.245+0000] {manager.py:879} INFO - 
================================================================================
DAG File Processing Stats

File Path                            PID  Runtime      # DAGs    # Errors  Last Runtime    Last Run
---------------------------------  -----  ---------  --------  ----------  --------------  ----------
/opt/airflow/dags/projeto2_etl.py     47  0.32s             0           0
/opt/airflow/dags/projeto2_dag.py     48  0.26s             0           0
================================================================================
[2025-04-17T05:20:08.276+0000] {manager.py:879} INFO - 
================================================================================
DAG File Processing Stats

File Path                          PID    Runtime      # DAGs    # Errors  Last Runtime    Last Run
---------------------------------  -----  ---------  --------  ----------  --------------  -------------------
/opt/airflow/dags/projeto2_etl.py                           0           0  1.77s           2025-04-17T05:19:39
/opt/airflow/dags/projeto2_dag.py                           1           0  2.27s           2025-04-17T05:19:40
================================================================================
[2025-04-17T05:20:38.545+0000] {manager.py:879} INFO - 
================================================================================
DAG File Processing Stats

File Path                          PID    Runtime      # DAGs    # Errors  Last Runtime    Last Run
---------------------------------  -----  ---------  --------  ----------  --------------  -------------------
/opt/airflow/dags/projeto2_etl.py                           0           0  0.62s           2025-04-17T05:20:10
/opt/airflow/dags/projeto2_dag.py                           1           0  0.77s           2025-04-17T05:20:11
================================================================================
[2025-04-17T05:21:08.845+0000] {manager.py:879} INFO - 
================================================================================
DAG File Processing Stats

File Path                          PID    Runtime      # DAGs    # Errors  Last Runtime    Last Run
---------------------------------  -----  ---------  --------  ----------  --------------  -------------------
/opt/airflow/dags/projeto2_etl.py                           0           0  0.61s           2025-04-17T05:20:41
/opt/airflow/dags/projeto2_dag.py                           1           0  0.77s           2025-04-17T05:20:41
================================================================================
[2025-04-17T05:21:39.290+0000] {manager.py:879} INFO - 
================================================================================
DAG File Processing Stats

File Path                          PID    Runtime      # DAGs    # Errors  Last Runtime    Last Run
---------------------------------  -----  ---------  --------  ----------  --------------  -------------------
/opt/airflow/dags/projeto2_etl.py                           0           0  1.01s           2025-04-17T05:21:12
/opt/airflow/dags/projeto2_dag.py                           1           0  1.11s           2025-04-17T05:21:13
================================================================================
[2025-04-17T05:22:09.621+0000] {manager.py:879} INFO - 
================================================================================
DAG File Processing Stats

File Path                          PID    Runtime      # DAGs    # Errors  Last Runtime    Last Run
---------------------------------  -----  ---------  --------  ----------  --------------  -------------------
/opt/airflow/dags/projeto2_etl.py                           0           0  0.77s           2025-04-17T05:21:44
/opt/airflow/dags/projeto2_dag.py                           1           0  1.70s           2025-04-17T05:21:45
================================================================================
[2025-04-17T05:22:40.293+0000] {manager.py:879} INFO - 
================================================================================
DAG File Processing Stats

File Path                          PID    Runtime      # DAGs    # Errors  Last Runtime    Last Run
---------------------------------  -----  ---------  --------  ----------  --------------  -------------------
/opt/airflow/dags/projeto2_etl.py                           0           0  0.82s           2025-04-17T05:22:15
/opt/airflow/dags/projeto2_dag.py                           1           0  1.14s           2025-04-17T05:22:16
================================================================================
[2025-04-17T05:23:10.606+0000] {manager.py:879} INFO - 
================================================================================
DAG File Processing Stats

File Path                          PID    Runtime      # DAGs    # Errors  Last Runtime    Last Run
---------------------------------  -----  ---------  --------  ----------  --------------  -------------------
/opt/airflow/dags/projeto2_etl.py                           0           0  0.78s           2025-04-17T05:22:46
/opt/airflow/dags/projeto2_dag.py                           1           0  1.09s           2025-04-17T05:22:47
================================================================================
[2025-04-17T05:23:40.911+0000] {manager.py:879} INFO - 
================================================================================
DAG File Processing Stats

File Path                          PID    Runtime      # DAGs    # Errors  Last Runtime    Last Run
---------------------------------  -----  ---------  --------  ----------  --------------  -------------------
/opt/airflow/dags/projeto2_etl.py                           0           0  0.86s           2025-04-17T05:23:17
/opt/airflow/dags/projeto2_dag.py                           1           0  1.05s           2025-04-17T05:23:18
================================================================================
[2025-04-17T05:24:11.087+0000] {manager.py:879} INFO - 
================================================================================
DAG File Processing Stats

File Path                          PID    Runtime      # DAGs    # Errors  Last Runtime    Last Run
---------------------------------  -----  ---------  --------  ----------  --------------  -------------------
/opt/airflow/dags/projeto2_etl.py                           0           0  0.80s           2025-04-17T05:23:48
/opt/airflow/dags/projeto2_dag.py                           1           0  0.98s           2025-04-17T05:23:49
================================================================================
[2025-04-17T05:24:38.002+0000] {manager.py:738} INFO - Searching for files in /opt/airflow/dags
[2025-04-17T05:24:38.007+0000] {manager.py:741} INFO - There are 2 files in /opt/airflow/dags
[2025-04-17T05:24:41.249+0000] {manager.py:879} INFO - 
================================================================================
DAG File Processing Stats

File Path                          PID    Runtime      # DAGs    # Errors  Last Runtime    Last Run
---------------------------------  -----  ---------  --------  ----------  --------------  -------------------
/opt/airflow/dags/projeto2_etl.py                           0           0  0.84s           2025-04-17T05:24:19
/opt/airflow/dags/projeto2_dag.py                           1           0  1.89s           2025-04-17T05:24:22
================================================================================
[2025-04-17T05:25:11.472+0000] {manager.py:879} INFO - 
================================================================================
DAG File Processing Stats

File Path                          PID    Runtime      # DAGs    # Errors  Last Runtime    Last Run
---------------------------------  -----  ---------  --------  ----------  --------------  -------------------
/opt/airflow/dags/projeto2_etl.py                           0           0  0.79s           2025-04-17T05:24:50
/opt/airflow/dags/projeto2_dag.py                           1           0  1.09s           2025-04-17T05:24:53
================================================================================
[2025-04-17T05:25:41.982+0000] {manager.py:879} INFO - 
================================================================================
DAG File Processing Stats

File Path                          PID    Runtime      # DAGs    # Errors  Last Runtime    Last Run
---------------------------------  -----  ---------  --------  ----------  --------------  -------------------
/opt/airflow/dags/projeto2_etl.py                           0           0  1.25s           2025-04-17T05:25:22
/opt/airflow/dags/projeto2_dag.py                           1           0  1.56s           2025-04-17T05:25:25
================================================================================
[2025-04-17T05:26:12.072+0000] {manager.py:879} INFO - 
================================================================================
DAG File Processing Stats

File Path                          PID    Runtime      # DAGs    # Errors  Last Runtime    Last Run
---------------------------------  -----  ---------  --------  ----------  --------------  -------------------
/opt/airflow/dags/projeto2_etl.py                           0           0  0.85s           2025-04-17T05:25:53
/opt/airflow/dags/projeto2_dag.py                           1           0  1.58s           2025-04-17T05:25:57
================================================================================
[2025-04-17T05:26:42.399+0000] {manager.py:879} INFO - 
================================================================================
DAG File Processing Stats

File Path                          PID    Runtime      # DAGs    # Errors  Last Runtime    Last Run
---------------------------------  -----  ---------  --------  ----------  --------------  -------------------
/opt/airflow/dags/projeto2_etl.py                           0           0  0.79s           2025-04-17T05:26:24
/opt/airflow/dags/projeto2_dag.py                           1           0  1.09s           2025-04-17T05:26:28
================================================================================
[2025-04-17T05:27:12.622+0000] {manager.py:879} INFO - 
================================================================================
DAG File Processing Stats

File Path                          PID    Runtime      # DAGs    # Errors  Last Runtime    Last Run
---------------------------------  -----  ---------  --------  ----------  --------------  -------------------
/opt/airflow/dags/projeto2_etl.py                           0           0  1.60s           2025-04-17T05:26:57
/opt/airflow/dags/projeto2_dag.py                           1           0  2.42s           2025-04-17T05:27:00
================================================================================
[2025-04-17T05:27:43.552+0000] {manager.py:879} INFO - 
================================================================================
DAG File Processing Stats

File Path                          PID    Runtime      # DAGs    # Errors  Last Runtime    Last Run
---------------------------------  -----  ---------  --------  ----------  --------------  -------------------
/opt/airflow/dags/projeto2_etl.py                           0           0  1.29s           2025-04-17T05:27:28
/opt/airflow/dags/projeto2_dag.py                           1           0  1.33s           2025-04-17T05:27:32
================================================================================
[2025-04-17T05:28:14.119+0000] {manager.py:879} INFO - 
================================================================================
DAG File Processing Stats

File Path                          PID    Runtime      # DAGs    # Errors  Last Runtime    Last Run
---------------------------------  -----  ---------  --------  ----------  --------------  -------------------
/opt/airflow/dags/projeto2_etl.py                           0           0  1.29s           2025-04-17T05:28:00
/opt/airflow/dags/projeto2_dag.py                           1           0  3.40s           2025-04-17T05:28:06
================================================================================
[2025-04-17T05:28:44.263+0000] {manager.py:879} INFO - 
================================================================================
DAG File Processing Stats

File Path                          PID    Runtime      # DAGs    # Errors  Last Runtime    Last Run
---------------------------------  -----  ---------  --------  ----------  --------------  -------------------
/opt/airflow/dags/projeto2_etl.py                           0           0  0.92s           2025-04-17T05:28:31
/opt/airflow/dags/projeto2_dag.py                           1           0  1.02s           2025-04-17T05:28:37
================================================================================
[2025-04-17T05:29:14.304+0000] {manager.py:879} INFO - 
================================================================================
DAG File Processing Stats

File Path                          PID    Runtime      # DAGs    # Errors  Last Runtime    Last Run
---------------------------------  -----  ---------  --------  ----------  --------------  -------------------
/opt/airflow/dags/projeto2_etl.py                           0           0  0.82s           2025-04-17T05:29:02
/opt/airflow/dags/projeto2_dag.py                           1           0  1.17s           2025-04-17T05:29:08
================================================================================
[2025-04-17T05:29:38.621+0000] {manager.py:738} INFO - Searching for files in /opt/airflow/dags
[2025-04-17T05:29:38.626+0000] {manager.py:741} INFO - There are 2 files in /opt/airflow/dags
[2025-04-17T05:29:44.321+0000] {manager.py:879} INFO - 
================================================================================
DAG File Processing Stats

File Path                          PID    Runtime      # DAGs    # Errors  Last Runtime    Last Run
---------------------------------  -----  ---------  --------  ----------  --------------  -------------------
/opt/airflow/dags/projeto2_etl.py                           0           0  1.16s           2025-04-17T05:29:33
/opt/airflow/dags/projeto2_dag.py                           1           0  2.61s           2025-04-17T05:29:41
================================================================================
[2025-04-17T05:30:14.331+0000] {manager.py:879} INFO - 
================================================================================
DAG File Processing Stats

File Path                          PID    Runtime      # DAGs    # Errors  Last Runtime    Last Run
---------------------------------  -----  ---------  --------  ----------  --------------  -------------------
/opt/airflow/dags/projeto2_etl.py                           0           0  1.35s           2025-04-17T05:30:05
/opt/airflow/dags/projeto2_dag.py                           1           0  1.12s           2025-04-17T05:30:12
================================================================================
[2025-04-17T05:30:44.478+0000] {manager.py:879} INFO - 
================================================================================
DAG File Processing Stats

File Path                          PID    Runtime      # DAGs    # Errors  Last Runtime    Last Run
---------------------------------  -----  ---------  --------  ----------  --------------  -------------------
/opt/airflow/dags/projeto2_etl.py                           0           0  0.88s           2025-04-17T05:30:36
/opt/airflow/dags/projeto2_dag.py                           1           0  1.02s           2025-04-17T05:30:43
================================================================================
[2025-04-17T05:31:14.821+0000] {manager.py:879} INFO - 
================================================================================
DAG File Processing Stats

File Path                            PID  Runtime      # DAGs    # Errors  Last Runtime    Last Run
---------------------------------  -----  ---------  --------  ----------  --------------  -------------------
/opt/airflow/dags/projeto2_etl.py                           0           0  0.80s           2025-04-17T05:31:07
/opt/airflow/dags/projeto2_dag.py    279  1.01s             1           0  1.02s           2025-04-17T05:30:43
================================================================================
[2025-04-17T05:31:44.874+0000] {manager.py:879} INFO - 
================================================================================
DAG File Processing Stats

File Path                            PID  Runtime      # DAGs    # Errors  Last Runtime    Last Run
---------------------------------  -----  ---------  --------  ----------  --------------  -------------------
/opt/airflow/dags/projeto2_etl.py                           0           0  0.84s           2025-04-17T05:31:38
/opt/airflow/dags/projeto2_dag.py    289  0.01s             1           0  1.02s           2025-04-17T05:31:14
================================================================================
[2025-04-17T05:32:15.071+0000] {manager.py:879} INFO - 
================================================================================
DAG File Processing Stats

File Path                          PID    Runtime      # DAGs    # Errors  Last Runtime    Last Run
---------------------------------  -----  ---------  --------  ----------  --------------  -------------------
/opt/airflow/dags/projeto2_etl.py                           0           0  0.84s           2025-04-17T05:32:10
/opt/airflow/dags/projeto2_dag.py                           1           0  1.71s           2025-04-17T05:31:46
================================================================================
[2025-04-17T05:32:45.489+0000] {manager.py:879} INFO - 
================================================================================
DAG File Processing Stats

File Path                          PID    Runtime      # DAGs    # Errors  Last Runtime    Last Run
---------------------------------  -----  ---------  --------  ----------  --------------  -------------------
/opt/airflow/dags/projeto2_etl.py                           0           0  2.52s           2025-04-17T05:32:43
/opt/airflow/dags/projeto2_dag.py                           1           0  1.07s           2025-04-17T05:32:17
================================================================================
[2025-04-17T05:33:16.109+0000] {manager.py:879} INFO - 
================================================================================
DAG File Processing Stats

File Path                          PID    Runtime      # DAGs    # Errors  Last Runtime    Last Run
---------------------------------  -----  ---------  --------  ----------  --------------  -------------------
/opt/airflow/dags/projeto2_etl.py                           0           0  0.88s           2025-04-17T05:33:15
/opt/airflow/dags/projeto2_dag.py                           1           0  1.03s           2025-04-17T05:32:49
================================================================================
[2025-04-17T05:33:46.325+0000] {manager.py:879} INFO - 
================================================================================
DAG File Processing Stats

File Path                          PID    Runtime      # DAGs    # Errors  Last Runtime    Last Run
---------------------------------  -----  ---------  --------  ----------  --------------  -------------------
/opt/airflow/dags/projeto2_etl.py                           0           0  0.90s           2025-04-17T05:33:46
/opt/airflow/dags/projeto2_dag.py                           1           0  1.29s           2025-04-17T05:33:20
================================================================================
[2025-04-17T05:34:16.780+0000] {manager.py:879} INFO - 
================================================================================
DAG File Processing Stats

File Path                            PID  Runtime      # DAGs    # Errors  Last Runtime    Last Run
---------------------------------  -----  ---------  --------  ----------  --------------  -------------------
/opt/airflow/dags/projeto2_etl.py    336  0.01s             0           0  0.90s           2025-04-17T05:33:46
/opt/airflow/dags/projeto2_dag.py                           1           0  1.09s           2025-04-17T05:33:51
================================================================================
[2025-04-17T05:34:38.807+0000] {manager.py:738} INFO - Searching for files in /opt/airflow/dags
[2025-04-17T05:34:38.810+0000] {manager.py:741} INFO - There are 2 files in /opt/airflow/dags
[2025-04-17T05:34:46.884+0000] {manager.py:879} INFO - 
================================================================================
DAG File Processing Stats

File Path                          PID    Runtime      # DAGs    # Errors  Last Runtime    Last Run
---------------------------------  -----  ---------  --------  ----------  --------------  -------------------
/opt/airflow/dags/projeto2_etl.py                           0           0  0.90s           2025-04-17T05:34:17
/opt/airflow/dags/projeto2_dag.py                           1           0  1.18s           2025-04-17T05:34:22
================================================================================
[2025-04-17T05:35:16.955+0000] {manager.py:879} INFO - 
================================================================================
DAG File Processing Stats

File Path                          PID    Runtime      # DAGs    # Errors  Last Runtime    Last Run
---------------------------------  -----  ---------  --------  ----------  --------------  -------------------
/opt/airflow/dags/projeto2_etl.py                           0           0  0.84s           2025-04-17T05:34:48
/opt/airflow/dags/projeto2_dag.py                           1           0  0.80s           2025-04-17T05:34:53
================================================================================
[2025-04-17T05:35:47.134+0000] {manager.py:879} INFO - 
================================================================================
DAG File Processing Stats

File Path                          PID    Runtime      # DAGs    # Errors  Last Runtime    Last Run
---------------------------------  -----  ---------  --------  ----------  --------------  -------------------
/opt/airflow/dags/projeto2_etl.py                           0           0  1.00s           2025-04-17T05:35:19
/opt/airflow/dags/projeto2_dag.py                           1           0  1.00s           2025-04-17T05:35:24
================================================================================
[2025-04-17T05:36:17.358+0000] {manager.py:879} INFO - 
================================================================================
DAG File Processing Stats

File Path                          PID    Runtime      # DAGs    # Errors  Last Runtime    Last Run
---------------------------------  -----  ---------  --------  ----------  --------------  -------------------
/opt/airflow/dags/projeto2_etl.py                           0           0  0.89s           2025-04-17T05:35:51
/opt/airflow/dags/projeto2_dag.py                           1           0  1.18s           2025-04-17T05:35:56
================================================================================
[2025-04-17T05:36:47.472+0000] {manager.py:879} INFO - 
================================================================================
DAG File Processing Stats

File Path                          PID    Runtime      # DAGs    # Errors  Last Runtime    Last Run
---------------------------------  -----  ---------  --------  ----------  --------------  -------------------
/opt/airflow/dags/projeto2_etl.py                           0           0  0.88s           2025-04-17T05:36:22
/opt/airflow/dags/projeto2_dag.py                           1           0  1.12s           2025-04-17T05:36:27
================================================================================
[2025-04-17T05:37:17.764+0000] {manager.py:879} INFO - 
================================================================================
DAG File Processing Stats

File Path                          PID    Runtime      # DAGs    # Errors  Last Runtime    Last Run
---------------------------------  -----  ---------  --------  ----------  --------------  -------------------
/opt/airflow/dags/projeto2_etl.py                           0           0  0.84s           2025-04-17T05:36:53
/opt/airflow/dags/projeto2_dag.py                           1           0  1.09s           2025-04-17T05:36:58
================================================================================
[2025-04-17T05:37:47.839+0000] {manager.py:879} INFO - 
================================================================================
DAG File Processing Stats

File Path                          PID    Runtime      # DAGs    # Errors  Last Runtime    Last Run
---------------------------------  -----  ---------  --------  ----------  --------------  -------------------
/opt/airflow/dags/projeto2_etl.py                           0           0  0.87s           2025-04-17T05:37:24
/opt/airflow/dags/projeto2_dag.py                           1           0  1.12s           2025-04-17T05:37:29
================================================================================
[2025-04-17T05:38:17.862+0000] {manager.py:879} INFO - 
================================================================================
DAG File Processing Stats

File Path                          PID    Runtime      # DAGs    # Errors  Last Runtime    Last Run
---------------------------------  -----  ---------  --------  ----------  --------------  -------------------
/opt/airflow/dags/projeto2_etl.py                           0           0  0.80s           2025-04-17T05:37:55
/opt/airflow/dags/projeto2_dag.py                           1           0  1.79s           2025-04-17T05:38:01
================================================================================
[2025-04-17T05:38:48.032+0000] {manager.py:879} INFO - 
================================================================================
DAG File Processing Stats

File Path                          PID    Runtime      # DAGs    # Errors  Last Runtime    Last Run
---------------------------------  -----  ---------  --------  ----------  --------------  -------------------
/opt/airflow/dags/projeto2_etl.py                           0           0  0.87s           2025-04-17T05:38:26
/opt/airflow/dags/projeto2_dag.py                           1           0  1.01s           2025-04-17T05:38:32
================================================================================
[2025-04-17T05:39:18.225+0000] {manager.py:879} INFO - 
================================================================================
DAG File Processing Stats

File Path                          PID    Runtime      # DAGs    # Errors  Last Runtime    Last Run
---------------------------------  -----  ---------  --------  ----------  --------------  -------------------
/opt/airflow/dags/projeto2_etl.py                           0           0  0.84s           2025-04-17T05:38:57
/opt/airflow/dags/projeto2_dag.py                           1           0  1.09s           2025-04-17T05:39:04
================================================================================
[2025-04-17T05:39:39.396+0000] {manager.py:738} INFO - Searching for files in /opt/airflow/dags
[2025-04-17T05:39:39.399+0000] {manager.py:741} INFO - There are 2 files in /opt/airflow/dags
[2025-04-17T05:39:48.477+0000] {manager.py:879} INFO - 
================================================================================
DAG File Processing Stats

File Path                          PID    Runtime      # DAGs    # Errors  Last Runtime    Last Run
---------------------------------  -----  ---------  --------  ----------  --------------  -------------------
/opt/airflow/dags/projeto2_etl.py                           0           0  0.85s           2025-04-17T05:39:29
/opt/airflow/dags/projeto2_dag.py                           1           0  1.09s           2025-04-17T05:39:35
================================================================================
[2025-04-17T05:40:18.773+0000] {manager.py:879} INFO - 
================================================================================
DAG File Processing Stats

File Path                          PID    Runtime      # DAGs    # Errors  Last Runtime    Last Run
---------------------------------  -----  ---------  --------  ----------  --------------  -------------------
/opt/airflow/dags/projeto2_etl.py                           0           0  0.70s           2025-04-17T05:40:00
/opt/airflow/dags/projeto2_dag.py                           1           0  1.65s           2025-04-17T05:40:07
================================================================================
[2025-04-17T05:40:48.879+0000] {manager.py:879} INFO - 
================================================================================
DAG File Processing Stats

File Path                          PID    Runtime      # DAGs    # Errors  Last Runtime    Last Run
---------------------------------  -----  ---------  --------  ----------  --------------  -------------------
/opt/airflow/dags/projeto2_etl.py                           0           0  1.08s           2025-04-17T05:40:31
/opt/airflow/dags/projeto2_dag.py                           1           0  1.27s           2025-04-17T05:40:38
================================================================================
[2025-04-17T05:41:19.049+0000] {manager.py:879} INFO - 
================================================================================
DAG File Processing Stats

File Path                          PID    Runtime      # DAGs    # Errors  Last Runtime    Last Run
---------------------------------  -----  ---------  --------  ----------  --------------  -------------------
/opt/airflow/dags/projeto2_etl.py                           0           0  0.84s           2025-04-17T05:41:02
/opt/airflow/dags/projeto2_dag.py                           1           0  1.07s           2025-04-17T05:41:10
================================================================================
[2025-04-17T05:41:49.053+0000] {manager.py:879} INFO - 
================================================================================
DAG File Processing Stats

File Path                          PID    Runtime      # DAGs    # Errors  Last Runtime    Last Run
---------------------------------  -----  ---------  --------  ----------  --------------  -------------------
/opt/airflow/dags/projeto2_etl.py                           0           0  0.83s           2025-04-17T05:41:33
/opt/airflow/dags/projeto2_dag.py                           1           0  0.99s           2025-04-17T05:41:41
================================================================================
[2025-04-17T05:42:19.432+0000] {manager.py:879} INFO - 
================================================================================
DAG File Processing Stats

File Path                          PID    Runtime      # DAGs    # Errors  Last Runtime    Last Run
---------------------------------  -----  ---------  --------  ----------  --------------  -------------------
/opt/airflow/dags/projeto2_etl.py                           0           0  0.87s           2025-04-17T05:42:05
/opt/airflow/dags/projeto2_dag.py                           1           0  1.33s           2025-04-17T05:42:12
================================================================================
[2025-04-17T05:42:49.948+0000] {manager.py:879} INFO - 
================================================================================
DAG File Processing Stats

File Path                          PID    Runtime      # DAGs    # Errors  Last Runtime    Last Run
---------------------------------  -----  ---------  --------  ----------  --------------  -------------------
/opt/airflow/dags/projeto2_etl.py                           0           0  0.85s           2025-04-17T05:42:36
/opt/airflow/dags/projeto2_dag.py                           1           0  1.05s           2025-04-17T05:42:43
================================================================================
[2025-04-17T05:43:20.181+0000] {manager.py:879} INFO - 
================================================================================
DAG File Processing Stats

File Path                          PID    Runtime      # DAGs    # Errors  Last Runtime    Last Run
---------------------------------  -----  ---------  --------  ----------  --------------  -------------------
/opt/airflow/dags/projeto2_etl.py                           0           0  0.85s           2025-04-17T05:43:07
/opt/airflow/dags/projeto2_dag.py                           1           0  1.05s           2025-04-17T05:43:15
================================================================================
[2025-04-17T05:43:50.696+0000] {manager.py:879} INFO - 
================================================================================
DAG File Processing Stats

File Path                          PID    Runtime      # DAGs    # Errors  Last Runtime    Last Run
---------------------------------  -----  ---------  --------  ----------  --------------  -------------------
/opt/airflow/dags/projeto2_etl.py                           0           0  1.28s           2025-04-17T05:43:39
/opt/airflow/dags/projeto2_dag.py                           1           0  1.50s           2025-04-17T05:43:46
================================================================================
[2025-04-17T05:43:55.333+0000] {manager.py:451} INFO - Exiting gracefully upon receiving signal 15
[2025-04-24T00:26:01.230+0000] {manager.py:469} INFO - Processing files using up to 2 processes at a time 
[2025-04-24T00:26:01.236+0000] {manager.py:470} INFO - Process each file at most once every 30 seconds
[2025-04-24T00:26:01.236+0000] {manager.py:471} INFO - Checking for new files in /opt/airflow/dags every 300 seconds
[2025-04-24T00:26:01.237+0000] {manager.py:738} INFO - Searching for files in /opt/airflow/dags
[2025-04-24T00:26:01.264+0000] {manager.py:741} INFO - There are 2 files in /opt/airflow/dags
[2025-04-24T00:26:01.766+0000] {manager.py:879} INFO - 
================================================================================
DAG File Processing Stats

File Path                            PID  Runtime      # DAGs    # Errors  Last Runtime    Last Run
---------------------------------  -----  ---------  --------  ----------  --------------  ----------
/opt/airflow/dags/projeto2_etl.py     53  0.29s             0           0
/opt/airflow/dags/projeto2_dag.py     54  0.25s             0           0
================================================================================
[2025-04-24T00:28:09.540+0000] {manager.py:879} INFO - 
================================================================================
DAG File Processing Stats

File Path                          PID    Runtime      # DAGs    # Errors  Last Runtime    Last Run
---------------------------------  -----  ---------  --------  ----------  --------------  -------------------
/opt/airflow/dags/projeto2_etl.py                           0           0  1.67s           2025-04-24T00:27:46
/opt/airflow/dags/projeto2_dag.py                           1           0  2.04s           2025-04-24T00:27:47
================================================================================
[2025-04-24T00:28:39.619+0000] {manager.py:879} INFO - 
================================================================================
DAG File Processing Stats

File Path                          PID    Runtime      # DAGs    # Errors  Last Runtime    Last Run
---------------------------------  -----  ---------  --------  ----------  --------------  -------------------
/opt/airflow/dags/projeto2_etl.py                           0           0  1.57s           2025-04-24T00:28:18
/opt/airflow/dags/projeto2_dag.py                           1           0  1.78s           2025-04-24T00:28:19
================================================================================
[2025-04-24T00:29:09.661+0000] {manager.py:879} INFO - 
================================================================================
DAG File Processing Stats

File Path                          PID    Runtime      # DAGs    # Errors  Last Runtime    Last Run
---------------------------------  -----  ---------  --------  ----------  --------------  -------------------
/opt/airflow/dags/projeto2_etl.py                           0           0  0.61s           2025-04-24T00:28:49
/opt/airflow/dags/projeto2_dag.py                           1           0  0.82s           2025-04-24T00:28:50
================================================================================
[2025-04-24T00:29:40.646+0000] {manager.py:879} INFO - 
================================================================================
DAG File Processing Stats

File Path                          PID    Runtime      # DAGs    # Errors  Last Runtime    Last Run
---------------------------------  -----  ---------  --------  ----------  --------------  -------------------
/opt/airflow/dags/projeto2_etl.py                           0           0  0.58s           2025-04-24T00:29:20
/opt/airflow/dags/projeto2_dag.py                           1           0  1.15s           2025-04-24T00:29:22
================================================================================
[2025-04-24T00:30:10.687+0000] {manager.py:879} INFO - 
================================================================================
DAG File Processing Stats

File Path                          PID    Runtime      # DAGs    # Errors  Last Runtime    Last Run
---------------------------------  -----  ---------  --------  ----------  --------------  -------------------
/opt/airflow/dags/projeto2_etl.py                           0           0  1.12s           2025-04-24T00:29:51
/opt/airflow/dags/projeto2_dag.py                           1           0  1.11s           2025-04-24T00:29:53
================================================================================
[2025-04-24T00:30:40.844+0000] {manager.py:879} INFO - 
================================================================================
DAG File Processing Stats

File Path                          PID    Runtime      # DAGs    # Errors  Last Runtime    Last Run
---------------------------------  -----  ---------  --------  ----------  --------------  -------------------
/opt/airflow/dags/projeto2_etl.py                           0           0  0.72s           2025-04-24T00:30:22
/opt/airflow/dags/projeto2_dag.py                           1           0  0.85s           2025-04-24T00:30:24
================================================================================
[2025-04-24T00:31:01.652+0000] {manager.py:738} INFO - Searching for files in /opt/airflow/dags
[2025-04-24T00:31:01.656+0000] {manager.py:741} INFO - There are 2 files in /opt/airflow/dags
[2025-04-24T00:31:11.117+0000] {manager.py:879} INFO - 
================================================================================
DAG File Processing Stats

File Path                          PID    Runtime      # DAGs    # Errors  Last Runtime    Last Run
---------------------------------  -----  ---------  --------  ----------  --------------  -------------------
/opt/airflow/dags/projeto2_etl.py                           0           0  0.63s           2025-04-24T00:30:53
/opt/airflow/dags/projeto2_dag.py                           1           0  0.93s           2025-04-24T00:30:56
================================================================================
[2025-04-24T00:31:41.893+0000] {manager.py:879} INFO - 
================================================================================
DAG File Processing Stats

File Path                          PID    Runtime      # DAGs    # Errors  Last Runtime    Last Run
---------------------------------  -----  ---------  --------  ----------  --------------  -------------------
/opt/airflow/dags/projeto2_etl.py                           0           0  0.95s           2025-04-24T00:31:24
/opt/airflow/dags/projeto2_dag.py                           1           0  0.86s           2025-04-24T00:31:27
================================================================================
[2025-04-24T00:32:12.156+0000] {manager.py:879} INFO - 
================================================================================
DAG File Processing Stats

File Path                          PID    Runtime      # DAGs    # Errors  Last Runtime    Last Run
---------------------------------  -----  ---------  --------  ----------  --------------  -------------------
/opt/airflow/dags/projeto2_etl.py                           0           0  0.61s           2025-04-24T00:31:55
/opt/airflow/dags/projeto2_dag.py                           1           0  1.02s           2025-04-24T00:31:58
================================================================================
[2025-04-24T00:32:42.577+0000] {manager.py:879} INFO - 
================================================================================
DAG File Processing Stats

File Path                          PID    Runtime      # DAGs    # Errors  Last Runtime    Last Run
---------------------------------  -----  ---------  --------  ----------  --------------  -------------------
/opt/airflow/dags/projeto2_etl.py                           0           0  0.43s           2025-04-24T00:32:26
/opt/airflow/dags/projeto2_dag.py                           1           0  1.10s           2025-04-24T00:32:29
================================================================================
[2025-04-24T00:33:13.270+0000] {manager.py:879} INFO - 
================================================================================
DAG File Processing Stats

File Path                          PID    Runtime      # DAGs    # Errors  Last Runtime    Last Run
---------------------------------  -----  ---------  --------  ----------  --------------  -------------------
/opt/airflow/dags/projeto2_etl.py                           0           0  0.59s           2025-04-24T00:32:57
/opt/airflow/dags/projeto2_dag.py                           1           0  0.87s           2025-04-24T00:33:00
================================================================================
[2025-04-24T00:33:43.447+0000] {manager.py:879} INFO - 
================================================================================
DAG File Processing Stats

File Path                          PID    Runtime      # DAGs    # Errors  Last Runtime    Last Run
---------------------------------  -----  ---------  --------  ----------  --------------  -------------------
/opt/airflow/dags/projeto2_etl.py                           0           0  0.61s           2025-04-24T00:33:28
/opt/airflow/dags/projeto2_dag.py                           1           0  0.93s           2025-04-24T00:33:31
================================================================================
[2025-04-24T00:34:13.632+0000] {manager.py:879} INFO - 
================================================================================
DAG File Processing Stats

File Path                          PID    Runtime      # DAGs    # Errors  Last Runtime    Last Run
---------------------------------  -----  ---------  --------  ----------  --------------  -------------------
/opt/airflow/dags/projeto2_etl.py                           0           0  0.70s           2025-04-24T00:33:59
/opt/airflow/dags/projeto2_dag.py                           1           0  0.83s           2025-04-24T00:34:02
================================================================================
[2025-04-24T00:34:43.836+0000] {manager.py:879} INFO - 
================================================================================
DAG File Processing Stats

File Path                          PID    Runtime      # DAGs    # Errors  Last Runtime    Last Run
---------------------------------  -----  ---------  --------  ----------  --------------  -------------------
/opt/airflow/dags/projeto2_etl.py                           0           0  0.63s           2025-04-24T00:34:30
/opt/airflow/dags/projeto2_dag.py                           1           0  0.75s           2025-04-24T00:34:33
================================================================================
[2025-04-24T00:35:13.970+0000] {manager.py:879} INFO - 
================================================================================
DAG File Processing Stats

File Path                          PID    Runtime      # DAGs    # Errors  Last Runtime    Last Run
---------------------------------  -----  ---------  --------  ----------  --------------  -------------------
/opt/airflow/dags/projeto2_etl.py                           0           0  0.67s           2025-04-24T00:35:01
/opt/airflow/dags/projeto2_dag.py                           1           0  0.77s           2025-04-24T00:35:04
================================================================================
[2025-04-24T00:35:43.981+0000] {manager.py:879} INFO - 
================================================================================
DAG File Processing Stats

File Path                          PID    Runtime      # DAGs    # Errors  Last Runtime    Last Run
---------------------------------  -----  ---------  --------  ----------  --------------  -------------------
/opt/airflow/dags/projeto2_etl.py                           0           0  0.62s           2025-04-24T00:35:32
/opt/airflow/dags/projeto2_dag.py                           1           0  0.75s           2025-04-24T00:35:35
================================================================================
[2025-04-24T00:36:01.702+0000] {manager.py:738} INFO - Searching for files in /opt/airflow/dags
[2025-04-24T00:36:01.706+0000] {manager.py:741} INFO - There are 2 files in /opt/airflow/dags
[2025-04-24T00:36:14.725+0000] {manager.py:879} INFO - 
================================================================================
DAG File Processing Stats

File Path                          PID    Runtime      # DAGs    # Errors  Last Runtime    Last Run
---------------------------------  -----  ---------  --------  ----------  --------------  -------------------
/opt/airflow/dags/projeto2_etl.py                           0           0  0.58s           2025-04-24T00:36:03
/opt/airflow/dags/projeto2_dag.py                           1           0  0.73s           2025-04-24T00:36:07
================================================================================
[2025-04-24T00:36:45.149+0000] {manager.py:879} INFO - 
================================================================================
DAG File Processing Stats

File Path                          PID    Runtime      # DAGs    # Errors  Last Runtime    Last Run
---------------------------------  -----  ---------  --------  ----------  --------------  -------------------
/opt/airflow/dags/projeto2_etl.py                           0           0  0.55s           2025-04-24T00:36:34
/opt/airflow/dags/projeto2_dag.py                           1           0  0.74s           2025-04-24T00:36:38
================================================================================
[2025-04-24T00:37:16.600+0000] {manager.py:879} INFO - 
================================================================================
DAG File Processing Stats

File Path                          PID    Runtime      # DAGs    # Errors  Last Runtime    Last Run
---------------------------------  -----  ---------  --------  ----------  --------------  -------------------
/opt/airflow/dags/projeto2_etl.py                           0           0  0.56s           2025-04-24T00:37:05
/opt/airflow/dags/projeto2_dag.py                           1           0  0.72s           2025-04-24T00:37:09
================================================================================
[2025-04-24T00:37:46.781+0000] {manager.py:879} INFO - 
================================================================================
DAG File Processing Stats

File Path                          PID    Runtime      # DAGs    # Errors  Last Runtime    Last Run
---------------------------------  -----  ---------  --------  ----------  --------------  -------------------
/opt/airflow/dags/projeto2_etl.py                           0           0  0.57s           2025-04-24T00:37:37
/opt/airflow/dags/projeto2_dag.py                           1           0  0.71s           2025-04-24T00:37:40
================================================================================
[2025-04-24T00:38:17.678+0000] {manager.py:879} INFO - 
================================================================================
DAG File Processing Stats

File Path                          PID    Runtime      # DAGs    # Errors  Last Runtime    Last Run
---------------------------------  -----  ---------  --------  ----------  --------------  -------------------
/opt/airflow/dags/projeto2_etl.py                           0           0  0.55s           2025-04-24T00:38:08
/opt/airflow/dags/projeto2_dag.py                           1           0  0.76s           2025-04-24T00:38:11
================================================================================
[2025-04-24T00:38:47.966+0000] {manager.py:879} INFO - 
================================================================================
DAG File Processing Stats

File Path                          PID    Runtime      # DAGs    # Errors  Last Runtime    Last Run
---------------------------------  -----  ---------  --------  ----------  --------------  -------------------
/opt/airflow/dags/projeto2_etl.py                           0           0  0.58s           2025-04-24T00:38:39
/opt/airflow/dags/projeto2_dag.py                           1           0  0.70s           2025-04-24T00:38:41
================================================================================
[2025-04-24T00:39:18.942+0000] {manager.py:879} INFO - 
================================================================================
DAG File Processing Stats

File Path                          PID    Runtime      # DAGs    # Errors  Last Runtime    Last Run
---------------------------------  -----  ---------  --------  ----------  --------------  -------------------
/opt/airflow/dags/projeto2_etl.py                           0           0  0.54s           2025-04-24T00:39:10
/opt/airflow/dags/projeto2_dag.py                           1           0  0.70s           2025-04-24T00:39:13
================================================================================
[2025-04-24T00:39:49.425+0000] {manager.py:879} INFO - 
================================================================================
DAG File Processing Stats

File Path                          PID    Runtime      # DAGs    # Errors  Last Runtime    Last Run
---------------------------------  -----  ---------  --------  ----------  --------------  -------------------
/opt/airflow/dags/projeto2_etl.py                           0           0  0.55s           2025-04-24T00:39:41
/opt/airflow/dags/projeto2_dag.py                           1           0  0.71s           2025-04-24T00:39:43
================================================================================
[2025-04-24T00:40:19.607+0000] {manager.py:879} INFO - 
================================================================================
DAG File Processing Stats

File Path                          PID    Runtime      # DAGs    # Errors  Last Runtime    Last Run
---------------------------------  -----  ---------  --------  ----------  --------------  -------------------
/opt/airflow/dags/projeto2_etl.py                           0           0  0.59s           2025-04-24T00:40:12
/opt/airflow/dags/projeto2_dag.py                           1           0  0.77s           2025-04-24T00:40:16
================================================================================
[2025-04-24T00:40:49.673+0000] {manager.py:879} INFO - 
================================================================================
DAG File Processing Stats

File Path                          PID    Runtime      # DAGs    # Errors  Last Runtime    Last Run
---------------------------------  -----  ---------  --------  ----------  --------------  -------------------
/opt/airflow/dags/projeto2_etl.py                           0           0  0.60s           2025-04-24T00:40:44
/opt/airflow/dags/projeto2_dag.py                           1           0  0.75s           2025-04-24T00:40:47
================================================================================
[2025-04-24T00:41:02.250+0000] {manager.py:738} INFO - Searching for files in /opt/airflow/dags
[2025-04-24T00:41:02.252+0000] {manager.py:741} INFO - There are 2 files in /opt/airflow/dags
[2025-04-24T00:41:20.230+0000] {manager.py:879} INFO - 
================================================================================
DAG File Processing Stats

File Path                          PID    Runtime      # DAGs    # Errors  Last Runtime    Last Run
---------------------------------  -----  ---------  --------  ----------  --------------  -------------------
/opt/airflow/dags/projeto2_etl.py                           0           0  0.59s           2025-04-24T00:41:15
/opt/airflow/dags/projeto2_dag.py                           1           0  0.72s           2025-04-24T00:41:18
================================================================================
[2025-04-24T00:41:50.662+0000] {manager.py:879} INFO - 
================================================================================
DAG File Processing Stats

File Path                          PID    Runtime      # DAGs    # Errors  Last Runtime    Last Run
---------------------------------  -----  ---------  --------  ----------  --------------  -------------------
/opt/airflow/dags/projeto2_etl.py                           0           0  0.59s           2025-04-24T00:41:45
/opt/airflow/dags/projeto2_dag.py                           1           0  0.76s           2025-04-24T00:41:49
================================================================================
[2025-04-24T00:42:20.751+0000] {manager.py:879} INFO - 
================================================================================
DAG File Processing Stats

File Path                          PID    Runtime      # DAGs    # Errors  Last Runtime    Last Run
---------------------------------  -----  ---------  --------  ----------  --------------  -------------------
/opt/airflow/dags/projeto2_etl.py                           0           0  0.56s           2025-04-24T00:42:16
/opt/airflow/dags/projeto2_dag.py                           1           0  0.73s           2025-04-24T00:42:20
================================================================================
[2025-04-24T00:42:51.165+0000] {manager.py:879} INFO - 
================================================================================
DAG File Processing Stats

File Path                            PID  Runtime      # DAGs    # Errors  Last Runtime    Last Run
---------------------------------  -----  ---------  --------  ----------  --------------  -------------------
/opt/airflow/dags/projeto2_etl.py                           0           0  0.58s           2025-04-24T00:42:47
/opt/airflow/dags/projeto2_dag.py    353  0.01s             1           0  0.73s           2025-04-24T00:42:20
================================================================================
[2025-04-24T00:43:21.803+0000] {manager.py:879} INFO - 
================================================================================
DAG File Processing Stats

File Path                          PID    Runtime      # DAGs    # Errors  Last Runtime    Last Run
---------------------------------  -----  ---------  --------  ----------  --------------  -------------------
/opt/airflow/dags/projeto2_etl.py                           0           0  0.58s           2025-04-24T00:43:19
/opt/airflow/dags/projeto2_dag.py                           1           0  0.71s           2025-04-24T00:42:51
================================================================================
[2025-04-24T00:43:51.938+0000] {manager.py:879} INFO - 
================================================================================
DAG File Processing Stats

File Path                          PID    Runtime      # DAGs    # Errors  Last Runtime    Last Run
---------------------------------  -----  ---------  --------  ----------  --------------  -------------------
/opt/airflow/dags/projeto2_etl.py                           0           0  0.57s           2025-04-24T00:43:49
/opt/airflow/dags/projeto2_dag.py                           1           0  0.72s           2025-04-24T00:43:23
================================================================================
[2025-04-24T00:44:22.725+0000] {manager.py:879} INFO - 
================================================================================
DAG File Processing Stats

File Path                          PID    Runtime      # DAGs    # Errors  Last Runtime    Last Run
---------------------------------  -----  ---------  --------  ----------  --------------  -------------------
/opt/airflow/dags/projeto2_etl.py                           0           0  0.56s           2025-04-24T00:44:20
/opt/airflow/dags/projeto2_dag.py                           1           0  0.70s           2025-04-24T00:43:54
================================================================================
[2025-04-24T00:44:52.935+0000] {manager.py:879} INFO - 
================================================================================
DAG File Processing Stats

File Path                          PID    Runtime      # DAGs    # Errors  Last Runtime    Last Run
---------------------------------  -----  ---------  --------  ----------  --------------  -------------------
/opt/airflow/dags/projeto2_etl.py                           0           0  0.56s           2025-04-24T00:44:51
/opt/airflow/dags/projeto2_dag.py                           1           0  0.73s           2025-04-24T00:44:25
================================================================================
[2025-04-24T00:45:23.115+0000] {manager.py:879} INFO - 
================================================================================
DAG File Processing Stats

File Path                          PID    Runtime      # DAGs    # Errors  Last Runtime    Last Run
---------------------------------  -----  ---------  --------  ----------  --------------  -------------------
/opt/airflow/dags/projeto2_etl.py                           0           0  0.56s           2025-04-24T00:45:22
/opt/airflow/dags/projeto2_dag.py                           1           0  0.70s           2025-04-24T00:44:56
================================================================================
[2025-04-24T00:45:53.468+0000] {manager.py:879} INFO - 
================================================================================
DAG File Processing Stats

File Path                          PID    Runtime      # DAGs    # Errors  Last Runtime    Last Run
---------------------------------  -----  ---------  --------  ----------  --------------  -------------------
/opt/airflow/dags/projeto2_etl.py                           0           0  0.57s           2025-04-24T00:45:53
/opt/airflow/dags/projeto2_dag.py                           1           0  0.71s           2025-04-24T00:45:27
================================================================================
[2025-04-24T00:46:02.624+0000] {manager.py:738} INFO - Searching for files in /opt/airflow/dags
[2025-04-24T00:46:02.625+0000] {manager.py:741} INFO - There are 2 files in /opt/airflow/dags
[2025-04-24T00:46:23.504+0000] {manager.py:879} INFO - 
================================================================================
DAG File Processing Stats

File Path                            PID  Runtime      # DAGs    # Errors  Last Runtime    Last Run
---------------------------------  -----  ---------  --------  ----------  --------------  -------------------
/opt/airflow/dags/projeto2_etl.py    421  0.01s             0           0  0.57s           2025-04-24T00:45:53
/opt/airflow/dags/projeto2_dag.py                           1           0  0.70s           2025-04-24T00:45:59
================================================================================
[2025-04-24T00:46:53.693+0000] {manager.py:879} INFO - 
================================================================================
DAG File Processing Stats

File Path                          PID    Runtime      # DAGs    # Errors  Last Runtime    Last Run
---------------------------------  -----  ---------  --------  ----------  --------------  -------------------
/opt/airflow/dags/projeto2_etl.py                           0           0  0.56s           2025-04-24T00:46:24
/opt/airflow/dags/projeto2_dag.py                           1           0  0.72s           2025-04-24T00:46:30
================================================================================
[2025-04-24T00:47:23.698+0000] {manager.py:879} INFO - 
================================================================================
DAG File Processing Stats

File Path                          PID    Runtime      # DAGs    # Errors  Last Runtime    Last Run
---------------------------------  -----  ---------  --------  ----------  --------------  -------------------
/opt/airflow/dags/projeto2_etl.py                           0           0  0.56s           2025-04-24T00:46:55
/opt/airflow/dags/projeto2_dag.py                           1           0  0.74s           2025-04-24T00:47:02
================================================================================
[2025-04-24T00:47:54.116+0000] {manager.py:879} INFO - 
================================================================================
DAG File Processing Stats

File Path                          PID    Runtime      # DAGs    # Errors  Last Runtime    Last Run
---------------------------------  -----  ---------  --------  ----------  --------------  -------------------
/opt/airflow/dags/projeto2_etl.py                           0           0  0.63s           2025-04-24T00:47:26
/opt/airflow/dags/projeto2_dag.py                           1           0  0.74s           2025-04-24T00:47:34
================================================================================
[2025-04-24T00:48:24.625+0000] {manager.py:879} INFO - 
================================================================================
DAG File Processing Stats

File Path                          PID    Runtime      # DAGs    # Errors  Last Runtime    Last Run
---------------------------------  -----  ---------  --------  ----------  --------------  -------------------
/opt/airflow/dags/projeto2_etl.py                           0           0  0.58s           2025-04-24T00:47:57
/opt/airflow/dags/projeto2_dag.py                           1           0  0.75s           2025-04-24T00:48:06
================================================================================
[2025-04-24T00:48:55.580+0000] {manager.py:879} INFO - 
================================================================================
DAG File Processing Stats

File Path                          PID    Runtime      # DAGs    # Errors  Last Runtime    Last Run
---------------------------------  -----  ---------  --------  ----------  --------------  -------------------
/opt/airflow/dags/projeto2_etl.py                           0           0  0.64s           2025-04-24T00:48:29
/opt/airflow/dags/projeto2_dag.py                           1           0  0.70s           2025-04-24T00:48:37
================================================================================
[2025-04-24T00:49:27.719+0000] {manager.py:879} INFO - 
================================================================================
DAG File Processing Stats

File Path                          PID    Runtime      # DAGs    # Errors  Last Runtime    Last Run
---------------------------------  -----  ---------  --------  ----------  --------------  -------------------
/opt/airflow/dags/projeto2_etl.py                           0           0  0.58s           2025-04-24T00:49:00
/opt/airflow/dags/projeto2_dag.py                           1           0  0.83s           2025-04-24T00:49:08
================================================================================
[2025-04-24T00:49:58.462+0000] {manager.py:879} INFO - 
================================================================================
DAG File Processing Stats

File Path                          PID    Runtime      # DAGs    # Errors  Last Runtime    Last Run
---------------------------------  -----  ---------  --------  ----------  --------------  -------------------
/opt/airflow/dags/projeto2_etl.py                           0           0  0.56s           2025-04-24T00:49:31
/opt/airflow/dags/projeto2_dag.py                           1           0  0.74s           2025-04-24T00:49:39
================================================================================
[2025-04-24T00:50:29.206+0000] {manager.py:879} INFO - 
================================================================================
DAG File Processing Stats

File Path                          PID    Runtime      # DAGs    # Errors  Last Runtime    Last Run
---------------------------------  -----  ---------  --------  ----------  --------------  -------------------
/opt/airflow/dags/projeto2_etl.py                           0           0  0.58s           2025-04-24T00:50:02
/opt/airflow/dags/projeto2_dag.py                           1           0  0.98s           2025-04-24T00:50:10
================================================================================
[2025-04-24T00:50:59.415+0000] {manager.py:879} INFO - 
================================================================================
DAG File Processing Stats

File Path                          PID    Runtime      # DAGs    # Errors  Last Runtime    Last Run
---------------------------------  -----  ---------  --------  ----------  --------------  -------------------
/opt/airflow/dags/projeto2_etl.py                           0           0  0.64s           2025-04-24T00:50:32
/opt/airflow/dags/projeto2_dag.py                           1           0  0.76s           2025-04-24T00:50:41
================================================================================
[2025-04-24T00:51:02.833+0000] {manager.py:738} INFO - Searching for files in /opt/airflow/dags
[2025-04-24T00:51:02.835+0000] {manager.py:741} INFO - There are 2 files in /opt/airflow/dags
[2025-04-24T00:51:29.490+0000] {manager.py:879} INFO - 
================================================================================
DAG File Processing Stats

File Path                          PID    Runtime      # DAGs    # Errors  Last Runtime    Last Run
---------------------------------  -----  ---------  --------  ----------  --------------  -------------------
/opt/airflow/dags/projeto2_etl.py                           0           0  0.66s           2025-04-24T00:51:04
/opt/airflow/dags/projeto2_dag.py                           1           0  0.93s           2025-04-24T00:51:12
================================================================================
[2025-04-24T00:52:00.037+0000] {manager.py:879} INFO - 
================================================================================
DAG File Processing Stats

File Path                          PID    Runtime      # DAGs    # Errors  Last Runtime    Last Run
---------------------------------  -----  ---------  --------  ----------  --------------  -------------------
/opt/airflow/dags/projeto2_etl.py                           0           0  0.59s           2025-04-24T00:51:35
/opt/airflow/dags/projeto2_dag.py                           1           0  0.95s           2025-04-24T00:51:44
================================================================================
[2025-04-24T00:52:30.333+0000] {manager.py:879} INFO - 
================================================================================
DAG File Processing Stats

File Path                          PID    Runtime      # DAGs    # Errors  Last Runtime    Last Run
---------------------------------  -----  ---------  --------  ----------  --------------  -------------------
/opt/airflow/dags/projeto2_etl.py                           0           0  0.59s           2025-04-24T00:52:06
/opt/airflow/dags/projeto2_dag.py                           1           0  1.06s           2025-04-24T00:52:15
================================================================================
[2025-04-24T00:53:00.490+0000] {manager.py:879} INFO - 
================================================================================
DAG File Processing Stats

File Path                          PID    Runtime      # DAGs    # Errors  Last Runtime    Last Run
---------------------------------  -----  ---------  --------  ----------  --------------  -------------------
/opt/airflow/dags/projeto2_etl.py                           0           0  0.67s           2025-04-24T00:52:38
/opt/airflow/dags/projeto2_dag.py                           1           0  1.19s           2025-04-24T00:52:46
================================================================================
[2025-04-24T00:53:30.534+0000] {manager.py:879} INFO - 
================================================================================
DAG File Processing Stats

File Path                          PID    Runtime      # DAGs    # Errors  Last Runtime    Last Run
---------------------------------  -----  ---------  --------  ----------  --------------  -------------------
/opt/airflow/dags/projeto2_etl.py                           0           0  0.61s           2025-04-24T00:53:09
/opt/airflow/dags/projeto2_dag.py                           1           0  0.80s           2025-04-24T00:53:17
================================================================================
[2025-04-24T00:54:01.333+0000] {manager.py:879} INFO - 
================================================================================
DAG File Processing Stats

File Path                          PID    Runtime      # DAGs    # Errors  Last Runtime    Last Run
---------------------------------  -----  ---------  --------  ----------  --------------  -------------------
/opt/airflow/dags/projeto2_etl.py                           0           0  0.58s           2025-04-24T00:53:39
/opt/airflow/dags/projeto2_dag.py                           1           0  0.73s           2025-04-24T00:53:48
================================================================================
[2025-04-24T00:54:31.500+0000] {manager.py:879} INFO - 
================================================================================
DAG File Processing Stats

File Path                          PID    Runtime      # DAGs    # Errors  Last Runtime    Last Run
---------------------------------  -----  ---------  --------  ----------  --------------  -------------------
/opt/airflow/dags/projeto2_etl.py                           0           0  0.58s           2025-04-24T00:54:10
/opt/airflow/dags/projeto2_dag.py                           1           0  0.73s           2025-04-24T00:54:19
================================================================================
[2025-04-24T00:55:02.481+0000] {manager.py:879} INFO - 
================================================================================
DAG File Processing Stats

File Path                          PID    Runtime      # DAGs    # Errors  Last Runtime    Last Run
---------------------------------  -----  ---------  --------  ----------  --------------  -------------------
/opt/airflow/dags/projeto2_etl.py                           0           0  0.56s           2025-04-24T00:54:42
/opt/airflow/dags/projeto2_dag.py                           1           0  0.73s           2025-04-24T00:54:50
================================================================================
[2025-04-24T00:55:32.764+0000] {manager.py:879} INFO - 
================================================================================
DAG File Processing Stats

File Path                          PID    Runtime      # DAGs    # Errors  Last Runtime    Last Run
---------------------------------  -----  ---------  --------  ----------  --------------  -------------------
/opt/airflow/dags/projeto2_etl.py                           0           0  0.59s           2025-04-24T00:55:13
/opt/airflow/dags/projeto2_dag.py                           1           0  0.72s           2025-04-24T00:55:21
================================================================================
[2025-04-24T00:56:03.119+0000] {manager.py:738} INFO - Searching for files in /opt/airflow/dags
[2025-04-24T00:56:03.121+0000] {manager.py:741} INFO - There are 2 files in /opt/airflow/dags
[2025-04-24T00:56:03.130+0000] {manager.py:879} INFO - 
================================================================================
DAG File Processing Stats

File Path                          PID    Runtime      # DAGs    # Errors  Last Runtime    Last Run
---------------------------------  -----  ---------  --------  ----------  --------------  -------------------
/opt/airflow/dags/projeto2_etl.py                           0           0  0.57s           2025-04-24T00:55:44
/opt/airflow/dags/projeto2_dag.py                           1           0  0.71s           2025-04-24T00:55:52
================================================================================
[2025-04-24T00:56:33.199+0000] {manager.py:879} INFO - 
================================================================================
DAG File Processing Stats

File Path                          PID    Runtime      # DAGs    # Errors  Last Runtime    Last Run
---------------------------------  -----  ---------  --------  ----------  --------------  -------------------
/opt/airflow/dags/projeto2_etl.py                           0           0  0.58s           2025-04-24T00:56:14
/opt/airflow/dags/projeto2_dag.py                           1           0  0.71s           2025-04-24T00:56:23
================================================================================
[2025-04-24T00:57:03.845+0000] {manager.py:879} INFO - 
================================================================================
DAG File Processing Stats

File Path                          PID    Runtime      # DAGs    # Errors  Last Runtime    Last Run
---------------------------------  -----  ---------  --------  ----------  --------------  -------------------
/opt/airflow/dags/projeto2_etl.py                           0           0  0.61s           2025-04-24T00:56:46
/opt/airflow/dags/projeto2_dag.py                           1           0  0.73s           2025-04-24T00:56:54
================================================================================
[2025-04-24T00:57:34.371+0000] {manager.py:879} INFO - 
================================================================================
DAG File Processing Stats

File Path                          PID    Runtime      # DAGs    # Errors  Last Runtime    Last Run
---------------------------------  -----  ---------  --------  ----------  --------------  -------------------
/opt/airflow/dags/projeto2_etl.py                           0           0  0.63s           2025-04-24T00:57:17
/opt/airflow/dags/projeto2_dag.py                           1           0  0.80s           2025-04-24T00:57:25
================================================================================
[2025-04-24T00:58:05.163+0000] {manager.py:879} INFO - 
================================================================================
DAG File Processing Stats

File Path                          PID    Runtime      # DAGs    # Errors  Last Runtime    Last Run
---------------------------------  -----  ---------  --------  ----------  --------------  -------------------
/opt/airflow/dags/projeto2_etl.py                           0           0  0.58s           2025-04-24T00:57:48
/opt/airflow/dags/projeto2_dag.py                           1           0  0.76s           2025-04-24T00:57:56
================================================================================
[2025-04-24T00:58:35.912+0000] {manager.py:879} INFO - 
================================================================================
DAG File Processing Stats

File Path                          PID    Runtime      # DAGs    # Errors  Last Runtime    Last Run
---------------------------------  -----  ---------  --------  ----------  --------------  -------------------
/opt/airflow/dags/projeto2_etl.py                           0           0  0.59s           2025-04-24T00:58:20
/opt/airflow/dags/projeto2_dag.py                           1           0  0.75s           2025-04-24T00:58:28
================================================================================
[2025-04-24T00:59:06.190+0000] {manager.py:879} INFO - 
================================================================================
DAG File Processing Stats

File Path                          PID    Runtime      # DAGs    # Errors  Last Runtime    Last Run
---------------------------------  -----  ---------  --------  ----------  --------------  -------------------
/opt/airflow/dags/projeto2_etl.py                           0           0  0.58s           2025-04-24T00:58:51
/opt/airflow/dags/projeto2_dag.py                           1           0  0.73s           2025-04-24T00:58:59
================================================================================
[2025-04-24T00:59:36.381+0000] {manager.py:879} INFO - 
================================================================================
DAG File Processing Stats

File Path                          PID    Runtime      # DAGs    # Errors  Last Runtime    Last Run
---------------------------------  -----  ---------  --------  ----------  --------------  -------------------
/opt/airflow/dags/projeto2_etl.py                           0           0  0.61s           2025-04-24T00:59:21
/opt/airflow/dags/projeto2_dag.py                           1           0  0.75s           2025-04-24T00:59:30
================================================================================
[2025-04-24T01:00:06.517+0000] {manager.py:879} INFO - 
================================================================================
DAG File Processing Stats

File Path                          PID    Runtime      # DAGs    # Errors  Last Runtime    Last Run
---------------------------------  -----  ---------  --------  ----------  --------------  -------------------
/opt/airflow/dags/projeto2_etl.py                           0           0  0.63s           2025-04-24T00:59:53
/opt/airflow/dags/projeto2_dag.py                           1           0  0.71s           2025-04-24T01:00:01
================================================================================
[2025-04-24T01:00:36.672+0000] {manager.py:879} INFO - 
================================================================================
DAG File Processing Stats

File Path                          PID    Runtime      # DAGs    # Errors  Last Runtime    Last Run
---------------------------------  -----  ---------  --------  ----------  --------------  -------------------
/opt/airflow/dags/projeto2_etl.py                           0           0  0.60s           2025-04-24T01:00:24
/opt/airflow/dags/projeto2_dag.py                           1           0  0.70s           2025-04-24T01:00:32
================================================================================
[2025-04-24T01:01:03.993+0000] {manager.py:738} INFO - Searching for files in /opt/airflow/dags
[2025-04-24T01:01:03.996+0000] {manager.py:741} INFO - There are 2 files in /opt/airflow/dags
[2025-04-24T01:01:07.119+0000] {manager.py:879} INFO - 
================================================================================
DAG File Processing Stats

File Path                          PID    Runtime      # DAGs    # Errors  Last Runtime    Last Run
---------------------------------  -----  ---------  --------  ----------  --------------  -------------------
/opt/airflow/dags/projeto2_etl.py                           0           0  1.11s           2025-04-24T01:00:55
/opt/airflow/dags/projeto2_dag.py                           1           0  1.25s           2025-04-24T01:01:04
================================================================================
[2025-04-24T01:01:37.225+0000] {manager.py:879} INFO - 
================================================================================
DAG File Processing Stats

File Path                          PID    Runtime      # DAGs    # Errors  Last Runtime    Last Run
---------------------------------  -----  ---------  --------  ----------  --------------  -------------------
/opt/airflow/dags/projeto2_etl.py                           0           0  0.58s           2025-04-24T01:01:26
/opt/airflow/dags/projeto2_dag.py                           1           0  0.76s           2025-04-24T01:01:35
================================================================================
[2025-04-24T01:02:07.959+0000] {manager.py:879} INFO - 
================================================================================
DAG File Processing Stats

File Path                          PID    Runtime      # DAGs    # Errors  Last Runtime    Last Run
---------------------------------  -----  ---------  --------  ----------  --------------  -------------------
/opt/airflow/dags/projeto2_etl.py                           0           0  0.58s           2025-04-24T01:01:58
/opt/airflow/dags/projeto2_dag.py                           1           0  0.71s           2025-04-24T01:02:06
================================================================================
[2025-04-24T01:02:38.296+0000] {manager.py:879} INFO - 
================================================================================
DAG File Processing Stats

File Path                            PID  Runtime      # DAGs    # Errors  Last Runtime    Last Run
---------------------------------  -----  ---------  --------  ----------  --------------  -------------------
/opt/airflow/dags/projeto2_etl.py                           0           0  0.59s           2025-04-24T01:02:29
/opt/airflow/dags/projeto2_dag.py    737  1.02s             1           0  0.71s           2025-04-24T01:02:06
================================================================================
[2025-04-24T01:03:08.634+0000] {manager.py:879} INFO - 
================================================================================
DAG File Processing Stats

File Path                            PID  Runtime      # DAGs    # Errors  Last Runtime    Last Run
---------------------------------  -----  ---------  --------  ----------  --------------  -------------------
/opt/airflow/dags/projeto2_etl.py                           0           0  0.58s           2025-04-24T01:03:00
/opt/airflow/dags/projeto2_dag.py    747  0.01s             1           0  1.10s           2025-04-24T01:02:38
================================================================================
[2025-04-24T01:03:38.883+0000] {manager.py:879} INFO - 
================================================================================
DAG File Processing Stats

File Path                          PID    Runtime      # DAGs    # Errors  Last Runtime    Last Run
---------------------------------  -----  ---------  --------  ----------  --------------  -------------------
/opt/airflow/dags/projeto2_etl.py                           0           0  0.59s           2025-04-24T01:03:31
/opt/airflow/dags/projeto2_dag.py                           1           0  0.72s           2025-04-24T01:03:09
================================================================================
